7693560
25403597
2606798
44603328
2893782
5306878
9641512
20517360
19081062
4268266
3647354
1821687
10096842
14034600
7624899
1462296
14080582
3078812
5446467
3314490
12102732
12648543
3951008
5541915
15398208
16784988
2845276
160875
26673745
6157944
6230870
2961740
6122847
2337608
240352
6721
1412330
27577358
4053440
5803843
36706968
24477624
27200307
23869080
1527218
7048534
29810696
16240176
36958749
5686335
2182840
185948
5581449
9796961
17029776
10079840
1489038
316524
1653000
7107872
2564137
6827229
531263
3208701
18499163
1664006
3821067
136625
26886605
4390898
8991410
16115537
9995150
30138336
11737440
6150410
46778508
