15890
24069
5000
1074
15201
19280
23098
20366
602
28403
1420
19307
13509
5510
2702
15450
2940
28000
24022
910
23500
20295
9410
21170
29320
24304
13500
12470
14800
29590
25604
19902
13470
22604
11087
10533
17650
21690
5300
1079
17760
3360
32013
10153
28940
11302
9290
30689
7402
24804
3607
22910
16170
10904
12703
26062
18670
30147
31600
28502
19900
2084
7306
22093
31807
15740
11260
11605
26600
5205
5801
11505
7930
2270
24590
31305
5650
17602
12820
14507
24207
6200
16308
28907
12015
18430
29430
17202
15670
10855
28303
28360
25960
4970
24087
8950
9007
3810
6042
9400
23028
29053
2607
17970
28023
12901
32720
10020
10830
6019
11803
19091
32407
13066
5507
32025
408
12202
13040
1780
19890
27904
32807
12803
10125
27607
17170
7710
30653
2960
12290
25504
4700
5520
22907
3005
20258
6808
28507
21038
29740
7402
21061
14910
27405
4703
29008
29509
19706
10713
31770
3450
14405
28014
25200
32320
31302
11140
9570
29900
2071
13501
30664
32206
18023
26704
11920
31300
8840
4013
290
24707
31023
3320
6460
21450
21200
21870
30117
1907
26500
16094
6200
29408
31600
7250
1990
22430
1010
10751
8042
5017
8960
19002
12607
18601
27902
4710
29750
19900
1240
9180
18048
30129
170
24604
15700
9080
9062
23920
1202
11703
26590
14065
4610
5010
21780
10699
8970
505
10768
32804
3001
10021
21803
19590
24160
22404
15408
31300
21700
709
21830
9920
4790
30295
4023
20014
14400
30086
2990
18870
16540
6970
9064
6970
13170
2970
17330
1607
9260
480
5058
1180
1030
6970
28320
31607
16803
32504
10788
19026
14800
21705
12780
10340
30498
1705
28012
20466
17580
22070
31084
31605
3007
16800
12590
12606
1708
14203
1500
25010
16360
7013
10020
20791
25407
7007
31860
22430
23903
21300
28011
27180
19990
16705
30929
31082
18082
2804
8087
7601
23804
4580
6960
4804
2170
22503
26410
1017
22084
13062
6702
11370
26804
21300
2590
15800
17087
5410
19901
8520
29590
10321
31640
510
31601
970
18560
10725
5010
10001
27980
12018
15005
13470
24400
28302
6307
20780
23500
23290
11400
23307
15450
5840
19906
27980
8940
25200
32170
13307
28760
22707
1607
4970
3013
31203
27802
6084
32590
2704
12096
16240
23400
15570
22720
2701
29570
12470
24304
25080
25807
15870
21290
19301
28036
4304
25804
28001
6204
5960
11700
25707
12770
15800
22690
26404
4980
31305
2980
15082
14980
10812
11502
30869
12504
16102
29002
8290
18047
14603
15705
32430
6305
30071
21720
24690
27407
19202
23950
6206
20461
29930
11600
21069
8606
20687
27570
14600
18750
27410
680
26850
22830
23200
24200
13980
29802
28140
32380
16880
1700
10069
22000
23304
19990
2600
31703
13905
13012
13700
11200
29240
28803
21307
5802
27304
3430
21170
710
23804
9062
29970
15350
24043
31150
11140
22006
7640
27507
16880
15005
31705
8740
23707
2980
27490
6802
17300
21050
10602
970
200
430
16250
24602
19150
17404
22760
830
17102
7970
26390
22570
140
25073
5701
31240
27900
26098
4710
7530
29440
8180
6608
17940
30729
32800
25670
21780
10798
8950
22021
23390
7303
20551
1066
17608
13220
20375
2500
20947
25094
1000
11203
24001
13500
24290
20017
30834
12140
8420
14407
20123
31150
26800
10338
25205
23304
5602
14840
4980
1703
30329
6520
30697
14740
19210
1201
1303
9840
5065
10575
1860
12404
13035
16202
27404
31505
23807
530
21340
17190
22590
29706
1805
3609
3810
29720
9370
9490
28300
8310
11270
24800
6410
3220
22604
18480
25607
17705
18250
31370
10947
9203
29087
28205
28507
30161
29801
31501
17980
28092
10407
14405
7840
27180
3205
10370
19720
2320
31405
14000
28002
3089
13600
304
5012
