100000000010802
100000000027167
100000000008089
100000000004273
100000000017747
100000000016580
100000000023562
100000000028797
100000000015392
100000000030057
100000000029345
100000000010510
100000000010870
100000000015302
100000000013788
100000000010701
100000000019477
100000000001688
100000000020317
100000000004712
100000000012064
100000000020000
100000000014954
100000000000339
100000000030367
100000000026274
100000000020076
100000000029253
100000000011517
100000000026343
100000000022897
100000000011447
100000000009867
100000000007868
100000000019114
100000000017000
100000000029691
100000000007537
100000000027885
100000000007644
100000000025829
100000000018523
100000000012596
100000000008408
100000000006726
100000000000338
100000000002331
100000000021224
100000000010491
100000000023859
100000000020838
100000000008153
100000000019531
100000000027231
100000000019578
100000000009791
100000000010330
100000000001851
100000000011487
100000000005616
100000000007351
100000000018606
100000000012228
100000000007815
100000000009935
100000000028838
100000000018299
100000000028131
100000000021623
100000000029844
100000000022008
100000000016037
100000000018023
100000000005099
