27035
16430
18690
18703
6520
7079
6510
970
13940
24804
29980
4940
22700
18108
7808
3910
22300
630
16300
25980
24504
26200
19086
5170
6044
7504
24027
24170
20270
28407
17049
7700
17200
6020
30195
8970
28560
11700
17370
7970
29200
6490
28980
10574
32096
6205
30176
18300
23400
22804
18870
3807
32300
7140
15205
21240
9350
28302
23990
25400
2920
28507
200
23040
12605
8810
15503
31480
9830
24205
3205
8840
29401
15503
30747
16130
1470
8610
20371
27150
14800
21830
29850
31808
26270
9990
13760
16700
1076
9580
14405
13304
23702
25850
29701
20377
20172
22004
15305
27590
8640
11007
23044
11203
25703
20483
14820
32043
25740
28860
8750
9950
11703
3360
32760
26804
7490
9390
16605
8072
630
26400
15705
6810
22008
32604
13207
20477
30655
26510
21270
19980
970
20671
21600
7907
12760
6520
9590
19750
19804
20834
9520
28607
12903
22000
27404
18150
25500
29105
9082
28807
10749
6290
31570
7810
19160
10880
5980
27803
18200
19540
8510
15011
12170
19702
25011
7302
1705
7300
27140
22604
13066
21043
20253
29706
860
17460
29830
22170
15890
11303
26018
29505
18036
24360
16905
2600
20058
5200
13780
30243
6200
14800
1550
2950
18730
23804
10799
1507
19840
8085
30399
1880
18801
16403
22590
9960
6990
11707
7206
3900
28607
12440
20034
10911
25400
8320
8320
26390
13280
10590
26270
32404
1490
9390
8400
22901
13230
32098
5320
31705
12907
10211
31506
1025
970
10232
14006
14600
13703
10102
8970
10425
31707
7504
25800
22500
19160
307
26203
32210
3840
6044
16705
22130
27600
17071
20465
32210
4804
27706
18607
24603
8190
31405
26150
14204
5030
22380
8850
7030
19880
1800
709
7708
9650
19901
28650
31603
2390
26390
8804
22804
12760
19350
7304
4004
25880
2404
13206
4610
18410
9930
11605
21407
16840
7402
26507
19202
28201
23504
4830
32605
7970
24990
130
10055
28740
24706
30579
22304
26990
30390
9290
16170
12470
29540
3970
31507
19680
11505
10905
28980
30773
27000
27025
14300
950
21408
28007
10169
17902
502
16083
22107
9302
3028
6520
15990
7980
13005
17012
27700
30334
5970
31500
15350
24160
31600
29205
10710
16007
9026
21590
11903
1604
12840
25930
11708
3840
9400
10290
30459
3810
22301
7600
20868
6510
7088
3010
7206
13607
24990
22603
31570
31780
27203
30091
6205
20068
4410
23290
28044
5460
8970
4099
10490
5550
15907
18180
5990
20703
21803
1770
8703
31470
10457
26804
25110
30893
26160
22503
14860
30151
18980
32807
1705
1300
22600
9180
23630
21503
8720
8740
22390
27807
7710
32004
30818
2307
2703
30265
5204
29710
27102
14408
20997
32320
1170
4420
14700
32400
130
15620
20797
25720
2407
16602
20107
23780
1320
21705
21069
602
23430
24000
14470
8019
19407
31301
30140
907
21640
6810
1890
25504
10383
11301
28750
19450
14038
21607
18605
9560
16401
14950
23304
17503
32048
25200
21770
3809
22201
5909
950
11307
10835
26055
8840
18702
8970
10027
14920
26950
6507
6950
4460
19076
5710
4503
9780
22350
19890
10040
16605
10345
14807
3810
4307
6307
17023
27500
23304
26106
29202
15065
14404
26003
15390
20850
26001
17604
21704
25403
8007
23760
5801
7803
4970
5307
30812
22420
23740
21400
5610
16770
5000
970
17260
14830
27500
9400
14000
9047
24901
28088
15405
20221
31402
330
32320
30692
5042
11780
23034
19803
15905
16840
18670
3320
12002
27960
21504
11700
15703
13220
7303
6808
29202
29055
29074
31470
9303
27604
30384
4620
10680
29012
23207
8960
5025
4808
7590
28980
32430
24502
26290
17605
28570
15170
28190
3320
17570
16000
28307
708
12550
11055
12170
26660
19802
28100
6808
20698
13600
12305
24804
32101
13702
31704
12880
17780
3220
