10000031933
10000012642
10000013020
10000000445
10000022184
10000007774
10000013157
10000010690
10000026006
10000015272
10000004884
10000031173
10000026974
10000010425
10000022064
10000018754
10000011863
10000005551
10000014019
10000029592
10000017374
10000011725
10000025372
10000002700
10000017107
10000004599
10000019534
10000006340
10000009245
10000025399
10000001198
10000029773
10000010018
10000023867
10000011865
10000008470
10000018511
10000000212
10000031148
10000017267
10000018326
10000020088
10000013258
10000008859
10000016107
10000004289
10000025881
10000015146
10000018630
10000014060
10000032709
10000024992
10000013988
10000016219
10000007740
10000029920
10000022406
10000012819
10000020913
10000008369
10000020081
10000011071
10000000153
10000012352
10000030956
10000030123
10000021808
10000028828
10000025989
10000013642
10000015349
10000009017
10000023116
10000008625
10000029226
10000000110
10000027478
10000020633
10000009301
10000018935
10000008508
10000004193
10000007362
10000028020
10000012185
10000021129
10000000511
10000014055
10000015248
10000009784
10000009566
10000004922
10000012867
10000017079
10000024950
10000025271
10000012125
10000008692
10000002210
10000023438
10000029577
10000011008
10000025473
10000031827
10000027385
10000027794
10000016244
10000003709
10000017376
10000026497
10000003363
10000014568
10000005368
10000026958
10000003833
10000008788
10000005116
10000030360
10000006051
10000009188
10000023599
10000017829
10000022677
10000002975
10000017620
10000018656
10000016517
10000028402
10000018356
10000018773
10000027118
10000003372
10000030619
10000004407
10000006543
10000016897
10000001755
10000009819
10000019689
10000002056
10000024008
10000005306
10000022724
10000002878
10000016698
10000018675
10000006058
10000019328
10000002318
10000031430
10000010346
10000020244
10000026277
10000010138
10000015511
10000025889
10000015203
10000007417
10000030471
10000030770
10000032561
10000004879
10000023125
10000028855
10000014076
10000022318
10000018271
10000010116
10000031540
10000001612
10000003016
10000026704
10000003662
10000022403
10000000118
10000001079
10000000834
10000030352
10000014358
10000029753
10000029710
10000028245
10000015763
10000003001
10000018481
10000009048
10000025251
10000015102
10000002864
10000024130
10000007739
10000025014
10000021269
10000026208
10000031509
10000012654
10000014059
10000011301
10000005681
10000008219
10000021827
10000000934
10000011601
10000027284
10000027314
10000028444
10000015739
10000010005
10000030801
10000031078
10000012667
10000026558
10000031291
10000008325
10000008287
10000027922
10000011795
10000020510
10000007161
10000026744
10000027004
10000027643
10000003937
10000020158
10000000158
10000027274
10000011632
10000014993
10000015528
10000032604
10000028485
10000024326
10000025160
10000021928
10000008900
10000002580
10000018485
10000023238
10000002322
10000014103
10000032166
10000006324
10000001307
10000012623
10000000216
10000008340
10000023053
10000018015
10000001419
10000001324
10000031194
10000002255
10000019333
10000025957
10000025529
10000008842
10000001294
10000001740
10000004773
10000014176
10000019827
10000000020
10000031708
10000022405
10000012164
10000029586
10000007522
10000000528
10000015382
10000022975
10000007292
10000014205
10000012417
10000023482
10000029749
10000007212
10000011554
10000015812
10000013277
10000010976
10000031706
10000022978
10000019844
10000030529
10000026253
10000010686
10000029827
10000000090
10000007589
10000025190
10000003060
10000004892
10000011917
10000007564
10000009525
10000015576
10000002614
10000005284
10000003690
10000019913
10000007061
10000027465
10000028919
10000027528
10000028194
10000002489
10000000010
10000013206
10000025691
10000001876
10000014095
10000028118
10000032319
10000009505
10000010297
10000020240
10000012244
10000022600
10000023296
10000019311
10000018337
10000025753
10000015006
10000030979
10000025908
10000001796
10000005265
10000000576
10000032670
10000012319
10000010012
10000010366
10000031730
10000020132
10000016325
10000022135
10000021450
10000010735
10000027096
10000017100
10000019394
10000019588
10000011491
10000008832
10000014842
10000032391
10000023353
10000027515
10000023704
10000020547
10000028783
10000009992
10000016452
10000013476
10000032737
10000021591
10000013994
10000011196
10000013102
10000023292
10000023804
10000032066
10000022712
10000003439
10000012910
10000000782
10000000549
10000015242
10000016056
10000000926
10000013025
10000021774
10000018583
10000007317
10000007834
10000007198
10000007244
10000015671
10000030658
10000026562
10000025115
10000012525
10000019984
10000030309
10000001229
10000014791
10000031999
10000020568
10000010287
10000015093
10000010830
10000014925
10000012177
10000029517
10000021631
10000014300
10000021576
10000018377
10000029016
10000007681
10000019500
10000007686
10000007268
10000013724
10000000026
10000018118
10000021875
10000028144
10000021107
10000030830
10000020246
10000007973
10000030108
10000022920
10000019748
10000023751
10000021116
10000006978
10000004920
10000022596
10000032513
10000009198
10000025392
10000021361
10000017564
10000018817
10000002991
10000008966
10000014016
10000007188
10000001692
10000016669
10000022886
10000016485
10000010146
10000028599
10000022412
10000023127
10000023214
10000027447
10000018865
10000001901
10000029300
10000011493
10000003163
10000026963
10000001770
10000015724
10000009874
10000016470
10000025546
10000005981
10000016482
10000005607
10000001812
10000006570
10000010589
10000030492
10000012171
10000002603
10000028438
10000016175
10000031539
10000010269
10000000935
10000029181
10000005593
10000020126
10000029740
10000009864
10000030603
10000010034
10000012102
10000000373
10000013084
10000027713
10000023449
10000016271
10000021666
10000015254
10000015950
10000020546
10000020471
10000030946
10000012689
10000000033
10000032571
10000016439
10000011028
10000013152
10000012624
10000026765
10000021131
10000012378
10000018524
10000005697
10000010286
10000031245
10000026699
10000023953
10000015162
10000015001
10000013643
10000029985
10000028784
10000015813
10000008782
10000030841
10000022676
10000031610
10000020364
10000014981
10000005872
10000012870
10000030974
10000010259
10000022478
10000004570
10000029924
10000014936
10000022274
10000030092
10000016959
10000031084
10000030301
10000011990
10000010072
10000003785
10000025659
10000024533
10000024631
10000026576
10000020982
10000026059
10000023853
10000026692
10000014961
10000021406
10000004427
10000011470
10000014478
10000031830
10000020712
10000023927
10000028088
10000003490
10000016415
10000004145
10000030810
10000014932
10000020815
10000015182
10000031333
10000029921
10000021401
10000014342
10000012239
10000014818
10000004453
10000021750
10000005390
10000027286
10000032478
10000030876
10000007585
10000014173
10000030833
10000021468
10000031368
10000006718
10000004434
10000009342
10000028870
10000024930
10000029175
10000001966
10000016358
10000018839
10000018075
10000023674
10000006260
10000010446
10000015804
10000013912
10000008831
10000010397
10000005789
10000024477
10000005150
10000004286
10000016325
10000027655
10000022504
10000008590
10000001407
10000023348
10000017274
10000032399
10000020568
10000019240
10000024053
10000010471
10000029603
10000015051
10000013949
10000002526
10000003064
10000023657
10000019131
10000003428
10000028081
10000030768
10000032092
10000019593
10000009068
10000024246
10000007312
10000018434
10000031884
10000027504
10000030860
10000012971
10000011191
10000005948
10000002568
10000019455
10000030041
10000006872
10000010433
10000019106
10000028192
10000008552
10000020984
10000022232
10000018815
10000002804
10000032498
10000005387
10000014379
10000016104
10000002934
10000016457
10000022177
10000003731
10000011346
10000021699
10000011165
10000010152
10000030166
10000019024
10000013988
10000005824
10000029271
10000024295
10000003708
10000022997
10000018606
10000028969
10000004015
10000000712
10000029367
10000027349
10000006923
10000027101
10000000978
10000015185
10000025636
10000028730
10000032613
10000025128
10000020433
10000021099
10000016215
10000002438
10000025259
10000002785
10000027287
10000012478
10000016274
10000017518
10000031635
10000026309
10000013863
10000023755
10000022210
10000005300
10000024914
10000030483
10000028954
10000022602
10000021950
10000007749
10000001690
10000028264
10000024664
10000030661
10000024770
10000011667
10000021716
10000001499
10000011542
10000004213
10000027689
10000031283
10000025503
10000020572
10000013072
10000006236
10000015721
10000004025
10000002184
10000010313
10000015110
10000005283
10000011348
10000030931
10000015114
10000004946
10000023931
10000029237
10000008333
10000002212
10000002248
10000014478
10000002476
10000009371
10000001864
10000024162
10000005640
10000017629
10000027855
10000010009
10000015685
10000032562
10000026227
10000022911
10000013709
10000015370
10000010510
10000008771
10000027146
10000024821
10000028608
10000001656
10000000368
10000002857
10000002668
10000026135
10000029808
10000023039
10000031798
10000003707
10000013382
10000018806
10000010764
10000023779
10000024876
10000007342
10000006426
10000028915
10000004325
10000022639
10000015699
10000028468
10000009523
10000019872
10000022511
10000021391
10000012897
10000013264
10000026087
10000021462
10000030138
10000021424
10000007803
10000021052
10000023567
10000016791
10000000429
10000024535
10000006197
10000010237
10000030404
10000020261
10000018821
10000008704
10000031434
10000022148
10000012891
10000009698
10000024333
10000017081
10000032407
10000032649
10000006050
10000014698
10000006687
10000023294
10000006621
10000002980
10000005979
10000024302
10000019163
10000006230
10000009655
10000022316
10000032248
10000016083
10000006181
10000028461
10000000857
10000024916
10000031640
10000031883
10000018019
10000030580
10000015754
10000022915
10000031810
10000012466
10000025207
10000020342
10000025188
10000009970
10000019552
10000004459
10000003323
10000008445
10000004425
10000018060
10000017790
10000025853
10000025019
10000009381
10000031016
10000006913
10000032579
10000006824
10000014200
10000016255
10000017137
10000002860
10000016559
10000009677
10000013274
10000005865
10000009301
10000002726
10000011670
10000030525
10000028597
10000013996
10000005826
10000026795
10000027740
10000012512
10000010111
10000009558
10000028318
10000000300
10000016370
10000028554
10000013329
10000000729
10000020162
10000011316
10000021008
10000018201
10000018333
10000003429
10000013369
10000001919
10000010675
10000019667
10000010991
10000010370
10000005689
10000030295
10000002521
10000019454
10000030440
10000017008
10000022114
10000029618
10000013436
10000000191
10000001591
10000013251
10000032053
10000004745
10000019915
10000030007
10000007001
10000030009
10000032470
10000018555
10000023471
10000023771
10000030418
10000018398
10000001029
10000024225
10000007549
10000002579
10000022956
10000011106
10000029530
10000009395
10000014327
10000023062
10000012336
10000016057
10000014016
10000016988
10000029065
10000013060
10000024803
10000026356
10000031028
10000017113
10000031425
10000028741
10000031683
10000022622
10000022718
10000014040
10000032526
10000022816
10000017858
10000024026
10000018606
10000002190
10000031164
10000032158
10000023683
10000031356
10000008219
10000024089
10000002863
10000005537
10000028243
10000016741
10000004248
10000009753
10000019038
10000015935
10000017002
10000032739
10000000313
10000010889
10000020115
10000012644
10000003427
10000005576
10000002501
10000017890
10000028001
10000021415
10000019960
10000006154
10000002620
10000005746
10000026853
10000013419
10000011777
10000006555
10000006795
10000019449
10000002624
10000023609
10000009134
10000013962
10000020110
10000027524
10000025683
10000001372
