
29989
39799
39979
48799
48889
49789
56989
58699
58789
58897
59779
59797
59887
65899
66889
67699
67789
67987
69499
69697
69859
69877
73999
75979
75997
77689
77797
77977
78697
78787
78877
79399
79579
79669
79687
79777
79867
79939
84979
86599
86689
86869
86959
87589
87679
87697
87877
88867
88993
89659
89767
89839
89983
92899
93889
93979
93997
94789
95869
95959
96589
96697
96769
96787
97579
97687
97777
97849
98299
98389
98479
98893
98929
98947
99289
99397
99469
99487
99559
99577
99667
99793
99829
99991
136999
138799
138889
139969
139987
146989
147799
147997
149689
156799
156979
157897
158959
159499
159589
159697
159769
159787
165799
166987
167779
167887
168499
168697
168769
169399
169489
169777
169957
172999
174799
175699
175897
176599
176779
176797
176887
176977
177589
177679
177787
177949
177967
178489
178597
178939
179479
179497
179659
179749
179947
182899
183979
184879
184969
185599
185797
185869
185959
186679
186859
186877
187597
187669
187687
188299
188389
188677
188767
188857
188983
189199
189559
189757
191899
192799
192889
192979
193789
194869
194977
195697
195787
195967
196579
196597
196687
196993
197299
197389
197479
197569
197677
197767
197893
197947
198397
198469
198829
198937
199567
199657
199729
199783
199819
199873
199909
218989
219799
219889
219979
227989
228799
229699
229897
237997
238789
238879
238897
239689
239779
239977
245899
245989
246889
246979
247879
248779
248797
248869
248887
249499
249589
249859
249967
253999
254899
256699
257689
257797
257869
258499
258697
258787
258949
258967
259867
259993
263899
264889
264997
265987
266599
266689
266797
266977
267679
267877
268759
268777
268993
269389
269749
269947
272989
273979
273997
275599
276499
276589
276949
277579
277597
277687
277993
278479
278497
278767
278947
279397
279577
279649
279847
279883
279919
279991
281989
282889
284689
285697
285949
286687
286777
287857
288199
288559
288577
288649
288973
288991
289099
289189
289297
289369
289477
289657
289837
291979
291997
292879
292969
293599
294499
294787
294859
294949
295759
295777
295993
296299
296479
296587
296749
296767
296929
296983
297289
297397
297469
297487
297757
297793
297991
298099
298369
298477
298693
298819
299179
299197
299287
299359
299539
299683
299881
308899
308989
318889
318979
319699
319897
325999
327799
327889
327979
328789
328897
329779
329977
336799
336997
337969
338959
339589
339679
339769
345889
345979
345997
346699
347779
347887
347959
348769
348949
349399
349579
349759
349849
349939
354799
354979
354997
355969
356869
356887
356959
356977
357787
357859
357967
358597
358669
358867
358993
359299
359389
359479
359587
359767
359929
363799
363889
364699
364879
365689
365779
365797
366697
366787
366859
366967
367597
367687
367777
367849
367867
367957
368857
368947
369469
369487
369739
369793
369829
369991
372979
373969
373987
374797
374887
374977
375787
375967
376399
376687
376759
377749
378289
378379
378559
378667
378739
378757
378793
378883
378919
379189
379369
379387
379459
379549
379693
379837
379909
379927
379963
383797
383869
384589
384697
385579
385597
385939
386299
386569
386587
386677
386839
387199
387397
387577
387973
388099
388369
388459
388477
388567
388657
388693
388837
388891
388963
389089
389269
389287
389539
389629
389773
389791
389953
389971
390889
391789
391879
391987
392599
393697
393859
394489
394579
394759
394993
395677
395749
395767
396199
396379
396577
396667
396883
396919
396937
397099
397297
397459
397549
397567
397729
397963
397981
398287
398467
398539
398557
398683
398863
398917
399079
399097
399277
399439
399493
399583
399691
399727
399781
399853
399871
407899
408979
408997
409879
409897
409987
415999
416989
417997
418699
418987
419599
419959
425899
425989
426799
426889
426997
427789
427879
427969
428797
428977
429589
429679
434989
435889
435997
437959
437977
438499
438589
438769
438877
438967
439687
439759
439849
439867
443899
444979
445699
445789
445969
447859
447877
448597
448687
448867
448939
448993
449299
449569
449677
449767
449929
452989
453799
453889
454969
455599
455977
456499
456679
456697
456769
456877
456949
457399
457669
457687
458569
458929
458947
459397
459469
459649
459829
459847
459883
459937
463987
465679
466579
466777
466957
467479
467497
467587
467749
467893
468199
468289
468577
468667
468739
468883
468973
469099
469279
469369
469657
469747
469891
471997
473887
474499
474769
474787
474949
475597
475669
475759
475777
475957
476299
476479
476587
476659
476929
477469
477577
477739
477847
477973
477991
478099
478189
478459
478729
478747
478927
478963
479287
479377
479593
479629
479881
479953
479971
480979
481699
481879
482689
483499
483697
483787
484489
484597
484777
484867
485389
485479
485497
485587
485893
486379
486397
486559
486667
486757
486991
487099
487387
487477
487657
487783
487819
487873
487891
488197
488287
488539
488791
488827
489367
489439
489457
489493
489529
489673
489691
489817
489871
489943
489961
490969
491797
491977
492769
492967
493399
493579
493777
493939
493993
494497
494587
494677
494749
495199
495289
495559
495667
495757
495829
495973
496297
496459
496477
496549
496747
496891
496963
497197
497269
497449
497557
497719
497737
497773
498259
498367
498439
498493
498583
498691
498781
498907
498961
499159
499267
499483
499519
499591
499663
499717
506899
507979
508789
508969
508987
509689
509797
509959
516979
518689
518779
519499
519769
519787
524899
525979
527599
527869
528679
528877
528967
529489
529579
529687
529939
529957
532999
533989
534799
534889
535879
536779
536869
537679
537769
537787
537877
538399
538579
538597
538777
538939
539389
539479
539677
539839
539947
541999
543889
543997
544699
544879
544897
545599
545959
546859
546967
547399
547849
547957
548677
548749
548893
549379
549649
549667
549739
549883
549937
553699
553789
553897
554779
554797
554887
554959
554977
555589
555697
555967
556399
556579
556687
556849
556867
556939
556957
557857
558289
558469
558757
558793
558829
558937
558973
559099
559297
559369
559459
559549
559639
559747
561997
562699
562789
562897
562987
563599
563869
563887
564679
565489
565597
565849
565867
566659
566677
566767
566857
566947
567487
567649
567667
567793
567829
567883
567937
567991
568189
568279
568387
568549
568657
568783
568891
568963
569197
569269
569683
569773
569809
571699
571789
571969
572599
573679
573787
573967
574489
574597
574687
574939
575479
575677
575857
575893
576379
576469
576577
576649
576739
576757
576883
577279
577387
577639
577873
577909
577981
578467
578647
578719
578827
578881
578917
578971
579079
579259
579277
579529
579583
579637
579673
579763
579907
579961
580969
581599
581797
581869
582499
582859
582949
583669
583777
584587
584659
584677
584767
585199
585289
585577
585757
585847
585883
585919
586189
586387
586459
586567
586693
586819
586837
586909
586981
587179
587269
587287
587467
587539
587737
587773
587827
587863
587971
588079
588097
588169
588277
588493
588529
588619
588673
588871
589159
589357
589591
589609
589681
589717
589753
589807
589861
589933
590599
590797
590959
591499
592489
592597
592759
592849
592939
592993
593479
593497
593587
593767
593839
594379
594397
594469
594577
594667
594739
594793
594829
595549
595873
595927
595963
595981
596179
596593
596737
596863
596917
597169
597349
597367
597637
597673
597781
597853
598159
598447
598537
598681
598933
599149
599383
599419
599491
599941
606997
608887
608977
609589
609859
609877
613999
615799
615997
616789
616897
617689
617887
617959
618589
618679
618859
619669
619687
619849
619867
623989
624997
625699
625789
625969
626599
626797
626887
626959
627787
627859
628399
628687
628759
628939
628993
629569
629767
629857
629929
633799
634969
635599
635689
635959
635977
636499
636697
636877
636967
637489
637597
637669
637939
638587
638767
638839
638857
638893
639487
639577
639739
639757
639937
642799
642997
643879
643969
644599
644797
644869
644977
645499
645787
645877
646669
646687
646957
646993
647587
647659
647839
647893
648199
648289
648379
648649
648937
649279
649567
649639
649657
649783
649981
651997
652699
652969
653797
653977
654499
654679
654697
654877
654967
655399
655489
655579
655597
655687
655849
656389
656479
656587
656749
656839
657289
657469
657649
657793
657973
658279
658477
658549
658639
658783
658837
658873
658963
659467
659539
659629
659863
659881
659917
660799
661879
661897
661987
662689
662797
663589
663787
663967
664579
664597
664669
664687
664777
664849
665299
665479
665569
665659
665677
665857
665947
665983
666559
666649
666667
666829
666937
667477
667549
667657
667819
667837
667963
668089
668179
668539
668719
668737
668791
669637
669673
669763
669853
669943
670897
670987
671779
671887
672499
672787
672949
672967
673399
673579
673669
674299
674677
674749
674767
674857
674929
675559
675739
675973
676099
676279
676297
676387
676747
676891
676909
676927
676981
677539
677647
677683
677737
677791
677827
677953
678169
678367
678493
678637
678763
678871
678907
678943
679087
679249
679519
679537
679681
679753
679807
679843
679933
679951
680959
681589
681787
681949
682489
682597
682777
683299
683479
683857
683983
684289
684379
684469
684559
684757
684793
684829
684973
685099
685297
685369
685459
685747
685819
685963
686089
686197
686269
686359
686449
686593
686737
686773
686863
686971
687277
687457
687637
687691
687961
688087
688159
688249
688339
688357
688393
688447
688573
688591
688627
688717
688861
688951
689077
689167
689257
689383
689509
689581
689761
689851
690589
690787
691399
691489
691687
691759
692299
692389
692893
692929
692983
693397
693487
693739
693757
693793
693829
694189
694387
694549
694567
694747
694783
694873
695089
695269
695377
695467
695593
695719
695791
695809
695881
695917
696079
696349
696457
696547
696691
696763
696853
696907
696961
697069
697087
697267
697447
697519
697591
697681
697951
698077
698239
698293
698329
698419
698437
698491
698527
698653
698923
699157
699319
699373
699427
699463
699571
699733
699823
699931
704989
706897
706987
707689
707797
707869
707887
708859
709777
709957
715699
715789
715879
715969
716869
716959
717589
717679
717697
717967
718579
718759
719569
719659
719749
719839
719893
719947
722899
723799
723997
724879
726589
726679
726697
726787
727399
727759
727777
727939
728659
728839
728929
728947
729199
729559
729577
729649
729919
729991
730999
732799
732889
732997
733879
734869
734887
734959
735697
735877
735949
736399
736867
736993
737479
737497
737767
737857
737929
738379
738469
738487
738757
738847
738919
738937
739099
739369
739549
739693
739909
740989
742699
742789
742897
743689
743779
744859
744949
745939
745993
746479
746497
746659
746677
746749
746839
747199
747829
747919
747991
748387
748567
748639
748729
748819
748963
748981
749197
749449
749467
749557
749773
749809
749863
749971
751879
751969
751987
752797
752977
753499
753589
753679
753859
754399
754489
754597
754939
754993
755569
755767
756199
756289
756649
756667
756739
756829
756919
757297
757387
757693
757819
757909
757927
758179
758269
758449
758629
758827
758971
759457
759547
759637
759673
759691
759709
759727
759763
759961
760897
761689
761779
761869
761977
762499
762877
762967
763579
763597
763957
764587
764839
764857
764893
764947
765199
765379
765487
765577
765649
765847
765991
766369
766387
766477
766639
766873
766891
767089
767287
767359
767539
767647
767773
767827
767863
767881
768169
768259
768457
768727
768853
769159
769339
769357
769429
769591
769627
769663
769807
771499
771679
771697
771769
771877
772669
772867
773299
773497
773569
773659
773767
774199
774289
774577
774667
774757
774919
775189
775477
775639
775729
775963
776179
776287
776449
776467
776557
776683
776719
777097
777169
777187
777277
777349
777583
777619
777781
777817
777871
778357
778537
778663
778681
778717
778933
778951
779239
779329
779347
779563
779617
779707
779761
780499
780679
780697
780877
781399
781867
782389
782497
782659
782839
782983
783379
783487
783793
783829
784387
784837
784981
785269
785287
785377
785737
785773
785809
786349
786547
786673
786691
786763
787069
787357
787429
787447
787483
787519
787537
787573
787609
787771
787807
788077
788167
788383
788419
788527
788563
788761
788941
789067
789391
789571
789823
790957
791569
791677
791929
792397
792487
792559
792667
792793
792919
792973
792991
793099
793189
793279
793297
793927
793981
794089
794179
794449
794557
794593
794881
794953
795079
795097
795187
795349
795493
795709
795727
795763
795871
795943
796177
796267
796339
796447
796591
796933
796951
797077
797383
797473
797509
797581
797743
797833
797851
798067
798139
798319
798373
798409
798481
798517
798751
798823
799093
799147
799219
799291
799363
799417
799453
799471
799507
799543
799633
799651
799723
799741
799921
803989
804889
804997
805789
806977
807787
807949
808399
808579
808597
808777
808867
808957
808993
809569
809587
809749
809839
809929
809983
813997
814699
814789
815599
815869
815977
816499
816589
816769
816859
817669
817777
817867
818569
818659
818947
819289
819487
819739
819829
819937
819991
822889
823789
823969
824779
824977
825679
825697
826669
826759
826849
826867
826939
826957
827389
827677
827767
827857
827929
828199
828379
828397
828577
828649
828757
828829
829639
829657
829693
829729
829819
830899
830989
831799
831889
832879
832969
832987
833689
833887
833977
834787
834859
834949
835399
835489
835687
835759
835957
835993
836299
836497
836569
836677
836749
836839
837379
837667
837847
837937
838099
838459
838657
838693
838837
838909
838927
838963
839269
839539
839791
839809
840979
841879
841987
842599
842869
842887
842977
843589
843679
844489
844777
844867
844957
845659
845749
845893
845983
846397
846487
846577
846667
846739
846757
846919
846973
847279
847477
847549
847657
847729
848269
848359
848467
848557
848593
848629
848647
848737
848791
849097
849349
849691
849727
849763
849943
850879
850897
851689
851797
852589
852769
853597
853669
853687
853759
854299
854479
854569
854587
854929
855199
855397
855667
855739
855919
855937
856099
856279
856369
856459
856549
856567
856693
856909
856927
857287
857539
857629
857737
857809
857827
857953
858259
858457
858673
858691
858709
858763
858817
858943
858961
859249
859267
859393
859447
859609
859681
859861
859933
860599
860689
860779
860887
861499
861589
861877
862399
862669
862777
862957
863299
863479
863497
863749
863767
863983
864289
864379
864757
864793
864883
865477
865639
865729
865747
865783
865819
866197
866629
866683
866737
866917
866953
867079
867259
867457
867547
867619
867781
867817
867871
867943
868069
868177
868249
868267
868537
868663
868771
868951
869059
869257
869293
869419
869437
869563
869707
870589
870679
870787
870967
871597
871687
871867
871957
871993
872479
872587
872659
872749
872947
873469
873667
873739
873991
874099
874387
874459
874477
874567
874639
874693
874729
874873
874891
875089
875269
875377
875593
875629
875647
875683
875773
876079
876097
876349
876529
876619
876817
876853
876871
877267
877573
877609
877771
877843
878077
878167
878239
878419
878743
878833
878851
879247
879283
879391
879553
879607
879661
880687
880939
880993
881479
881983
882199
882289
882577
882883
883279
883549
883639
883783
883963
884269
884287
884593
884791
884827
884881
885097
885169
885187
885529
885727
885943
885961
886069
886177
886339
886429
886519
886537
886591
886609
886663
886807
887059
887581
887617
887671
887707
887743
887923
887941
888157
888247
888319
888373
888409
888427
888661
888751
888931
889039
889237
889309
889327
889363
889453
889921
890893
891379
891487
891559
891577
891829
891991
892189
892387
892657
892747
892783
893359
893449
893719
893863
893881
893917
894097
894259
894277
894547
894637
894709
894763
894871
895087
895159
895357
895393
895591
895627
895681
895771
895861
895933
896167
896293
896347
896491
896509
896617
897049
897067
897157
897229
897319
897373
897517
897553
897571
897607
897751
897931
898129
898147
898291
898327
898543
898561
898813
898921
899209
899263
903979
904789
904879
904987
905599
905959
906589
906679
906949
907399
907759
907849
907957
908749
908857
908893
909289
909379
909577
909829
909973
911899
912799
912979
914887
915589
915697
915769
915949
916939
917659
917767
917893
918199
918397
918469
918793
918829
919189
919693
919729
919927
921889
922699
922897
923599
923869
923959
923977
924499
924697
924769
924877
924967
925399
925579
925597
925669
925849
926389
926587
926659
926767
926983
927397
927649
927847
927973
928099
928819
928927
929197
929557
929629
929647
929737
929791
929809
929881
929953
930889
931789
932779
932887
933787
933949
933967
934399
934489
934579
934597
934669
934939
935587
935677
935839
936379
936469
936487
936577
936667
936739
936919
936937
937459
937477
937639
937693
937747
937819
937891
937927
938089
938359
938827
938881
938953
939349
939439
939853
939871
940879
941599
942787
942859
943777
943849
944389
944497
944659
944677
944857
944893
944929
945289
945397
945577
945739
945883
945937
946369
946459
946549
946783
946819
946873
947197
947377
947449
947539
947647
947719
947773
947917
948169
948187
948349
948439
948457
948547
948853
948907
948943
949159
949609
949771
949951
950689
950869
950959
951589
951697
951787
951859
951967
952597
952669
952687
952957
953497
953929
953983
954379
954469
954649
954757
954829
954847
954973
954991
955477
955657
955693
955729
955819
955891
955963
956269
956377
956881
956953
957097
957169
957349
957529
957547
957709
957871
958159
958339
958357
958393
958519
958609
958627
958807
958843
958933
959149
959383
959473
959617
959941
960499
961399
961687
961777
961957
961993
962497
962569
962587
962677
962839
963379
963397
963559
963667
963793
963847
963973
964297
964693
964783
964927
964981
965089
965179
965197
965467
965647
965773
965791
965953
966439
966547
966583
966619
966727
966781
966817
966871
966907
966961
967429
967627
967663
967753
967843
967951
968239
968329
968419
968437
968761
969049
969139
969481
970687
970777
970867
970939
971389
971479
971569
971767
971857
972199
972469
972577
972649
972793
972847
972991
973099
973279
973387
973459
973657
973837
973891
974089
974179
974269
974359
974539
974557
974737
974773
974863
974971
975187
975259
975277
975367
975439
975493
975619
975691
975907
975943
976177
976447
976483
976537
976933
976951
977149
977167
977239
977257
977437
977671
977761
977923
978049
978067
978157
978283
978337
978427
978463
978643
978931
979093
979219
979273
979291
979327
979471
979543
979651
979831
979921
980299
980587
980677
980893
981199
981289
981397
981577
981919
982099
982693
982783
982819
982909
982981
983179
983197
983377
983449
983557
983737
983791
983809
983863
983881
984349
984367
984457
984583
984817
984853
985177
985339
985447
985483
985519
985807
985951
986149
986239
986257
986437
986509
986563
986581
986617
986707
986851
986941
987067
987193
987391
987463
987607
987913
988093
988129
988147
988219
988237
988417
988453
988651
989029
989119
989173
989353
989533
989623
989641
989803
990289
990397
990469
990487
990559
990973
991387
991567
991693
991873
991909
991927
991981
992179
992269
992359
992449
992539
992737
992809
992863
992917
993079
993169
993367
993493
993763
993781
993907
993943
993961
994069
994087
994249
994339
994393
994447
994663
994717
994933
995167
995329
995347
995833
995941
996049
996067
996157
996409
996571
996841
997057
997147
997219
997273
997309
997327
997453
997651
997741
997813
998029
998083
998281
998353
998443
998551
998623
999091
999181
999217
999307
999433
999451
999541
999613
999631
999721