6210
18270
9330
1902
6810
6207
5410
18770
8606
23170
17660
26604
24300
20897
31402
27300
1860
27207
2607
28507
15205
2400
10297
8630
17890
11890
4330
2180
10212
25012
31270
6220
30268
30557
22980
7990
1140
7690
30767
31903
25110
16370
22490
10619
10097
13150
26013
4602
4602
15203
407
15306
28420
22500
20558
16703
23700
26106
24906
6044
20577
4703
8950
10386
31019
5708
9301
15205
26700
19305
12370
11140
3660
2804
10954
29480
2510
23840
19000
710
16705
31770
6304
26800
20604
8950
19300
19301
18003
11290
25800
12700
11950
1990
10800
6702
29007
30106
26890
25083
32103
6750
2300
1170
17905
23740
29460
7000
3540
6490
17560
15002
1570
7940
21420
6904
14290
1004
1300
3840
17280
17098
28403
19701
27404
11370
20018
2160
28410
10311
19402
23011
15600
17680
3805
30091
26840
6410
9360
14203
31760
29003
12570
30844
4180
22014
30465
14670
15702
22150
10773
6503
21550
11370
5207
8099
27930
10971
2740
21700
16950
170
12500
10335
24170
17890
3630
11600
6030
24707
29503
7970
23707
12401
11306
15000
20629
5010
1780
27106
14700
13405
9904
14650
14590
10966
10606
8400
24013
28011
7018
7098
31610
4095
15500
5290
23200
22330
4960
6510
12907
5780
21409
26202
30573
24700
4607
16004
30444
2607
18305
4970
17300
30657
10040
32021
29140
16603
17001
1340
9480
7590
32032
15505
27450
10634
21180
9350
26980
29570
27170
26740
22907
23800
31270
26000
21860
19402
32440
802
29600
11063
15600
23302
13605
15084
6010
13057
16200
12320
13140
17501
27504
9830
27704
21705
8970
24402
6520
7970
830
21600
7960
2290
27903
5550
23203
12880
15902
31890
20101
18005
30424
10697
11160
10237
9580
22604
9240
27000
8640
31605
4202
5200
6520
12705
25690
17014
28037
830
29003
2007
24690
29760
32390
10341
3440
25590
10611
8960
14909
15605
7702
1704
28910
30682
6086
8390
27980
27032
14705
28180
22501
25780
11830
27260
21940
10669
8640
9420
24903
10215
450
10241
30900
3500
5201
13780
6970
10437
23307
19703
4690
6001
18680
580
4720
18405
17901
10740
9309
18840
830
20363
25607
28240
8508
32290
2620
14603
8507
22801
19480
8047
11860
1240
1303
6960
11570
24390
13703
1904
9101
1901
19901
22006
27704
14170
19098
3010
14800
27509
9180
4704
28201
23604
1400
23170
15470
17670
24307
18870
7940
32390
16000
31780
6980
25800
32068
22000
21780
4830
15760
25000
30520
26690
13580
810
25360
25603
19120
30089
14303
19202
970
7970
9810
8970
15470
11106
5420
30078
15206
1500
5830
29209
2087
4170
11170
19860
6600
14607
22700
32407
21403
23008
2690
17907
20706
26890
19190
1705
709
30743
17507
28400
6860
1870
6062
28603
18801
9066
32804
1505
18603
22450
17700
21303
14903
28098
1300
1470
21202
32400
17260
4360
22430
21064
20746
13970
27010
4602
32509
24001
8860
17803
9150
15705
780
10212
28500
21205
11370
17601
4023
11370
28250
27076
9850
32804
9290
26804
2903
5013
24740
8401
25160
30834
27048
27970
32704
4140
1707
18390
7300
26407
6960
20401
23022
23590
5202
6810
6307
6710
9670
20904
6607
24302
21760
9790
30348
5602
22290
3910
25290
15708
15170
23002
16706
9000
27240
3290
2704
27000
28904
5402
32500
24970
7170
18790
11170
12890
26300
14570
16500
21407
13807
19603
12901
21607
25920
14150
12870
29570
8950
14062
28520
2407
6980
9250
11470
16205
31230
21307
9703
6520
12403
17460
17042
19014
5602
9306
7280
25990
21058
7640
21068
19900
7540
30498
11602
600
17990
1820
5502
14203
5970
29073
21904
15803
30897
14801
12505
15072
30839
8930
17820
13099
3710
24400
17460
24820
14450
4970
