15091
14605
28005
2707
5970
7960
7540
15807
19405
26103
9407
15901
21022
15400
16640
12506
9905
6740
30037
23400
1020
17200
27890
1604
27030
3045
10974
13330
30327
31780
2920
9109
4023
14250
4706
9750
23023
15709
3900
16870
450
29203
2602
10529
21370
32015
1606
32000
9440
30232
4620
25036
3430
24804
9890
25780
27807
30466
23020
12002
18031
19290
24307
2970
26870
11950
21705
15027
25800
29063
26770
6000
22302
28980
17780
2807
430
26180
21804
20891
12905
11907
20626
4105
31980
11110
8203
14001
16970
7970
3058
14000
2804
17005
15770
1540
11400
13901
3840
30040
17690
15400
11035
21201
707
17240
207
24440
15180
18360
32807
4970
21900
31590
11300
12880
440
17640
31803
12470
16750
2900
2880
26804
16750
20986
6520
6026
150
9905
23099
16904
18890
23710
6490
18500
31420
6520
9910
25390
7840
12670
6402
26049
21705
21850
24205
21607
2490
3430
7400
18061
32750
1201
25060
7504
10424
10789
9204
1103
19440
6290
4607
19705
120
21503
13705
3064
30024
22700
24807
4603
2590
29702
29209
11706
13740
29880
25076
17200
17068
9170
9400
11605
21506
5022
23120
29710
16200
15170
20498
20620
13440
25490
20443
610
14305
25130
16700
29300
26790
10484
6810
10294
6880
8073
7710
3970
16205
20801
28980
2804
7079
27000
30072
22600
21570
32800
32500
18603
17084
13705
20508
16540
8390
8201
28303
3707
32290
1930
16305
3980
2980
29490
31805
8960
12405
1089
28980
28360
30564
9140
1401
30316
17037
32430
12770
31805
22130
20998
6505
14200
12780
2290
5670
22707
13960
9850
1970
24010
8510
1108
29300
14190
21240
24440
29090
15603
26790
12910
30367
28980
9390
25690
23031
5041
9630
17203
15400
3460
28980
21056
13406
7300
19170
26020
21640
23708
23707
3760
30177
7204
12202
22804
23590
32500
30263
21950
9460
29560
8970
31320
2015
30746
19650
19190
26780
11870
29502
22407
13800
16400
31406
2307
6740
5054
2950
15490
32055
20799
14500
12701
21407
13890
30645
17705
16104
14770
27500
32420
32708
810
31201
27704
13503
10898
13907
20477
27560
21205
6490
7130
507
2170
2390
15901
21780
31200
13001
15730
17086
31404
12607
10005
31403
22507
1930
18890
7504
31870
26802
16903
11505
26390
20314
22607
20350
27640
26504
11300
23980
19680
18005
12400
17012
6840
29400
31170
12007
27390
15890
22710
6002
23810
27803
18301
1401
28002
11705
9840
14490
7020
25690
18510
5810
23510
16504
20151
27304
24690
9970
22304
30710
10511
26820
30106
23000
27400
19930
1204
12901
17190
27800
16001
11600
15503
20707
10992
20046
9044
30614
23540
5170
10794
5210
31204
26180
24130
11120
8200
22500
27700
31240
2301
13800
13250
11860
2980
27107
11701
28840
26407
10610
7970
15300
24400
30288
7710
1170
10698
28607
26055
13407
10846
29064
32203
28980
32470
1870
10815
11908
23580
10614
13203
10134
15007
20705
30981
1430
21170
21890
22307
29011
26800
7950
23081
27170
27390
9601
17505
28099
23704
17200
24920
29190
4690
21370
10771
11103
16260
9010
15407
10227
21407
12850
6840
13802
9203
17360
17750
7530
27340
15904
7007
9820
4980
23607
4602
30209
20983
11370
13603
13002
6804
25604
305
32407
21270
31700
970
16063
25700
9302
20462
13830
5970
1037
17903
27407
15702
18603
9380
25200
13470
1700
28440
9670
11270
27580
8970
7601
17600
15770
13300
14807
32005
11055
29370
26804
28026
27904
7720
24520
21760
13640
25120
14051
29930
29017
6610
19809
16092
22904
25410
1042
20472
20728
1503
17870
15901
6202
9460
24430
13088
19301
17800
10475
23507
13306
8608
32200
8750
26908
20054
1200
14903
16403
12002
18660
32690
3105
14808
8990
8970
12430
3502
28820
7602
32660
21601
7530
4203
27600
31140
31043
19901
2014
11660
26307
20287
22604
15001
19702
