3200
12807
4580
19470
5400
8840
8500
30699
24970
27704
21701
26970
19430
12530
25707
21600
30327
12908
11006
20857
10275
8201
3940
30859
15305
31470
30689
2500
7740
2340
21407
10553
23703
22507
12002
10531
17604
19790
23300
25750
4450
19180
9090
10484
10559
25067
5805
13001
28303
5033
23018
13600
7200
9370
4710
30293
13470
32704
22078
31404
430
10159
15705
15605
8410
15089
27900
31350
9020
1201
17601
3407
15300
8220
4890
22205
32150
10968
23300
14700
10990
1970
11470
9180
4970
12307
2703
11370
160
6200
24507
14605
14508
8150
1806
15507
2502
5830
25002
32590
26900
19640
31804
31270
8640
14005
18360
16803
4605
8010
24006
32700
32056
27022
22604
32290
26204
26001
14300
16800
80
12170
22980
13340
11470
9410
32404
24400
2490
26086
25015
13907
4170
26720
24180
29076
17370
6808
10113
30883
28707
4602
3320
23690
30349
21803
21026
25088
12170
10256
5970
7510
21950
28904
18603
7010
1706
10697
12401
7240
20672
25700
790
24407
20861
23302
2290
31604
25690
5307
22408
19360
24707
5620
5480
26507
26703
9480
20358
12203
18304
7030
25590
26804
25012
18380
29440
23950
12300
25130
27300
10997
20732
3290
6702
31029
9890
26607
22602
24250
1000
12900
15700
18740
27802
32600
25606
30650
25430
29980
17890
1509
18360
8806
7409
1505
17760
24507
23807
10836
20894
16700
14800
790
15203
6960
15407
17305
18520
4530
27230
8960
25600
16001
32032
16705
24083
24720
9960
9370
14705
8203
27082
17470
2430
24690
32510
8970
25108
8980
19570
28909
21801
31203
27490
23200
308
2507
16190
15770
12350
7410
7300
3840
1503
17500
32050
16970
15870
3440
19160
17750
31560
16760
12602
2450
9700
14501
1990
8065
22870
15803
18008
24710
25509
32700
3320
10671
21470
5300
14405
9800
6040
2830
2980
10744
10918
3806
25202
7200
21901
6510
32004
28904
31400
13390
20743
13670
30250
20055
29730
10509
3091
6960
4140
26720
26300
1504
27390
10131
9290
13940
31890
32002
30517
8402
5201
15305
21440
10582
4640
24012
11730
22170
10922
32500
18530
5205
16034
26400
5044
1300
16760
9420
7098
26024
12037
14303
1730
32703
5004
19304
9160
10985
8380
301
2300
24890
21770
19270
17000
24403
12703
22170
4180
22930
450
1601
13880
15404
12092
32109
22490
32700
11450
14780
27003
2406
26702
15901
11740
8390
21400
19540
17309
28011
31500
12800
17790
3807
10848
8049
30602
15303
9680
5580
1602
29890
28170
24202
21670
18300
6203
6203
23400
8607
13201
20290
5807
12705
16705
10733
1270
23300
14410
8970
13640
14470
8140
20037
26804
11640
12803
16403
13520
2590
5201
27300
22804
15270
7740
7970
30103
4440
11900
5740
30720
3550
4905
3307
1101
18606
32370
27604
29980
25404
3970
720
27088
2006
25802
21970
25904
140
18603
29750
31605
21807
25200
25707
4408
410
32450
7970
10771
13601
26520
5890
18180
10185
18520
22900
21503
31400
9790
12603
10222
11140
25840
26307
4890
5960
24404
2003
31400
2804
3040
17160
3170
26907
13501
20996
30891
22902
15660
29830
17270
3600
30867
31207
8840
4909
4340
23603
26307
12950
31990
27504
1705
26600
1903
1208
8508
24680
25690
25402
8205
3940
22820
29605
26890
20426
29010
17207
6410
5980
18108
30806
21207
14205
22304
23980
8209
12901
27073
31905
24002
7089
2200
18280
14880
2970
880
21605
17801
8208
2404
10073
3808
4670
19720
3910
21140
22002
15602
1802
14905
19780
18603
16704
10563
3140
14260
8970
7540
10560
4190
25045
6808
8504
3910
13901
11305
18770
9890
3170
29250
20724
9007
21470
16408
22028
17800
22600
19064
1500
32018
11500
26804
20332
12370
9860
22804
10209
4207
26160
12607
23280
480
29580
15805
28980
4610
26307
1360
5307
32205
9340
22600
11860
18380
10052
28000
24150
24407
23099
4590
10985
22300
940
26420
12507
10865
