10000005086
10000021132
10000025469
10000000955
10000021592
10000030793
10000003621
10000019658
10000000561
10000028166
10000032175
10000024049
10000013904
10000017629
10000001300
10000008942
10000017247
10000013774
10000032335
10000026275
10000029773
10000021566
10000004322
10000019861
10000023244
10000020596
10000002130
10000024687
10000011732
10000018971
10000015014
10000009854
10000014367
10000012995
10000032492
10000020530
10000022186
10000016480
10000013237
10000029091
10000001850
10000028617
10000021908
10000019722
10000001749
10000005946
10000009634
10000011588
10000000069
10000002259
10000024573
10000020562
10000019096
10000017687
10000000580
10000025051
10000014243
10000015726
10000008733
10000001448
10000029306
10000009891
10000021424
10000029223
10000028153
10000023398
10000008233
10000006890
10000025407
10000020171
10000003130
10000027429
10000024622
10000003785
10000011926
10000004147
10000026092
10000022205
10000022135
10000021522
10000005989
10000012772
10000016921
10000002018
10000030662
10000011748
10000025917
10000032361
10000014595
10000007492
10000016295
10000005778
10000006738
10000027119
10000017312
10000021994
10000022190
10000030646
10000019573
10000004898
10000009046
10000005834
10000009461
10000012431
10000015947
10000001606
10000007671
10000026285
10000003285
10000001699
10000013522
10000007832
10000018943
10000031810
10000018916
10000023697
10000017686
10000008678
10000026380
10000014976
10000012334
10000019254
10000005679
10000029292
10000032413
10000014144
10000018358
10000030980
10000021374
10000029425
10000018702
10000010265
10000000047
10000019358
10000019239
10000031010
10000004819
10000020862
10000030966
10000020407
10000029905
10000027182
10000007668
10000021526
10000006483
10000029483
10000023708
10000023969
10000015304
10000029787
10000029937
10000027998
10000011875
10000025221
10000006901
10000014454
10000014490
10000029140
10000023859
10000017079
10000001447
10000030809
10000006966
10000002322
10000008970
10000024710
10000003087
10000015389
10000003845
10000011187
10000021716
10000002705
10000022303
10000001180
10000012059
10000031693
10000018082
10000025057
10000008067
10000023122
10000009501
10000014469
10000015404
10000011845
10000001250
10000015984
10000000826
10000018416
10000008585
10000015597
10000016725
10000023105
10000020075
10000029485
10000002092
10000009546
10000029992
10000002242
10000013550
10000012479
10000009249
10000004132
10000001743
10000005756
10000011519
10000006447
10000017801
10000023804
10000021291
10000021411
10000030680
10000025058
10000002643
10000016803
10000010749
10000021620
10000017644
10000031287
10000017468
10000016411
10000021162
10000031691
10000029022
10000009957
10000020233
10000003757
10000005424
10000011267
10000008136
10000014226
10000021250
10000020043
10000000872
10000014866
10000009257
10000012982
10000012209
10000011047
10000032381
10000032483
10000000046
10000005042
10000002780
10000017299
10000013484
10000008950
10000027557
10000030507
10000016319
10000028955
10000004925
10000000054
10000009533
10000020908
10000010894
10000020448
10000026817
10000013850
10000001923
10000003195
10000003114
10000008247
10000013197
10000019454
10000007705
10000009403
10000000545
10000024193
10000022646
10000032194
10000014136
10000010435
10000020203
10000011596
10000015821
10000003748
10000011623
10000012221
10000028259
10000028075
10000001693
10000015962
10000025981
10000010113
10000012931
10000008658
10000027171
10000015476
10000015572
10000005298
10000025700
10000030197
10000025486
10000013807
10000025550
10000008474
10000009588
10000002913
10000013816
10000022812
10000024717
10000005186
10000003320
10000025050
10000000163
10000027571
10000013805
10000004693
10000015813
10000031543
10000024439
10000020275
10000027333
10000015670
10000028730
10000005436
10000021435
10000003964
10000027999
10000005087
10000011393
10000005559
10000028947
10000022446
10000003892
10000011260
10000012549
10000001246
10000002745
10000026947
10000005356
10000008648
10000016694
10000012774
10000023807
10000029034
10000005781
10000023078
10000022651
10000024039
10000028421
10000022695
10000011297
10000029443
10000032120
10000002287
10000010422
10000026792
10000008741
10000032234
10000012673
10000015716
10000022792
10000025705
10000013008
10000024808
10000014429
10000030110
10000010355
10000028298
10000032553
10000031137
10000013375
10000030660
10000013233
10000023023
10000017548
10000024243
10000020993
10000017382
10000019128
10000016537
10000002663
10000023370
10000000418
10000028763
10000004085
10000031939
10000017456
10000000260
10000030466
10000004189
10000029641
10000024640
10000009129
10000027654
10000028379
10000000226
10000018504
10000017939
10000005975
10000005470
10000029699
10000014268
10000026928
10000023120
10000012607
10000020379
10000008416
10000028915
10000013351
10000013361
10000029155
10000018859
10000006443
10000022114
10000019769
10000007804
10000013180
10000013300
10000014312
10000032144
10000027537
10000010771
10000012664
10000025524
10000011684
10000022480
10000010869
10000026332
10000026678
10000004253
10000002801
10000028827
10000006791
10000024275
10000018687
10000002220
10000029471
10000005676
10000003897
10000012140
10000032328
10000030281
10000029500
10000018525
10000025745
10000023854
10000015398
10000005284
10000014669
10000002497
10000014622
10000015756
10000022802
10000028238
10000010189
10000028417
10000022586
10000004870
10000010973
10000000534
10000000357
10000002171
10000020609
10000014208
10000025589
10000027174
10000010477
10000000536
10000029329
10000028897
10000027865
10000024925
10000012707
10000005485
10000013315
10000019439
10000030170
10000017134
10000015274
10000010773
10000012968
10000006506
10000015635
10000024633
10000022725
10000016461
10000021512
10000026982
10000017578
10000018664
10000030036
10000000465
10000015639
10000008429
10000030024
10000024909
10000000398
10000005365
10000007737
10000001493
10000026837
10000025339
10000022271
10000003590
10000003960
10000023774
10000022904
10000009122
10000005701
10000006882
10000030979
10000030223
10000028878
10000015919
10000030982
10000017621
10000017386
10000017233
10000029545
10000031268
10000021556
10000025783
10000020248
10000021836
10000001163
10000003380
10000018053
10000009538
10000025745
10000023169
10000032291
10000004898
10000020268
10000012216
10000010988
10000031912
10000006407
10000022490
10000018652
10000024245
10000020242
10000014411
10000024947
10000020432
10000001278
10000004945
10000025143
10000002722
10000013250
10000023193
10000000816
10000002169
10000010265
10000004529
10000015723
10000011207
10000000257
10000016527
10000020856
10000031392
10000015934
10000030216
10000024043
10000026943
10000024277
10000023130
10000001502
10000013441
10000003985
10000020899
10000010094
10000019560
10000027009
10000011880
10000008762
10000020122
10000016504
10000029711
10000011751
10000004320
10000000396
10000010597
10000016542
10000015271
10000008600
10000015128
10000001420
10000029826
10000007098
10000028222
10000025441
10000006310
10000032725
10000025292
10000004818
10000001901
10000004368
10000009760
10000017687
10000031955
10000029781
10000021880
10000023150
10000031740
10000028371
10000020601
10000010390
10000018860
10000013437
10000031657
10000020821
10000030413
10000018056
10000004853
10000010482
10000031469
10000025073
10000003116
10000011451
10000024254
10000032245
10000002433
10000002433
10000030356
10000023191
10000023565
10000012823
10000011498
10000007965
10000005707
10000001494
10000023774
10000002195
10000011930
10000001820
10000015536
10000010311
10000012734
10000008649
10000022598
10000012875
10000001376
10000000449
10000007083
10000023543
10000014985
10000031084
10000028044
10000019044
10000028715
10000030777
10000022970
10000004338
10000017817
10000004374
10000019371
10000016323
10000023817
10000004346
10000022776
10000000573
10000028185
10000009564
10000007136
10000019852
10000026695
10000004793
10000007620
10000007965
10000009592
10000031506
10000020905
10000019236
10000011378
10000013419
10000007865
10000023320
10000000866
10000012109
10000031426
10000031794
10000004695
10000027973
10000005302
10000032241
10000005572
10000001891
10000003881
10000024729
10000008450
10000017595
10000019158
10000029615
10000012492
10000016616
10000016667
10000001150
10000019905
10000008836
10000028280
10000007318
10000016102
10000025009
10000019732
10000020551
10000019489
10000007827
10000024376
10000007467
10000004287
10000002004
10000018897
10000022681
10000024047
10000020767
10000032498
10000011827
10000011588
10000014757
10000030800
10000011865
10000009015
10000008859
10000000453
10000027827
10000008611
10000013753
10000005070
10000011947
10000027207
10000007101
10000015885
10000010736
10000020808
10000017126
10000008647
10000021237
10000032684
10000013690
10000031846
10000015216
10000017888
10000000065
10000016888
10000000219
10000032307
10000010503
10000018351
10000019190
10000032601
10000013597
10000032351
10000023108
10000007913
10000016345
10000015620
10000009865
10000017374
10000008466
10000006969
10000003410
10000002330
10000009124
10000023489
10000004205
10000028638
10000019442
10000026370
10000009325
10000008788
10000011871
10000021893
10000003879
10000017926
10000021972
10000002680
10000022072
10000024164
10000014909
10000024108
10000015741
10000016193
10000018188
10000022679
10000021912
10000003926
10000029109
10000031699
10000006770
10000023230
10000024624
10000007837
10000008628
10000013688
10000008058
10000022230
10000022860
10000028137
10000027156
10000029702
10000021999
10000020312
10000032386
10000002516
10000012689
10000029807
10000001485
10000002703
10000031214
10000010688
10000002562
10000029097
10000012037
10000024638
10000031921
10000032311
10000020887
10000012224
10000019823
10000032114
10000000429
10000027010
10000004181
10000009528
10000011535
10000015011
10000013438
10000032396
10000019918
10000024232
10000019084
10000024593
10000014523
10000025079
10000023332
10000030867
10000031725
10000029789
10000019821
10000027007
10000019775
10000019337
10000023957
10000029030
10000002255
10000005519
10000009037
10000009854
10000016257
10000031590
10000010312
10000016673
10000021882
10000013162
10000003775
10000030284
10000012453
10000009178
10000018416
10000025121
10000030514
10000005467
10000023195
10000000614
10000024081
10000030068
10000014723
10000016643
10000001915
10000010512
10000010739
10000003719
10000029034
10000028415
10000014903
10000003236
10000029724
10000021108
10000018462
10000018607
10000020628
10000011656
10000006015
10000001569
10000020249
10000015286
10000030897
10000006425
10000028085
10000015454
10000032529
10000020695
10000007863
10000009539
10000018303
10000029250
10000005938
10000025868
10000020193
10000016995
10000011644
10000013766
10000022688
10000008424
10000018351
10000032608
10000025894
10000012962
10000023083
10000018990
10000014438
10000007175
10000030226
10000016743
10000028756
10000019377
10000026571
10000017831
10000011112
10000021725
10000025984
10000003949
10000016159
10000023021
10000019872
10000024990
10000032378
10000001766
10000030045
10000019457
10000004222
10000007155
10000001839
10000032193
10000022194
10000002016
10000029007
10000010222
10000025508
10000004768
10000025661
10000028668
10000000356
10000006088
10000024890
10000029250
10000018439
10000020753
10000022735
10000021628
10000017446
10000012506
10000022852
10000026697
10000011612
10000019619
10000019754
10000023982
10000011468
10000022419
10000018898
10000001426
10000013208
10000011507
10000028116
10000009280
10000024939
10000027313
10000020361
10000021480
10000031472
10000007134
10000031632
10000030494
10000028760
10000029489
10000000845
10000015193
10000029657
10000005506
10000007013
10000011125
10000008234
10000029775
10000019011
10000021041
10000012039
10000014394
10000009879
10000027826
10000016307
10000015240
10000009682
10000011519
10000011633
10000005284
10000031403
