100000000004882
100000000018677
100000000028407
100000000003762
100000000018338
100000000026329
100000000000329
100000000019829
100000000008069
100000000017163
100000000002053
100000000017634
100000000023940
100000000008098
100000000001784
100000000020513
100000000014093
100000000026233
100000000002001
100000000008030
100000000032433
100000000010158
100000000003236
100000000015946
100000000024230
100000000010277
100000000004712
100000000010906
100000000009030
100000000000003
100000000009081
100000000031367
100000000005518
100000000018739
100000000031254
100000000004940
100000000026016
100000000024036
100000000013028
100000000028588
100000000009537
100000000009993
100000000003946
100000000030314
100000000021084
100000000031448
100000000018579
100000000024783
100000000029053
100000000002892
100000000028975
100000000012583
100000000014423
100000000025763
100000000026737
100000000014660
100000000018494
100000000031712
100000000023666
100000000012537
100000000030893
