-1
234542
38156
-1
-1
-1
-1
34185
-1
66099
124031
-1
60510
-1
-1
-1
52467
31855
60518
-1
30632
40761
118419
-1
249486
36126
-1
77668
52444
104776
-1
-1
24121
-1
1329005
-1
-1
45459
-1
32099
29608
38821
-1
62764
-1
379942
3146615
89714
28711
39657
8871
27956
780263
-1
32992
-1
-1
-1
-1
97757
24252
-1
49528
-1
-1
28627
-1
-1
-1
26775
-1
88986
140664
-1
-1
-1
78274
-1
107268
-1
-1
135700
-1
-1
-1
29964
93814
-1
-1
467
-1
-1
-1
35968
44433
38924
-1
19415
102239
26308
40362
18306
139238
-1
-1
28899
-1
-1
16848
-1
-1
-1
-1
22846
773334
616
-1
525171
95928
-1
-1
92752
82541
334618
-1
-1
-1
-1
45714
51528
-1
-1
19346
-1
61181
-1
238473
98004
27407
40797
21470
-1
106723
65584
-1
-1
124276
125796
-1
-1
51722
-1
-1
-1
-1
31062
-1
-1
-1
163075
-1
24000
21592
30797
24304
-1
-1
430404
-1
-1
46522
137429
-1
52483
139653
-1
28830
-1
-1
-1
-1
-1
-1
-1
400628
-1
-1
18532
27638
57434
-1
33285
-1
45895
27695
-1
874
29486
-1
17677
27833
43592
46535
27076
-1
-1
-1
-1
-1
-1
-1
89761
241230
28541
-1
77390
17331
30587
-1
174474
64343
-1
72038
784
50547
-1
-1
-1
-1
-1
24617
-1
-1
87714
33723
33066
26163
38912
186467
-1
-1
25202
54989
300
32998
-1
29491
30506
537
-1
-1
30038
-1
23091
-1
54620
354
-1
315165
20157
29654
33829
18403
29929
51166853
24292
71690
-1
148574
-1
-1
72195
-1
-1
250291
24810
461
-1
27151
-1
-1
91327
-1
526780
32058
-1
23209
-1
-1
-1
45084
95611
-1
374555
-1
-1
23800
-1
-1
27741
-1
-1
-1
72130
21491
32115
58403
-1
32875
-1
-1
-1
44686
18702
29502
190886
-1
20644
34192
-1
-1
-1
-1
-1
41950
-1
44358
-1
605
55747
-1
-1
-1
18975
-1
18127
-1
31973
27625
-1
54855
-1
-1
31100
24472
56961
-1
21359
-1
28939
60706
-1
-1
59266
-1
-1
37058
-1
-1
16971
20491
26481
