-1
-1
696990
98466
-1
74658
70777
470179
600548
-1
-1
31258
-1
-1
19184
-1
22106
-1
-1
30861
29818
29615
68420
-1
27054
56824
-1
-1
161336
88378
230662
-1
-1
152127
-1
76434
85419
40583
-1
25562
479695
-1
-1
-1
-1
-1
25431
182828
-1
44133
-1
-1
-1
-1
-1
-1
31018
23542
27280
8002
-1
507
733662
-1
20280
30697
26300
32392
-1
-1
-1
-1
-1
57880
-1
27496
-1
-1
760617
76410
-1
184794
-1
-1
33163
-1
-1
-1
-1
29266
31736
49213
947
-1
-1
20196
-1
-1
25293
-1
55431
31758
116052
-1
48590
17828
-1
-1
55711
-1
26177
-1
816
10031
-1
-1
-1
-1
-1
-1
-1
-1
42139
-1
-1
31076
31983
56718
-1
80254
-1
-1
-1
99129
-1
43467
13186
-1
-1
-1
53107
18431
32813
190203
114827
-1
15868
34988
-1
26656
28938
-1
133150
-1
-1
76024
-1
326459
25204
-1
-1
-1
121488
-1
-1
28193
-1
90983
-1
32494
-1
-1
-1
-1
-1
-1
40194
65145
76951
23288
48856
74227
-1
-1
50132
-1
-1
-1
21585
-1
34807
77751
32559
-1
31897
-1
9534
378366
121867
25781
31106
98217
-1
22840
-1
-1
139557
53058
-1
32096
-1
29134
-1
-1
46282
1137714
-1
-1
-1
201848
48364
-1
17367
53292
-1
-1
-1
-1
-1
97778
129392
-1
-1
-1
-1
19454
27855
36941
177186
-1
33351
-1
-1
58719
-1
-1
-1
-1
-1
-1
-1
32536
-1
-1
-1
-1
194135
-1
54115
939196
952663
58327
30916
1353370
289190
-1
22838
60474
240772
-1
63957
33504
-1
-1
-1
24825
-1
32156
36377
-1
-1
-1
-1
-1
-1
15888
31509
26315
635373
-1
48380
37222
38704
118925
15522
-1
-1
42061
53929
19863
-1
-1
-1
-1
67859
63037
36270
29314
62788
41805
42116
-1
21423
189675
144425
62848
-1
-1
26431
-1
-1
-1
-1
50539
-1
-1
30690
-1
193529
58069
79053
993
50747
53148
32363
-1
-1
-1
-1
-1
60419
-1
70135
-1
-1
-1
-1
43114
31223
-1
88767
28442
-1
-1
55392
62341
-1
32186
-1
57998
55292
-1
686
11667
-1
503102
31311
287948
31467
33634
-1
28373
-1
59749
94992
76342
-1
-1
63166
-1
45223
-1
25716
41701
-1
-1
-1
-1
46569
