-1
28171
-1
-1
-1
-1
95983
52043
19893
123340
19479
7609
333593
-1
28528
19716
-1
58802
481544
251585
-1
-1
-1
25657
26343
28520
58766
-1
933
28824
-1
55188
32386
-1
31310
-1
-1
-1
-1
53494
442073
29573
-1
-1
76537
342633
-1
233283
25603
-1
-1
-1
28382
-1
-1
-1
67494
-1
40062
-1
753
-1
65267
-1
-1
32086
35030
46165
-1
65019
-1
-1
-1
-1
-1
203187
-1
12476
-1
29098
43626
-1
-1
73032
73154
32305
-1
-1
28040
49292
83856
-1
-1
-1
29600
26192
-1
-1
20796
15115
-1
-1
17592
110416
-1
-1
-1
22278
48194
-1
30343
32410
-1
119417
-1
-1
26906
105462
62622
-1
85970
-1
-1
33194
-1
-1
-1
-1
-1
-1
21315
-1
-1
138675
-1
-1
-1
-1
-1
-1
-1
-1
-1
122501
-1
182431
-1
88418
-1
58318
-1
26606
-1
30979
636240
-1
-1
-1
59899
-1
-1
34901
20326
-1
-1
66340
61665
56380
-1
-1
-1
-1
21015
23601
-1
56749
-1
-1
-1
44764
-1
-1
97583
62830
-1
-1
-1
91255
-1
-1
-1
-1
22884
81470
-1
57267
-1
-1
-1
-1
108877
32605
32958
-1
-1
78636
-1
58557
-1
-1
236767
-1
-1
-1
27046
-1
-1
-1
57096
72417
115151
29826
31956
32778
62782
-1
13973
91017
-1
-1
-1
51860
11857
-1
22469
46012
100901
40111
12969
238426
-1
54261
-1
237557
-1
-1
56348
7515
-1
-1
19777
-1
52610
-1
-1
-1
-1
87888
-1
39500
-1
-1
-1
284160
52068
-1
-1
-1
81624
26458
-1
58111
20235
-1
-1
-1
-1
-1
37864
62343
-1
-1
35460
48243
-1
13654
-1
-1
-1
-1
-1
-1
-1
-1
61715
34238
-1
136364
-1
-1
25756
31651
46258
-1
-1
55161
-1
-1
-1
-1
56925
56694
-1
238941
21413
-1
-1
293028
-1
78634
29244
-1
-1
-1
52512
-1
-1
-1
-1
-1
-1
-1
-1
26167
25277
12170
81894
-1
620619
-1
24821
-1
-1
-1
-1
124114
47708
-1
-1
-1
-1
25772
56394
-1
24647
-1
55697
30641
563389
-1
22636
31584
-1
45603
27744
29166
-1
73511
-1
25457
-1
32763
-1
-1
147934
-1
-1
-1
72669
25504
-1
71828
-1
30689
-1
-1
687980
-1
-1
23586
-1
-1
26140
29853
52563
30350
-1
30429
