6752571207
-1
-1
73816183430
-1
15032965995
-1
77900540210
10216410083
6367445224
5557374127
103281230723
-1
-1
7891891328
-1
4402165310
-1
6243580874
5936544026
49445719084
-1
-1
359642936368
62230651997
-1
112111155376
6349065625
-1
-1
-1
7363947144
-1
-1
7524747363
3920678353
5973662300
-1
12162422439
5687527213
-1
-1
-1
21497083063
16380687925
74563064945
14903413057
75473376360
-1
-1
63747499915
17902237790
6342762295
-1
9613210170
-1
-1
-1
-1
8862923738
12543522937
29570190814
-1
13349768292
7351088144
-1
-1
138913321727
16918425743
-1
24786191858
4915696208
-1
7795368152
-1
7140032816
-1
-1
53732332402
-1
-1
-1
8753343227
4580513593
3750907087
-1
-1
-1
-1
-1
-1
-1
-1
-1
20704080905
-1
-1
-1
-1
-1
-1
-1
-1
-1
-1
-1
10223775878
5330790226
-1
-1
4874666411
-1
-1
9732716563
35776160261
-1
-1
9777060888
-1
3571534807
-1
-1
19197050650
9891813239
7293152547
-1
-1
8771102536
-1
17139342852
11445794636
-1
-1
-1
-1
9982730614
7416817496
-1
104318053357
11410141218
6075089976
-1
-1
-1
12802010592
-1
-1
-1
-1
-1
-1
18181528024
-1
-1
-1
-1
13413638859
12200430034
90733325490
99652300082
10362711020
-1
-1
-1
6471537394
32988392035
-1
10998715687
-1
15153958624
-1
15520524140
-1
-1
-1
-1
-1
-1
5094208024
-1
17487197071
18403766999
17685243361
-1
-1
-1
-1
-1
7055781781
-1
-1
-1
-1
-1
-1
-1
10452543533
10586368130
-1
-1
-1
11228194884
-1
62279695259
9038118150
6446104272
-1
-1
-1
34476303265
-1
-1
82427440111
-1
-1
6702833221
-1
93746052066
4582581508
-1
4232184125
-1
-1
-1
-1
-1
-1
-1
4962385956
102055496367
13335693009
-1
46959846042
4232561571
10933500193
6006578768
-1
-1
3460771595
-1
21422692742
-1
30603543141
-1
12290567045
-1
-1
-1
-1
-1
23484566244
-1
3890840261
-1
22839865497
-1
7646200148
-1
26407882499
6331020171
-1
1617922311300
14404153245
-1
317905265799
12677392385
4530687409
11331325412
-1
-1
8065244145
-1
209733842385
-1
9887145964
-1
6137926711
-1
43363386113
14131825863
-1
12729778572
7975617124
8706706265
9827757379
-1
-1
10814659314
-1
4403942749
21321820844
-1
-1
-1
25421613728
7540225178
-1
5965919959
-1
194377305358
11197155933
-1
4261055287
-1
20300396453
-1
39416903383
5463939202
6466196988
-1
9482992873
-1
4663957165
-1
-1
-1
-1
-1
-1
18537116417
32030870549
-1
-1
-1
-1
7872971767
4790648905
-1
27000939116
13376939534
46785436786
-1
-1
-1
-1
-1
12817384585
7954772436
34078625254
-1
-1
-1
96388857075
-1
-1
3651359500
183646364441
-1
-1
5205787187
11825626629
20502199686
10483223991
-1
33817532265
18622991331
-1
16964190687
-1
-1
-1
41705422327
7105495523
14506416676
-1
3831950183
-1
-1
-1
12530758030
87377970053
-1
8722578260
-1
-1
4731058635
20414285742
-1
3992219588
-1
5945485658
10133344647
-1
-1
-1
4071921684
7981023968
13592077364
-1
-1
11501850922
370552124061
34633715534
-1
6174784117
82657103266
23943837909
-1
4413529855
42881696528
140039791818
32843316943
-1
8456917222
-1
-1
-1
19855836814
17485161805
-1
45764417591
16799099931
-1
-1
16126135505
17526103116
-1
-1
21505884175
8733034569
-1
7794337889
-1
-1
25341182766
-1
-1
-1
-1
7843522135
10355428603
-1
33479179211
-1
6483320344
5814935853
8045300498
-1
-1
20054310544
-1
214477241866
-1
4954974891
-1
-1
-1
5180386133
-1
-1
59818837192
13493248193
3671568781
16090689701
5192814075
-1
-1
-1
6542465011
-1
-1
22611380575
16912315827
-1
3560880850
6034515444
-1
-1
10337469849
9792215777
17481178011
9246978361
13799498903
-1
88159062304
-1
5050797846
17992103507
-1
-1
-1
-1
-1
-1
-1
96620856417
-1
-1
4290932538
6143844609
4081982163
-1
-1
32238724802
81681444340
10993075686
129842619798
-1
3460457871
-1
49134900223
-1
6442865028
8100263423
4944815877
-1
-1
-1
-1
-1
5053845658
-1
11035310906
106722665393
41974844679
-1
-1
-1
26881038236
-1
4722688931
10033901241
6330266860
-1
13600878136
-1
-1
-1
11712226286
23731962044
-1
-1
8374337007
4882509956
-1
-1
5950272393
281167894426
-1
11089776640
-1
45348368187
-1
-1
-1
9111393094
5471586172
13051378471
-1
-1
18164072130
-1
-1
8381354063
-1
-1
-1
7443805117
-1
133643485993
11604888460
12979792348
-1
460267588542
-1
-1
-1
-1
5136331865
-1
-1
-1
20280237840
41270670683
12044181855
-1
-1
-1
-1
-1
-1
-1
9126452579
-1
12971888575
-1
73693901322
6229245692
-1
21444709072
-1
-1
4270850233
6714237736
-1
5901353183
9091398017
-1
-1
-1
-1
-1
-1
64565709239
35954038963
-1
5581738574
14631287189
173320481061
-1
-1
-1
-1
-1
10117237873
-1
-1
1863200815008
12626107997
-1
38120538655
-1
-1
3820519210
9800369053
6396023717
-1
5434996279
8045679437
5664343168
8445799697
-1
42880710806
7785026554
49388095967
7756326931
73437650936
-1
-1
58240210517
9748284578
4864714877
16897703314
-1
-1
3210269716
-1
11596509236
-1
-1
-1
-1
-1
