127085
102065
119715
50280
22275
34050
2925
415
86630
22160
111725
94875
27800
44480
128700
10555
119070
123950
12475
116910
23450
71430
64000
113735
78725
103520
72610
36650
66685
94600
68875
111950
123905
6720
34350
70950
127990
43300
46720
41590
119340
55520
45335
88635
58630
24225
40380
126825
38130
97615
81655
30900
33565
41450
23830
94055
52405
121050
108110
85835
27615
125965
37785
75600
50415
129705
58160
93025
29000
88325
14120
87900
22160
35360
27075
13000
72610
74225
75375
50590
2500
90270
22475
19985
93075
87795
129765
83840
96285
25495
59140
86575
121860
55630
72425
35865
61035
40585
73430
109250
42015
38225
68500
75270
20165
105735
50830
50150
80265
64595
725
120180
78505
66740
104270
95330
70175
114360
47485
70175
19685
28480
110060
42875
108025
116220
32005
54625
2950
99450
81205
18155
111010
93865
33250
41995
31215
21540
98210
25915
112610
66150
30005
120980
25285
127020
59800
42835
115675
94665
20235
11500
111145
83580
39735
126650
27385
85660
91175
33975
71525
15135
70260
17280
69360
1450
47150
128775
59160
66085
7455
65120
90065
88260
36770
71830
81205
113070
2765
78450
7670
71900
82345
99725
89870
17380
7920
22425
72725
73715
84575
109500
23845
24870
17070
78875
33055
101120
40105
54435
62825
2465
128800
67310
84580
78875
78890
93965
46355
2000
34580
61820
69000
27795
59260
104850
23200
53790
31040
106945
64115
128635
31190
125995
96235
107800
16900
81000
7505
16175
126300
33400
87050
122175
13765
99985
57550
55570
5380
17850
69000
37180
113290
20460
118710
13690
91800
30375
64530
27595
113215
7365
104240
106225
3220
30595
86735
116125
21665
69625
18620
94965
79985
120375
530
65435
119090
5345
121890
105520
111690
38440
121255
72850
53580
18800
127375
19510
111910
113250
60030
39805
115230
43090
54120
62945
126175
3940
10490
37225
102035
127600
112735
100060
121870
79200
20140
845
102790
55680
17800
123425
91155
59900
130210
98405
51070
27075
86090
104825
104775
37485
72975
64480
16620
46070
57410
124925
54455
66950
99725
124675
54280
112495
94570
125850
1595
38315
55545
101125
3795
35855
30245
73600
83595
88775
108945
107375
26935
52320
6380
5585
108830
113755
121555
79760
46805
16210
16085
94665
20040
80755
17300
111875
55575
49810
51460
74175
46390
97465
102405
18775
110930
29750
71430
121075
19905
102985
25485
97325
21150
7410
51385
51680
84675
99815
47855
67895
29675
121375
114770
106500
46015
8925
36425
129580
8675
1915
91200
47580
112400
65570
111360
65775
45335
27010
74075
107290
15345
51720
64960
69985
61400
104230
11450
118350
46175
117910
42125
15205
39000
41955
34250
102210
77605
48475
123080
50440
66185
68060
79940
87225
109035
116095
119045
33885
71230
54185
122430
74385
107295
117670
105285
31125
31995
67215
90630
19375
60420
130580
118475
43200
5175
19525
90
93215
113315
105620
67105
13375
106285
122165
35375
41690
130020
625
117045
112210
47330
43580
59095
3070
124285
61645
110395
121705
67120
50890
120280
31405
116700
71675
114875
15340
108475
70385
127285
29500
73825
57875
6520
30305
125940
75070
126755
91360
60195
97460
51885
100700
82225
95450
9265
74750
79125
8980
130250
93575
26500
115595
83250
107500
126470
108525
86400
61320
123625
116600
26985
61765
64115
16255
34300
117280
109810
5515
19510
93050
99775
100810
87195
65585
10050
84780
118660
16165
37925
56350
38660
95875
19760
96340
114000
8195
54430
117645
43090
52780
75240
117120
117275
17090
111355
63125
67270
32275
30290
29125
54950
104245
109025
69470
79370
77145
45890
54485
29150
16930
120000
9620
57625
19730
13125
127200
105285
87955
49615
77950
80945
127620
106725
67750
50285
54375
33825
121050
108270
61665
109610
36235
70505
121020
1435
33550
101925
78720
130375
84330
58485
74145
104700
39180
101915
22470
91635
116925
101420
115520
