108265
65320
97105
115675
53140
108055
80000
79735
78010
6190
116485
126580
110870
81930
35130
23315
11845
59515
62765
39065
122530
120165
35140
117995
93430
45550
16975
67315
40050
25490
123425
43640
17980
86560
22375
30825
32690
13540
104125
83095
113060
128150
78875
26675
43195
78465
3540
360
116405
66710
22655
4070
15580
95835
23445
97900
67355
89905
77660
76130
8325
7475
117680
127580
34945
50515
112610
127175
61750
88200
109425
118620
124590
101825
94200
26265
81760
114905
86995
107700
107885
104175
32260
53675
2240
59200
29475
82215
117420
31045
72445
98570
94700
75715
104305
5315
47180
63710
80990
118315
114865
47920
63560
53975
18025
112575
32325
24265
38330
2350
98500
21500
72965
75695
19800
42745
26365
80425
6550
112695
20025
48185
20690
109325
14680
67940
78590
116930
77910
89310
70775
420
105165
55015
36550
105015
96125
71365
62110
71140
56410
129440
84560
28275
102420
3820
81435
108785
101415
20790
10380
54975
79995
46155
109700
103545
77665
6200
7155
71045
23325
78185
131025
52330
15405
62940
69795
49315
10375
7900
127125
106750
87015
20570
63005
107330
28995
29920
88050
16570
48360
56985
68015
122835
81905
48510
39350
96900
7320
96860
90115
86550
45915
100020
85510
49030
29040
78375
44905
12585
71725
70715
76760
91455
19705
39795
22985
61815
82735
20875
78450
75640
19925
25690
46740
91800
76640
66565
70640
125510
121265
75250
105650
75180
50075
81110
57025
48165
5945
30195
77000
75520
70905
2800
59385
6095
75840
80135
56050
43055
104575
93475
128335
91715
107425
79015
47310
85555
119120
99325
108270
114920
20285
123155
65460
34645
75420
66535
74140
127850
6685
31565
121435
11565
64935
59175
129200
114110
22085
87875
93995
26255
70605
90040
88085
22070
78545
29095
10775
51650
6245
2425
93750
11125
30190
82410
83615
48710
34520
89105
71225
124515
30415
117870
104900
73450
114890
89340
115080
44090
88000
62525
39985
72650
92080
102775
107115
106625
32795
3425
111625
23655
63285
12455
5510
42785
22095
110225
114450
24975
106255
38250
19500
26175
14810
115550
56475
75585
23805
61580
13870
100440
48445
56870
30600
67305
22230
80500
109550
81465
8210
51730
102460
121155
95350
91550
120945
65790
67860
23850
83635
88130
80340
53275
58150
103450
98275
35400
107660
49500
123125
62965
121400
83775
10080
45825
42715
112400
111580
90850
56385
96380
112490
14790
100425
25450
42690
58505
98950
87605
46800
87000
19235
55720
12740
130125
101055
123155
95635
72525
99125
112725
92985
37215
115020
77335
18130
57600
24525
2915
90470
58070
76560
59510
129700
48800
62950
28160
111790
113020
28540
5095
38945
92345
51715
93375
94595
121350
98975
3660
22410
82055
105000
75615
10865
46825
102150
53740
56375
42560
26620
13060
86530
25185
73705
30525
44660
101065
49830
113720
120025
49310
35560
128815
62895
16870
20710
59565
127925
129400
39510
77035
94820
103455
39700
96635
89410
10920
96010
6120
47125
4325
70920
109840
100450
22975
119400
89590
42875
41050
92200
90395
19955
42505
20590
3370
75800
21885
130430
29850
49900
113345
78220
40450
74430
98350
51095
27110
21070
98505
15615
79140
113455
130825
19590
84130
5925
69885
59975
75195
117325
53620
61455
114635
30360
124395
52135
111360
104445
59830
32090
34720
63960
19965
14320
4790
54585
81625
127305
66480
26665
73075
78950
44760
54800
7880
99375
74995
73955
41025
40710
108460
68500
114745
62465
35700
111965
52310
104505
38350
114170
5265
3625
59625
115475
45900
77070
101425
67190
121410
96725
107005
68990
79010
16645
88590
2385
61015
115085
45300
55355
61355
112735
68845
28650
122560
40330
51000
98535
95600
57800
45750
8875
48200
32125
44930
22835
113365
8325
88965
82705
76925
21200
126965
114925
117410
120430
23525
26020
113595
105030
44010
98255
112475
101870
118435
68605
28470
42590
50725
90075
118100
91120
22220
24255
38635
76045
17050
1765
1200
111105
8670
10160
122800
65000
59560
4360
45950
63550
76175
2975
42275
78845
75000
92750
32615
1855
46565
66650
99250
88085
11115
59600
102435
27215
8000
72400
10910
65120
88400
9930
250
69920
53325
90365
93700
101540
55105
105605
103245
80400
100370
11240
39085
17495
97050
64065
40965
105485
56270
101800
130650
35920
125470
115315
18940
118910
63780
3950
52620
31505
64195
9085
126955
130425
43015
109435
8585
106690
87770
4590
122430
49035
101540
67350
87160
4325
23960
41555
82240
87010
108950
60560
102735
109745
17765
107350
87820
550
8620
1360
42435
109795
97800
96155
123275
50875
80405
54250
70760
27600
86685
77815
55405
15450
105570
126410
91815
94025
117630
58670
88900
50795
55365
30115
48800
111315
53350
21025
123750
129780
75235
54545
43375
12625
35410
110020
112125
19570
26535
112340
12490
44915
66975
50475
103925
62475
27740
82095
11605
50490
70640
21850
112175
6975
28925
36235
55435
75875
28210
107890
60205
83575
123630
91975
40620
79380
71350
24745
73060
130640
25050
16600
12475
48455
129800
45120
64255
47670
65985
28765
120485
2105
54800
103815
59930
2575
52460
43240
270
9960
86520
99305
80510
65
34295
111765
72595
96460
92755
80595
104410
121850
109005
93865
40550
30450
69105
57285
113575
127640
45490
130425
90290
48635
65775
88145
89900
121450
38180
85070
76395
22550
65235
123945
93575
54300
101390
50590
99920
83720
72780
128750
30095
29935
69790
85215
119790
85520
27000
86625
23565
102595
74055
96410
39335
130075
54215
24675
85375
91125
49875
3175
5800
62865
18390
52425
127050
64900
115305
45825
5375
32365
70600
24460
54935
59625
112500
63500
64365
17475
100555
5810
77905
71760
17825
98920
8090
26675
56740
98375
48450
69200
40715
101860
88050
51430
86070
21625
65290
18465
17940
42340
118205
36000
100300
20325
109335
59275
69470
40170
3840
125740
79610
84825
23695
40165
25575
117630
90285
14315
64940
105135
99975
119065
115450
99650
20580
11205
101125
41410
42455
69525
33845
54620
34475
28480
130975
110850
111390
45160
55690
96250
121050
25700
102200
73475
120035
49700
4390
70785
39680
78050
25340
107065
86375
78825
6065
46900
78360
67525
113515
125780
49355
16250
14835
35725
58865
46065
86590
32530
98025
70445
75545
120315
127750
90525
130190
118830
89475
48045
12960
77330
56500
43175
101565
39295
103960
85625
120415
63580
65350
54930
128125
30680
64525
86925
95325
8345
25000
96325
108255
50230
93825
94050
22820
70525
51110
9310
80425
109980
35445
19740
130395
63685
1000
99575
18950
103195
105645
51285
100375
77150
100845
41400
104815
40410
54205
22350
37035
64800
81885
27115
29855
39685
111125
111815
73935
105750
102625
97875
86825
71140
49125
117270
63100
25925
48840
15200
113145
111040
32060
55595
1525
84675
95300
66275
89415
50175
103415
124525
15345
104900
38625
50810
33425
11810
18870
25315
32565
61300
22745
119075
107180
30625
78325
5685
62250
29745
35675
53625
19385
10235
73735
84100
31025
21825
12390
9150
82745
90360
22750
76925
95040
98075
19615
88985
124905
112680
66965
35170
116100
104250
129450
69225
54230
20840
58570
42275
6250
79390
112600
56575
114285
14460
15625
28170
23250
24950
100
114125
40545
64330
3740
124200
99280
83410
71515
34525
3000
99270
99780
116710
38095
78090
7535
47025
57790
78310
44145
96875
56205
117700
90710
99195
74020
79320
23655
78175
95245
37875
128640
72400
4560
10655
94525
23555
2745
38530
32030
13815
107805
125830
80495
19975
56880
26985
81490
122565
71570
112580
77085
76240
380
26025
96500
96905
54020
33455
120405
68150
122355
74095
128185
70735
102595
103085
68850
93375
62740
10700
54300
124540
47935
88610
91050
56175
58080
64785
42610
75040
4185
37275
56035
54995
40840
17525
47575
67555
33590
102825
53990
5
415
85620
44355
5100
24125
126195
81360
33515
32775
116820
82530
42500
42305
18975
70040
49065
78815
112795
28650
48245
112465
32250
129500
13590
6835
112860
45850
270
78035
124260
84535
43685
38985
94120
107050
4950
68975
130850
12295
105015
80050
19120
114220
70210
2620
83505
74850
121450
45675
30895
99540
26200
83845
19360
40515
100425
10275
9060
115420
117700
76530
69750
66680
12665
43765
59830
75175
39980
98675
40915
122780
81465
130105
104845
68980
88260
57680
59635
19475
39755
36750
10715
106330
95350
85020
55575
44060
107525
52490
128180
71490
89480
4285
46475
104895
19525
103125
12595
22980
51195
60780
46515
6335
35475
128945
44410
50800
79675
29090
122115
67820
490
19575
51405
84375
51300
106555
70910
120730
125925
24165
44400
44640
80910
53600
34615
29220
82600
63750
51905
78005
82025
119925
79695
30625
76525
43080
102190
85825
129850
86610
56575
109300
105970
113210
90655
122300
54220
93945
130560
107730
21390
98670
56885
87650
97515
109530
18475
50630
126000
54960
84740
27775
16160
2485
76635
26685
88785
121620
87860
122375
33375
92795
45965
21065
102125
64000
4730
99790
104505
78720
41650
92130
89765
76615
10150
44395
116175
12150
117500
105700
110740
95450
87705
106330
101830
45125
108650
75475
124405
109870
11830
30945
80475
127290
15170
61215
33940
31965
1650
80885
42860
47335
8645
17650
8380
41205
80485
74135
85060
80685
62020
118650
34650
93375
107040
76650
34275
15175
120095
114535
10225
35775
85200
128480
8380
93625
24265
82300
114295
66565
96940
51810
74475
72275
109000
77875
15745
96180
120595
127235
54780
65080
110755
1450
63550
108390
127550
17070
4390
28125
59410
69175
3165
78825
64425
129850
49975
112400
6325
55705
68670
106625
113620
52000
113750
49885
31075
60825
125070
103580
52800
76240
47250
63400
2255
47020
6865
89605
72580
59250
43320
23340
10230
114505
3820
45785
37720
65275
16200
128110
29630
71565
52605
111495
75375
43100
46445
93625
122675
4440
124300
77000
140
109080
55715
128680
3410
11675
104115
6575
66215
125870
22435
26190
60250
20175
80690
26000
31875
18255
82610
40150
35440
76655
127460
60970
75575
39980
122790
9700
80340
65450
100350
50525
24250
73740
44750
6740
123105
32640
107395
111500
39995
61850
46625
16985
39150
67810
77015
129355
12235
125535
2825
96125
100205
5475
129285
86400
15030
110770
40120
83610
129010
126090
45995
78710
125250
2480
81325
53705
112125
103825
67810
21685
126165
27470
60975
62085
42820
2465
3940
92950
13765
52800
26095
105355
42340
42390
62095
77505
126370
114715
122425
31475
104485
56365
121875
105535
110815
111935
72695
56360
118630
75755
73330
30290
2345
105190
113030
51675
40185
81200
40600
67605
10015
43275
110840
94220
77535
97300
97800
75525
56455
95350
9680
48655
108820
107175
1250
95425
120360
16590
28470
18580
32670
48800
117715
57725
71125
37510
90575
93065
4275
24485
9720
93555
44150
225
55765
44075
32390
67865
52015
11100
46105
18410
99620
23315
117070
123945
49605
33335
100780
39555
60690
30250
10595
111075
100510
44880
18275
13400
114830
117415
43300
64815
33080
100415
97890
11250
24090
22270
130820
101535
39320
97525
12510
33950
105925
60700
108425
70850
13895
55730
68650
32885
121645
5125
81725
76245
89220
84220
123545
12915
16245
10835
7375
29150
7145
38310
91535
86100
19305
51125
76525
71400
80085
44275
73625
83110
106845
89925
66125
30875
71200
57425
110125
32975
3865
74075
17365
7800
57105
26510
80875
69370
120870
7605
12895
125405
127425
8900
15000
25630
16230
107875
101600
100350
100505
105585
23750
29225
20870
126125
108625
74700
42190
84790
118875
129440
126605
60725
117200
88075
14325
5170
47130
7165
70705
34800
49275
24915
101950
3255
58900
77200
92085
124725
49025
36875
63625
31875
120090
51010
131045
8310
96295
129660
46610
73615
58190
71960
93975
5810
29635
93850
7875
43020
117700
97200
3395
105500
110000
42060
68895
32945
90280
17050
33255
119860
28025
110385
100390
118375
34100
118300
36375
54730
24700
110790
109940
111200
92075
56655
5725
36100
62550
51800
121640
52275
64375
8245
27905
56670
61630
85750
72185
129975
45820
67975
121780
66450
20820
13710
116525
25370
31150
123085
93630
14270
24540
51925
32415
43225
60955
70760
64005
102210
3625
107355
83125
96710
121825
117655
93440
73425
36900
52590
61550
84720
62880
112725
86685
23660
13755
82750
54580
89040
53030
10610
106620
115060
99575
105660
44350
129050
5930
23685
49065
109700
37855
440
49950
129505
70040
69640
120550
33685
41625
89040
23565
101250
86345
87360
21595
5605
128350
116835
25050
10660
111175
41520
112615
15880
126570
19105
19670
124240
37770
9150
105700
50160
92175
114090
85485
124350
20800
85925
1090
32460
85680
67135
112775
10895
130700
112215
122500
112410
96965
34075
44225
36280
24485
5415
120240
116905
117460
51370
280
66940
74720
43075
87900
1200
97625
32565
27860
75355
24450
48255
122575
119705
51990
108765
127370
58675
17925
98750
32435
5925
49315
2440
34185
39220
74730
7290
109405
117875
88265
56045
64950
15825
104625
63515
83125
126425
120425
114320
14180
128235
69875
22735
57375
38165
89690
61385
33425
116875
32855
11675
21140
89385
119175
46540
84945
44330
89000
74320
31400
66675
59140
5505
67115
50035
53925
61825
19075
20105
99800
50115
87370
55950
84525
128680
4555
9830
89895
22300
96095
78260
5670
131085
67525
65625
51235
47620
61250
96950
95120
24750
70965
97245
54285
122015
28200
7035
49775
82550
56950
17895
110135
42755
65050
45145
65510
14375
3455
80560
78865
76555
93060
118250
98325
3875
121825
116655
118535
5710
126820
775
59450
123345
121990
36295
102025
91225
6475
6925
26790
92485
67110
17165
98880
20585
63870
40825
79525
36720
64740
120075
86990
34715
101015
39460
18105
16655
105605
117360
73945
39635
89065
104255
17990
32705
49750
58715
103720
110800
97090
59215
120290
111590
22310
1310
17540
30745
106250
8455
795
81560
39300
84120
17635
88315
102475
58270
66230
84980
42835
28575
67635
124850
54380
120950
76375
124095
84010
32165
95855
103975
38810
62785
10950
82050
128810
39750
83880
108075
120440
65060
35305
88025
11525
14450
40465
23370
116785
18275
89260
46570
59890
28275
122825
93440
34970
47035
16640
35525
32700
41435
119060
112750
500
68140
104440
130385
39885
25745
126545
12985
71500
86000
65450
48445
37130
38850
67030
6820
69110
45745
3385
54535
123385
118275
4635
27360
79875
30290
83700
113675
68260
126230
86955
35805
56845
15125
89625
43100
35500
69670
109335
17900
92470
98185
43255
8425
12090
108975
13030
62255
52525
25225
56590
53125
40210
124270
6630
127355
12875
107845
67785
103080
72320
19050
48350
21645
57175
126250
118200
53180
104800
105770
130
120820
91075
17945
121470
66815
65830
320
60385
69890
65920
123940
42165
39775
112850
89030
33220
57575
87825
75185
90910
63675
28905
62730
56135
75415
18830
120200
18310
53675
77210
23220
33125
45270
11945
44210
129230
113565
36990
98740
1875
28745
13960
5250
85200
65245
90850
10310
123985
125250
71170
10425
82580
108650
24465
30740
36225
58905
127060
129355
80930
121905
15600
59375
53315
26815
98690
3185
96400
91875
128725
89620
27650
56600
100330
8425
118290
102400
88280
102915
60455
101055
28325
12175
41940
11225
116745
44695
49715
83765
79675
44435
11300
126335
85235
13290
40890
26575
107500
3730
122480
129275
122325
6525
69740
127890
41285
99945
12545
46330
59495
12310
21480
5485
61625
68410
37745
122130
72690
50105
30720
118300
4595
38785
108605
119725
29530
32220
111225
124450
93570
44060
114420
13295
32525
100130
64315
73700
114235
4625
101975
107500
61210
125350
58945
108915
48055
56545
77335
58965
23790
78500
48500
118495
66575
44095
86250
77025
87495
87250
121620
125910
17885
11825
48850
109050
107575
51750
82700
106000
109160
123165
3745
25305
121500
128465
97725
14055
32610
5550
106575
16800
72875
116345
45395
28050
74040
12500
120570
26410
76235
104445
64545
86295
9395
77310
103075
48420
42725
21900
69260
31315
115050
90270
60035
116750
108675
56250
66825
97775
97100
95925
9940
112950
31910
105030
98845
40555
3320
47750
64225
49345
46340
95850
67665
48635
102815
38025
130820
40855
28850
126095
103500
37065
126695
85425
27300
96650
124540
29305
30410
69305
98075
4375
3640
124705
77490
72000
28280
75130
129810
11860
101725
18350
19740
28485
575
43690
107575
105240
55450
86900
97090
41535
6900
36235
44665
46470
124835
126325
111130
123190
56725
18755
60000
83465
111395
13695
95285
130680
50450
38640
110350
49510
93945
121380
120755
86445
130195
89910
1050
117420
1015
109290
118845
55750
129325
60600
68550
62750
117260
27125
112910
106250
87050
24025
44245
50830
33325
56950
73475
87320
124040
87770
31885
63720
102500
75325
51815
15550
72155
62415
59635
64620
30165
83955
67895
17985
38265
129650
41575
113090
101020
66860
14575
95000
66775
19575
17915
37850
63485
60460
102550
96305
80745
104815
18240
109035
127550
43540
10965
40860
101575
86145
72285
88445
12990
40145
20435
125640
91800
119505
106000
65650
111075
42285
65370
29845
76430
58715
116105
65275
41255
14515
113315
4850
18525
90800
99000
129425
107810
111560
36510
80225
104430
11645
126965
88830
20310
60310
23995
6795
127770
25095
47675
71265
120970
65575
92650
68220
69585
51325
117525
43300
6750
93750
7875
8315
39445
34520
78475
89350
51625
24965
7010
6450
101875
70375
86365
117265
61515
18020
97405
30880
119200
91180
82600
39075
42785
39980
26190
60420
3900
26150
99905
33640
69680
1750
52895
125925
118560
43525
60025
104800
36995
106845
34500
40500
119170
88260
112180
114640
84515
102240
99790
129065
43220
25950
70385
29790
120410
53090
29210
73795
103300
130650
46770
118510
16200
19625
93125
69715
103960
81980
52745
50110
80450
78190
71275
96125
54565
10070
9750
42340
106905
30875
123715
56380
12100
49595
38575
124595
11975
114660
105205
130650
71475
106825
109555
7375
95295
88545
75750
30950
110000
101825
102625
82250
6025
106480
40935
42035
72580
30380
14520
13275
84800
99395
102000
47120
11170
107875
51590
31920
100625
25570
97910
77175
9450
77580
83400
85550
101300
71825
50325
24750
124025
42650
30365
116500
100605
19180
100575
95090
79680
69350
5535
29805
43960
1140
69900
28335
29825
3180
79625
5000
52700
33125
84550
107685
22365
22465
62395
103475
29270
17100
37750
21225
6415
93935
86750
88650
65345
90255
116470
33885
117505
34850
29820
114730
79775
6995
33955
13125
61580
49950
129785
55400
128440
44710
113675
109335
88340
39825
46435
94195
74940
25290
30265
76450
14895
39660
35145
86025
64230
122610
57285
116250
100700
84610
40165
49210
95130
47870
103135
100585
104025
25965
114905
84050
2380
20910
74075
55255
58560
84620
72305
111250
110450
119460
122475
70400
18005
44705
69000
85360
68755
103475
125170
30650
79100
101930
26240
28090
62535
107915
95600
82625
27785
90000
115785
12415
74055
106675
88010
4630
50420
99555
82550
97585
77625
113775
118185
100125
19510
130615
25375
83870
120050
73335
100375
75880
106620
88885
14570
4535
24140
93475
62930
99315
100800
126355
119035
44535
26165
106945
118035
102650
54365
15025
56625
16625
118945
6750
54690
86560
27250
44475
40400
99250
66720
125910
127715
112450
110190
35275
68550
83320
91715
95200
28105
114575
70825
7080
17025
11750
4280
11005
97985
56225
64910
11275
10775
114415
53320
112250
71665
36650
53150
45420
24865
38600
89130
14975
61160
86880
20870
49665
26280
127495
53445
125935
116435
47300
82890
116215
1150
28025
92545
123540
64125
51470
80680
125220
129255
2125
31435
11000
17965
43350
113255
118100
57525
91660
44105
71820
119240
31730
35925
97275
24905
20605
29310
120675
31400
33450
24025
39050
37525
96695
51485
16015
24035
98425
104410
119315
108860
97835
11485
123375
107005
23485
96620
103830
122935
75415
120205
25615
98590
65550
94600
131045
107320
59910
77840
67680
103135
32870
47470
3975
129130
110545
104500
99625
87705
30990
11835
5875
76460
53675
21255
5500
130320
110990
27450
93780
111420
89475
51360
52020
29335
130775
9150
91595
91150
38840
65025
8450
108840
91410
48420
96020
53650
113885
20325
52340
74305
31190
76005
47075
64730
66525
27130
53185
112875
1500
65150
35770
81250
122875
34330
117795
43975
124775
120205
38355
93055
33475
57620
37750
59150
78800
57250
125775
18870
40460
30550
129675
36455
104950
49795
99605
12135
91645
65105
60130
51000
975
111075
127450
127590
54045
73375
111855
115285
30950
117145
18475
4375
9275
60880
41420
67125
81865
108430
22615
7275
106600
43155
116115
129220
82060
83370
7825
25075
104725
109735
4350
43425
108175
70645
29910
120265
44035
111305
107450
56285
49770
86660
66785
15500
83255
18660
89650
86075
11275
109425
96850
38240
24865
35800
111525
85735
9410
68865
128135
115750
101965
74145
48175
29115
14635
115555
47305
97070
12245
29505
100000
44550
74525
119530
74785
91490
130800
75500
43715
40645
125895
102925
122195
36905
52550
55730
6895
3700
19900
33575
18195
71070
100030
72150
13980
49445
22220
28355
78300
1600
29605
41125
7125
97900
84500
48500
52735
103245
47730
52355
80270
88960
115225
4575
122245
96365
74255
88770
8595
83225
70285
8885
9810
108015
5015
25075
39520
117125
125585
120000
9270
76450
56480
35735
61800
74415
13950
103615
129700
89575
12515
101960
36050
98295
16915
127395
108290
84420
126090
59325
114075
102500
72280
30300
29295
87230
5625
54935
53665
85120
12185
50150
107500
76775
73705
103600
25975
65635
14200
125790
29235
126170
93035
53475
63125
38355
85740
2015
79335
36825
2520
92450
111930
73210
23620
6305
121725
37295
48875
91225
38520
39850
110850
6885
103700
56750
82575
11405
108075
3390
60445
91140
117955
63410
115485
67830
104710
112310
7090
80720
22110
26180
42790
120740
106125
109430
8030
111690
57750
23650
102305
2000
29450
39080
18920
51300
109525
107425
104900
119775
45475
52955
82815
110915
94840
50720
57625
113425
26175
101430
76695
33410
42120
30890
82310
15330
122800
34440
64225
975
120045
17515
22835
118205
115055
111900
75130
117500
93285
94550
51875
72500
22000
88775
97500
38340
39800
12225
48775
97250
8290
20485
20890
58400
101500
66210
108070
110200
110265
36035
54745
119275
54680
27010
81095
53925
43990
127650
48850
12605
10950
51835
117310
107325
12620
87735
75580
123940
20435
39985
107655
126985
22925
117680
45315
95925
19025
53200
127500
22530
70115
11215
59250
129335
119740
97075
43895
17195
11345
58085
57610
72155
68400
49830
122305
7295
45510
129090
74185
98045
92095
775
11320
117795
95200
88285
48340
90370
125505
80865
37500
94510
57140
90435
112310
91215
36720
47400
91755
23545
3330
108400
42825
111475
65960
64890
39500
18360
71040
1275
105375
88310
35650
60415
81585
54475
41350
123195
14395
121230
84065
12900
17520
82585
48350
113345
72420
69075
39125
127745
32445
27050
59415
61945
31900
81050
53865
110225
124175
62840
92825
119465
5085
95405
12950
28315
5410
122530
124050
122450
13905
9975
69830
12030
5420
74980
73975
21995
15110
95
86035
100425
87440
51415
10140
66575
7230
66550
70015
104860
127750
1625
36660
83655
88500
124110
42450
12935
14500
52825
3865
88525
72260
106480
114590
15695
90555
98455
86425
122990
101955
87720
124245
26820
105475
58925
1470
110425
37190
26675
8985
4640
84330
27415
12650
120580
101415
52190
130320
28520
98885
39025
50000
126290
38695
109330
106750
129280
120635
118380
91375
38860
56250
15160
88210
5105
86830
81470
101530
21875
14025
55260
15180
64475
48470
9270
53105
35060
6760
23700
8300
126170
6975
82340
29525
49790
110625
114415
53515
101800
94935
38650
16670
18875
80535
125105
31250
39305
52280
89525
38480
124950
47095
119200
89660
51800
95205
16985
112465
127565
115620
55680
51220
625
31915
122500
24905
37600
47170
90680
80875
112360
33190
94950
105535
21465
70125
109000
125415
39200
43085
123185
118020
59575
69605
58395
90125
33085
57925
58930
67375
14495
38620
38225
97305
38885
94120
37825
40760
108600
86720
11150
40375
114775
106710
68300
130150
107465
6350
55550
6195
82505
120950
30025
43725
92440
100785
110050
124125
111660
52615
81995
109875
70025
127810
127645
103600
9410
3400
38375
3925
121875
29360
115075
33415
99750
114035
71500
47045
46875
87675
57605
83215
21700
105955
120495
96710
68300
114825
122285
24770
34495
84680
102745
92020
115375
34800
91145
14825
110775
114375
10655
25540
38910
23345
121535
18060
94825
5290
24840
128125
105345
74250
81020
98470
8220
100775
119275
87075
65390
40830
78340
6125
109725
48955
76265
50200
74170
21520
93240
25565
54110
15655
41875
7830
54720
40800
15835
71135
33350
13210
49300
43160
126600
74375
95750
43790
99315
97520
82860
9200
2215
25015
96670
7785
26980
122875
27300
74050
103475
42680
40380
56000
111695
102825
26705
37365
73445
8810
49545
126110
16605
128870
73380
39500
56805
20250
75830
29805
126950
108770
6280
41825
30745
37470
37630
88170
37045
111125
50215
44295
69585
7950
105285
13990
68400
5450
60550
122875
101635
71530
85075
104170
51665
101670
95175
24500
75570
61175
130495
23775
91035
36490
85300
23680
12125
3185
27875
31250
34350
101050
46875
26000
72235
44075
71530
57265
8100
28995
46280
64200
117200
65905
120050
45280
51375
94710
51375
89830
71685
39200
110885
111755
28335
65300
61000
108930
40975
64325
67025
1890
81250
69375
119830
6385
51425
101685
120010
69125
51525
106150
87490
107645
69340
46010
25065
108200
96565
29445
79335
118285
36350
13515
3365
105360
12495
7060
6225
111740
52190
55750
27775
21665
14870
13335
48055
25950
49550
86350
42505
51635
94125
59030
95235
28475
9675
20810
68080
46175
42735
109925
123935
45890
63175
129300
60500
66045
22905
87365
63485
30605
83035
29490
49025
99800
102340
81680
73385
47340
80350
120720
28115
125675
68250
123450
50240
48420
92225
85330
127895
124450
44410
36420
68595
124080
86015
93465
14675
43020
75895
27945
51695
48340
11055
123555
11640
102190
123420
50455
114050
86460
128875
20250
7850
6600
74125
31395
2825
49245
49120
27375
87430
71695
30855
53940
128500
2145
10050
92150
126650
73155
93520
95335
121535
7795
78325
37675
62725
13500
25780
109375
26855
81375
20430
79625
47945
52855
117805
59660
72975
97005
108095
113985
95830
128580
99240
34780
64225
38030
105015
4300
5935
50000
34725
52275
100110
67220
105045
81920
91340
68265
56130
75450
370
23450
75955
24210
87615
86265
111135
112250
57055
48920
75000
42855
44215
130285
121475
2780
99130
118610
87665
57025
52565
116960
26390
75155
15245
44875
13795
128065
121705
95505
104785
48265
30670
88300
63405
58565
70205
47500
2820
113690
83235
77550
120260
121975
89910
30755
6310
2260
1975
52925
39325
39150
15305
11900
101200
98745
95425
74425
91725
2805
51065
43040
98950
16875
52375
111615
115310
80050
74200
127040
40575
8970
87160
15490
123440
90015
1145
33795
92625
98025
4325
96500
12625
87670
40240
115795
66535
78255
114525
80635
73000
12125
42910
108520
2695
121850
69725
113390
73350
72095
51115
109880
115740
25700
74120
10750
66525
33785
74545
68790
100755
113200
14200
33830
31535
32380
15390
10875
28800
120505
47100
41535
56335
23675
2680
84100
79090
131010
25555
35810
12690
104075
87640
30875
25490
18765
119000
2440
33900
126125
86500
52825
50060
22475
9220
95850
91360
51235
95025
53525
175
90590
68410
119450
111795
122240
102060
11815
103775
94840
63375
5375
110915
69285
12430
43650
128125
125675
104235
113980
81280
101585
79670
21760
127845
83170
36645
42465
27640
14975
44330
63565
29750
5175
30140
5675
18600
85375
123615
52455
20350
84275
3125
70745
123700
78100
51420
27400
32360
111200
112900
128825
104645
42885
100825
130265
33965
48780
82300
80025
40485
11445
25730
110640
72335
32500
115745
100125
51600
38830
116125
92380
71395
59675
127605
71700
40185
64735
41450
111195
39185
22710
35610
14750
102345
118760
69730
127490
29450
86515
70585
74975
39155
83430
74740
121080
119650
99125
54025
69505
63755
63260
1415
5680
12075
1860
2770
32325
83000
49465
85595
18575
93190
59175
94715
54925
44075
59690
41325
12435
18980
121900
126570
77990
35345
97585
99850
8870
69220
21010
36625
27010
10435
63215
98650
47375
27645
43225
50685
29990
52900
7490
28870
116165
44775
46780
57945
61485
1935
75355
74660
33970
75165
100960
51765
61975
12060
6590
13675
68975
117525
27830
62680
8000
80460
29255
75675
66940
78080
74485
107670
64190
115130
10
113615
102950
43365
94375
24765
30860
19360
68250
101790
35450
45320
121255
110520
53090
54710
111265
126140
59755
104750
107570
69900
101075
40770
37950
128750
32680
29115
6830
79665
56635
13110
43225
61975
58825
13060
69120
33235
12750
111090
26900
58875
110100
75785
38700
112530
130715
88950
12035
95900
120510
38990
6565
65600
54875
22870
120830
65025
31670
45545
34105
73345
113335
116905
108190
124475
51405
45950
120800
59975
110120
1060
25820
17250
76705
87620
122880
68215
34275
11780
50685
110000
116100
96260
15935
126730
64510
129560
2200
88935
7620
66845
108460
2830
340
112570
120980
31450
4960
8800
26490
20125
85925
39905
94485
52335
3880
38750
8525
57575
80735
84735
130745
97425
30180
96250
54050
6680
116190
41775
16700
15805
23020
69370
71460
114060
61250
50700
93650
41630
93595
67420
108000
29585
18540
25275
86250
112575
79090
55010
6200
99225
116010
16385
110660
122335
96250
26590
59740
52755
118295
67130
60675
58295
128085
66325
47290
67225
37500
84275
124290
24610
85900
31240
52275
11700
39580
119390
71535
19445
84230
37000
53720
19230
39275
10945
66000
121910
11230
42810
123410
26505
32450
91355
116490
39905
98575
107815
49575
116425
117055
75490
3755
116225
360
8700
91030
90545
71770
62565
75715
122810
51075
53220
109375
106525
65085
112830
27260
37445
115125
75190
93795
21285
4620
102575
121465
50395
91220
18620
112375
61125
16805
119970
2195
63195
105300
14050
83240
66580
91065
90735
79115
121250
130185
77985
20915
64325
68035
75695
110945
76445
80300
90865
102275
69000
102930
60250
98915
52560
119345
53625
28105
32550
31185
22550
82500
9550
1365
98385
39435
72075
126690
17950
17000
110660
66625
122440
49725
58650
107025
17700
126365
57315
91095
93825
38515
9025
55535
26235
27125
13275
52940
111355
2875
100505
114645
83705
31445
103440
63395
87550
121700
46780
130040
22800
41725
60000
117450
103565
84465
63050
32085
28365
99930
64695
57425
124975
74870
12545
37060
33705
101450
34585
11840
127210
1150
11190
12760
50895
115070
103850
129625
106360
119365
50
105750
124145
129500
73335
3125
106250
34310
120695
8625
37440
12975
56250
8000
130920
10875
58220
13230
87185
78975
91575
103605
73440
7850
104735
48650
36165
30025
36025
26000
54375
104400
10920
111710
50000
80430
127795
87225
121185
91025
82235
124220
77085
63930
124815
90315
95200
59865
63245
3030
31425
64965
32320
30275
90240
28375
4455
74365
122875
83300
60400
90485
130135
38190
96935
127985
24005
42780
73530
65625
44850
73650
130110
126475
19715
12970
105160
46345
38200
62350
14485
78680
75770
119585
102250
5905
92510
88625
58700
126270
103550
12520
79330
124435
44800
33665
83165
56810
110090
119740
26910
15200
72725
83850
123160
78415
102300
99475
98325
130075
17175
10425
99490
103505
7605
126915
26560
101185
32045
103885
30025
31875
4230
34550
130360
48025
70650
93150
126440
115820
81325
107305
108440
445
43950
112695
120945
96300
8825
124565
78350
58910
126235
47750
51150
125155
110000
57030
58870
112365
28550
9945
12825
65150
84390
59070
124035
31265
123625
108395
60000
51610
75365
18575
49450
73655
96680
40665
121570
87485
50000
106450
23385
62270
103125
76320
65215
113465
113020
97105
63640
85550
107525
25190
40015
28975
50575
81725
106100
100825
25435
122700
48875
57230
70070
83720
109700
12625
12690
30875
61705
12565
114600
18275
46750
95115
115700
18575
13835
91485
111290
127105
40535
54575
69200
126365
83090
41660
104910
53165
126365
8910
27915
68750
65585
116850
14665
94630
28750
107205
3865
4750
78725
16480
62765
50300
3670
100140
106510
79610
100960
4475
39695
113005
124365
40980
12795
48535
52100
12625
27650
10025
107685
19755
26500
30830
21180
5715
91845
60335
74520
110625
56800
35290
117510
35265
119170
85550
15685
7750
55000
91790
75870
113075
66580
106825
60820
54000
74425
71550
57785
35590
94680
74975
108080
123150
84585
113655
27460
76650
62405
75805
125830
25995
63860
84890
61475
58200
86595
93080
77335
129280
108500
39000
19600
75820
69490
115485
123990
90610
33810
102500
18390
126455
28905
63430
58580
34450
40300
49235
3665
80320
51680
59940
65600
106270
85375
5370
125810
127800
1290
127970
56135
108390
58030
56710
82855
128750
28350
100875
67750
4380
100790
68985
52875
92245
48860
7975
25400
112105
30745
114335
69790
82820
25285
17620
42975
67845
87475
62225
71075
77715
1925
69150
85885
100765
124690
38710
92745
36920
25510
110925
43315
29885
128845
50125
87635
55340
82245
27155
78835
46875
98825
81900
22200
72400
51220
39775
80125
8020
73105
17135
120650
56945
67405
12660
42355
118745
42125
30340
77065
11800
114625
17390
74905
127180
8290
14480
118775
60325
28115
63400
31165
41550
62205
7540
120130
90575
37725
41180
72265
11825
82115
45525
43275
5630
16885
9485
67500
31250
105165
97415
2175
55985
58545
40210
59755
113025
59555
82130
80900
73950
18955
14095
91925
24495
37500
98380
37090
101000
126550
22635
49750
20925
60150
81100
70535
48235
34105
65540
45270
88210
121200
64120
35175
94235
115725
92125
30300
54000
115625
450
109345
116220
27570
124765
81585
42835
47130
57750
40500
120625
37510
70970
47050
95760
120765
78080
110425
100290
11940
10610
125835
2915
65550
37215
19525
104580
122755
40800
23040
4400
46370
61575
15825
129300
129100
71605
86835
335
19355
2665
74200
88545
117160
96845
102730
22360
21185
11135
9505
130610
76765
22645
70260
675
81480
12900
130520
118280
18605
102100
78585
6265
20625
53785
74985
108630
107905
10025
67375
50655
50310
70640
20585
128185
27980
96975
128365
98735
79765
6520
77210
30150
64125
103485
36900
32385
86990
7850
88740
88770
106800
53570
110575
89320
113080
48065
106710
102870
112880
50430
118090
72985
10885
26435
93835
23005
59150
23025
39635
86315
127475
79885
37175
5300
43050
78805
57165
36625
36905
59225
77650
22745
6810
20945
36725
8840
42020
4750
595
82870
2115
127030
75800
65295
70970
48520
53480
2925
77980
43725
18465
127485
32080
5210
75965
53520
53890
122495
35455
70780
54025
93570
88185
111210
95905
84900
41005
32130
86900
35745
109055
72725
129300
129020
43605
13285
44080
73695
121875
88970
54145
20585
119800
90165
91510
101250
56500
94460
108330
101165
11360
48850
35855
57925
49875
74130
67295
18910
49350
21000
39760
11290
67695
18715
33020
31595
128640
21450
42785
59230
66745
93255
59760
32250
9455
92155
116210
51870
42440
101025
58300
98595
28555
3650
47825
50885
92900
77945
109800
75680
122835
87075
122710
84250
106060
51420
9625
27050
48980
50895
85400
113965
118630
12245
7170
112300
12725
107890
84575
85705
35990
99350
120285
22375
3750
86765
61175
60465
23890
80170
121460
69630
64500
67575
70430
34755
130100
92545
64675
455
51040
50460
96075
105070
53445
26695
42210
118150
65750
99505
11885
58680
108990
37750
88875
128305
119895
44260
83990
95120
112335
91620
102665
32290
74700
49580
47695
56630
115395
117030
43935
54015
123220
87750
35780
51250
109945
108485
19870
124350
108815
16870
81325
109305
9690
48870
123200
102805
39725
3150
30170
52750
41955
45230
25170
81200
95730
107875
125065
102030
107165
22000
26680
113750
126905
87045
33465
122810
72225
20580
28640
29275
86245
59680
119760
3370
80275
56460
91590
111540
85460
78165
112600
113875
90435
58290
94195
26675
74010
42800
16750
12520
89190
19960
63500
60675
58700
91360
123830
117250
56155
103505
128325
79500
77565
22150
121955
51450
77205
37500
95825
12975
59120
109585
56765
86255
80765
39185
93070
27240
91095
35635
129180
43380
114875
114530
45250
123930
50315
375
116325
114755
116165
95655
87920
83325
35325
79420
119570
60290
88675
22250
77975
13735
28940
56485
18205
60310
36675
80620
38575
65240
101575
124330
119220
77125
45100
100430
96245
94380
106550
94725
119395
84875
114180
50825
40955
66115
47230
1125
50030
119260
10410
94175
82455
13235
67295
127785
58275
15825
51495
66395
49935
78000
64135
72335
73805
16750
72560
87770
49985
111105
105175
118420
16210
17670
112820
76060
92305
8175
74035
68885
18740
76085
69905
127880
125065
128000
119550
126915
13030
84180
26055
64645
86590
88825
72645
24080
116750
47920
66335
108850
104510
5905
59170
65350
120020
54745
113265
69485
56010
106930
80550
27770
36840
61090
39990
51205
61845
36255
4105
107155
17545
23985
61905
65670
79330
76025
93975
111700
15525
114580
96220
118115
36000
89875
116635
48180
125575
96015
55275
113575
110655
121520
35705
3750
21295
94005
25255
107375
113340
26570
67750
109495
112685
7565
68060
113030
61345
103860
99105
61815
98710
50110
39485
123275
116230
104740
36605
36250
26625
61915
79275
81895
12960
28150
43620
110525
57015
84025
68895
68600
78250
80255
6000
31565
114035
96650
23170
41375
37125
60505
63105
113035
76435
101585
105195
54240
64000
9305
106460
117625
115955
24400
2150
32350
15240
20150
81375
56290
3600
91820
21550
22425
119840
2550
42765
20865
5110
111300
106610
750
113615
51200
96220
98500
88885
12265
47745
25200
93750
110550
93400
105980
67830
75930
103605
76055
78985
114700
130225
61250
19690
67500
65650
109725
110475
77910
12820
81500
68450
23135
43075
63380
106875
5055
50625
101180
50980
70185
84375
72550
129100
15045
30870
64840
117675
67280
77625
115255
5980
21775
44385
71130
38620
112750
60055
265
25000
21405
17190
74275
99140
86395
20115
92600
66505
68300
44775
60690
45570
59570
108780
23770
64995
70720
87470
45430
13480
780
81025
105450
93585
61675
75425
19425
30600
87555
64310
72470
71705
27400
29935
109770
60235
51510
32775
4980
13385
79930
70110
35425
61275
47260
84230
21750
29835
56165
42690
86700
64405
30350
78140
55355
86210
116400
85750
89475
2680
3475
76525
102600
36975
114095
29180
24210
82700
82605
14655
32495
70815
96045
122190
71505
123625
120600
43655
455
123380
98125
73335
84230
92190
68175
102940
26965
92825
22925
73000
59090
129910
23615
33375
51270
71765
123575
128250
34700
72250
102150
100050
67125
71270
127680
69585
71680
32815
125230
89620
78205
23480
16170
98150
52390
86475
46975
127900
4440
62640
97440
38825
87005
99850
69400
72240
63425
36195
114995
51340
83925
102495
53095
99700
54145
80700
9750
47115
57480
19175
58390
1090
33345
34675
109075
40000
124340
73810
51010
64120
25195
47285
86795
120125
57575
30155
82760
6890
75080
23870
102470
51015
102300
21795
29915
25005
123110
5325
56400
62620
38150
87715
68830
19905
90650
39640
106270
87950
27700
117570
53945
23360
48800
69695
85985
64630
104955
75375
26105
114000
75525
99720
55060
121820
7925
108590
16520
88120
63615
115890
12435
128040
10665
18185
63670
64300
3890
23405
85375
41975
2145
55875
49915
55970
88105
124140
13900
17395
88880
33670
13375
84455
107275
37850
27845
200
99850
22795
17315
46490
111730
130190
101875
128320
90765
20410
101550
122145
104375
73450
78910
99370
12885
25850
53550
19750
78110
45140
6500
127580
118975
2225
47925
72030
3970
108000
30830
82125
9445
116600
57145
120445
32475
130555
110490
83605
119755
78925
130550
119875
121275
117470
74395
68275
12850
70400
99950
104340
7045
31780
23645
24130
30395
115100
22525
37970
45715
26915
28975
112270
11200
123650
50280
75650
37350
39575
41125
18115
57740
84090
119195
53545
99160
54500
14230
23100
73750
7150
113625
44645
47525
123395
111175
126550
39230
18900
112585
13140
41550
7000
73260
101520
105135
76620
62550
9540
128925
13325
113710
91235
114655
94140
56520
119935
4795
17075
57950
42340
123930
83825
39575
38475
32140
68480
7740
71985
87150
52500
120750
98075
115930
100895
38535
64900
16850
45035
49200
89205
100920
48125
109910
73245
94965
73170
83105
61150
120320
109025
57875
77510
79455
60715
105420
91105
108900
111160
62320
25965
103535
67300
1220
69695
53345
70425
16730
21500
115020
4245
116995
27040
62415
111605
28495
635
52975
22085
97850
82140
125760
12290
83405
84235
106250
128170
34950
15310
85815
73700
54500
27055
5475
82670
121900
36695
84720
41935
54740
125620
100660
97500
131060
129390
44660
11690
85275
45125
30680
109770
20160
64305
16550
35515
27840
22220
95810
120225
96750
86700
86330
11780
112090
117920
90970
23755
84755
46345
101045
113145
23290
11305
55745
111720
108070
116875
1110
51880
57850
120325
57830
17650
52050
89710
103500
65470
1515
117425
58400
38820
55600
126235
24975
83535
55650
83145
121475
114735
36500
84465
46540
90925
10245
103190
49910
1745
85165
41850
69525
113830
71925
12875
20780
119400
22785
47920
95320
91280
69780
75600
123075
53850
89950
24500
575
25180
53910
104675
108280
92320
13250
75450
49745
15625
58375
43540
9470
21430
120000
26350
47690
50485
77110
37850
55770
39105
44290
29220
16100
73450
121800
130885
13375
109915
5520
3875
34175
68570
99495
106370
50390
123340
71635
13305
30305
30015
34345
3000
110600
68290
28525
130955
48795
79350
109015
121145
24575
93100
117860
62435
74255
74850
1685
128320
95950
57430
21750
94225
68970
23630
8870
16195
65615
18250
26580
92760
92200
117085
21875
25260
123935
76690
40415
92640
108200
127125
27125
61705
38850
110250
3140
114950
7155
129670
32825
48090
69755
45785
116400
1800
101400
64875
77755
28365
128360
17600
106735
53870
130500
100100
59700
27025
70000
17845
12580
111260
52365
91800
39105
55795
66875
87425
4570
92725
129740
112400
100295
5550
14705
130195
25565
26805
50100
75985
32500
79030
69715
5595
36925
99550
93520
35800
10335
60165
88075
30950
84595
63075
23135
104890
45390
41615
64670
58300
53810
102410
23705
130970
44125
120170
129480
9490
30100
14770
18005
43030
78740
108475
101675
34345
86755
109125
113895
83320
84520
49575
43050
29870
23255
25020
84565
7050
32445
92550
107000
93445
103030
58155
110475
2485
52520
122265
76205
74770
38130
11935
30250
54495
114855
61010
30735
61775
22015
31560
115380
110980
54710
55320
49620
96435
9100
12640
91780
3500
72750
23915
125295
38125
124870
74815
78255
39700
6450
8425
28975
98580
109365
3105
34110
39120
125250
16175
44325
82650
22200
16515
74975
89500
41495
10485
79150
87200
112015
111085
84240
8655
62655
48370
38695
36640
112425
74710
61775
2375
4010
41470
18550
21450
61785
42710
30140
28030
49300
57600
55425
128665
25125
21155
22880
92000
120435
114395
90730
26630
29210
81900
23565
39300
115620
120495
16175
8000
79325
49815
117860
14855
98230
95080
63390
82895
127115
123750
72130
23700
43455
10825
95820
6150
120175
72250
42625
31855
59880
46205
31130
107155
2625
18460
55725
83560
37850
67895
83395
39135
59645
61735
94480
41690
34920
47060
38615
35010
33250
46680
4985
131000
88020
98750
53925
82625
23975
4065
8785
55920
107425
13405
96985
33755
32550
83725
117755
100895
114845
115520
122610
122800
107940
110615
23945
18780
39145
41445
69165
59990
52895
74850
120050
32875
118275
24060
68015
107140
129020
113745
111350
20210
72370
96565
79440
72590
8685
117085
68900
22090
62710
99155
3800
26430
37100
4115
122850
115540
28750
95275
5580
114700
85950
16915
106585
39025
24415
17820
1915
127705
61840
112650
69260
14250
112180
118175
19485
2360
103350
27565
83785
11400
76840
120875
108965
78650
73730
12735
5685
79410
7620
98645
79310
61850
52850
13350
100295
37210
44825
53065
100415
98150
124780
43975
47920
98860
77150
35880
76900
31875
116125
55975
128135
73350
45355
24650
21350
120645
71675
83380
126645
22460
65625
76800
116310
63115
25550
12075
28000
17600
110650
106900
71700
9165
116420
20510
3845
44060
34620
73620
5945
13585
129215
119505
89865
52685
73525
51825
98375
30450
36345
101525
75630
28030
116555
59075
61320
54935
96510
30650
825
72790
108025
29480
4875
19370
117945
93625
77875
115480
6900
66140
72900
98945
114245
73970
41175
27660
90475
54560
29800
116200
124710
22270
20105
19735
29090
78905
108925
10575
116510
25215
52105
4515
9060
68260
107865
62120
99935
122140
70860
25785
102320
114495
7460
83050
63295
106885
107550
47840
111320
20230
17375
67525
120975
1425
49705
23600
20095
42785
48205
71250
87880
21525
6240
110175
2980
81570
51980
107600
53470
34555
99060
114350
121985
61645
51325
60025
120035
82245
74500
3045
106160
71375
119515
4135
92000
2290
45160
36965
130320
123395
49200
21845
33450
114980
3030
3100
102875
62925
20560
31825
121175
91135
69845
36495
84110
16800
40675
29770
55370
64710
42915
16575
131080
72450
120175
82620
125125
57790
71530
28500
93285
104320
7475
77275
127575
77380
104475
54400
14625
9910
53570
9810
72925
97465
74880
74240
92920
93290
61585
29045
53890
57505
35860
51985
66050
23120
53185
103185
65995
8330
116045
69285
121770
35380
68475
96145
40820
12300
32585
82210
54425
55310
47615
122350
92325
59855
128030
87695
76505
15300
56705
415
58570
2440
129670
44150
8125
58195
71160
34000
42900
26125
88110
70635
121335
101585
103200
104995
119580
92975
86915
7080
100195
73835
18095
93875
121280
54240
34250
39410
48985
35395
87525
54380
32800
42000
60685
30350
9320
54440
52260
11160
73550
90830
81450
46295
83565
98790
101465
36125
75385
37950
95975
114110
115875
75375
99175
78940
122195
95105
44975
125375
110485
17045
72175
76165
91585
126170
11730
19190
76560
23800
124530
76555
65025
120710
111995
112375
86065
89125
40750
120870
33440
28645
72595
4330
20345
73905
19525
6780
77955
4450
71650
119715
53925
89950
47520
118895
108225
12420
87785
121695
40655
113375
10490
46790
76005
103620
117790
94195
30305
7700
17355
103125
8375
53950
82850
36580
80635
87510
19835
105655
122975
67110
78975
30000
20405
125735
38190
10465
107580
52140
53885
26955
80610
81150
75745
37475
54540
97055
90180
50540
34840
55915
115280
25830
35300
41320
115005
16700
125525
7310
66330
116395
18965
113245
84915
97275
105960
155
56500
8810
3925
11000
121520
50800
68175
82410
18240
70025
100250
97105
73750
11525
42115
46010
13015
99815
38715
118910
79495
115100
69800
121710
112975
78830
72395
42670
29595
9655
99400
117365
102475
15550
125230
117515
31125
87150
92230
14420
47935
71650
71100
38380
35225
109650
80560
56490
32125
48500
94685
91310
71070
80285
45325
67850
101415
69685
85900
86970
37460
81925
6670
99120
32780
100200
33515
14465
100690
1250
65500
40655
100350
6380
107635
56220
125700
55565
2500
38870
88695
25385
37625
94865
106640
25320
7835
11275
92115
71440
13710
23070
24055
75910
50760
95605
85040
107035
97700
69625
46100
22885
117815
66570
98715
6250
108800
93415
25200
55480
8435
79840
86475
89785
115620
73415
125330
34575
130180
121625
2145
103450
92645
90750
89270
117965
16420
130025
91335
48235
51840
65035
29665
91040
71800
1680
85035
109055
125025
31350
122375
24830
122700
8040
48040
75700
72950
40425
119485
32705
15835
48330
129545
90885
55730
75125
124065
43650
36540
98610
2545
103935
43675
114535
4845
116015
98225
21780
89065
127280
96225
83200
72655
112505
62445
49425
114735
116160
67605
79000
3630
46750
9675
100290
104665
126825
49685
93105
72665
53050
67885
32740
19405
97900
110350
8355
109390
110510
60695
44590
128220
41380
113780
7440
109060
45540
24050
40825
22385
118905
15905
79750
7695
75055
18280
66215
69875
79075
110635
69050
63625
55465
22160
98980
68235
21860
47365
130655
10025
58575
39875
123005
76595
130830
27490
25415
124600
46525
27780
85305
18845
28555
116810
2880
21625
87345
34275
1025
24195
114450
33060
128075
16575
62550
28185
74775
63025
35445
63895
17730
82085
46620
71370
51875
58110
56570
100775
34885
65545
47280
48835
27905
77525
88715
65435
9330
119690
24625
5190
94870
85400
43425
25100
71660
35505
57345
38625
3785
36600
73030
127475
61925
98775
1325
14675
23355
53345
40710
93305
3250
62500
82020
17355
110945
28455
55580
101695
67505
36195
61400
95680
17630
96865
106530
53260
33095
15480
125225
92150
64895
9445
105850
95005
69875
17630
82880
77450
102635
30605
80100
47350
98605
37135
25205
80580
56575
82625
115415
92750
84380
82980
81335
32110
98720
20720
56895
104520
84225
35875
60810
51345
47800
120885
10920
106075
48880
111595
29550
29045
96850
76950
77360
25650
34375
95495
115850
78525
115325
45510
98145
57325
36585
100850
70540
20080
16220
68975
77720
55255
104375
98280
23215
126915
8480
104695
95355
58540
75935
51460
75210
118100
79375
5000
103030
111450
117950
3610
39990
68340
17525
103500
1625
34615
101405
114920
117475
89065
107715
48125
126905
64480
42500
126430
11850
91315
7000
75600
47750
1850
35465
85600
31865
23850
127685
8370
2405
15245
70930
105080
110360
62060
21900
37500
122740
84310
1505
72490
19790
92400
59500
14515
68195
49530
48255
97315
128485
65150
107515
4950
117890
5930
12625
122375
76065
35875
61200
6155
50850
123365
77815
10285
86750
26700
129130
9325
8750
24420
53475
105165
70800
100525
86265
12225
64285
79315
78815
41180
53045
123975
116145
113975
68090
30110
31150
123445
93525
5475
96650
36295
36295
56195
130555
38250
93470
15295
81825
37440
30275
86655
119220
4600
10790
7735
13590
73010
52625
112125
29890
41505
92105
36125
105240
87305
90755
54190
53270
103670
72385
1025
61675
124415
45685
109950
28625
36935
95090
35795
19925
128025
70470
130000
130290
8920
75725
56500
64340
85300
7515
126755
128950
103970
130380
49215
20160
121595
21975
78455
110925
105
103165
45875
50095
21720
71755
77075
34320
38630
27525
51125
87470
12825
49360
33890
87875
16250
79630
51025
72275
56285
71210
122470
17760
25320
23900
103605
72545
7950
127885
123695
43500
65225
116665
118270
28820
122475
13025
32575
86355
128875
60155
110220
39360
66655
54925
91500
62790
109070
70050
12565
6325
111965
29570
119000
63090
48800
124325
94625
84875
49545
56135
100050
22140
80400
14980
20360
99885
22225
67050
72000
62025
53225
71535
85860
27825
127755
80925
92170
64415
29860
65805
48435
101675
103875
98580
25500
45945
77690
99240
3625
14825
12910
15515
69285
25530
11380
64765
33525
107295
90685
75000
49180
39300
3725
42620
67950
78115
22075
26910
107860
40675
98655
57095
89795
73285
2365
6785
33750
79120
68475
111900
29050
86285
45555
120625
113585
101945
8215
110800
875
30210
29900
46000
100615
34730
94570
56770
101310
88485
87565
91440
99950
9155
33380
5400
22750
33440
27620
43875
93875
82920
30920
34715
62115
2985
20515
129700
73500
107160
12050
100250
113670
114045
53900
26025
121115
3415
100015
37600
54650
92400
125615
116725
50285
57040
129500
105725
81590
98530
125395
12135
45380
47255
28040
104650
80055
128080
60720
99995
72200
97655
17280
82670
124900
84010
102325
97935
25965
101175
109685
11140
13760
127385
56365
112895
92295
79020
80340
50
62310
126890
98100
12825
10410
31685
45010
5700
15100
42400
14635
125615
122255
68485
71575
78975
4630
62640
102490
119300
13100
29150
4320
105795
19375
104000
49845
126980
117710
39425
25720
88185
109055
112025
129050
53040
520
34325
120280
48555
16490
117320
111680
75395
125650
84300
13650
81375
71140
45500
100500
115615
38765
82415
111115
28100
67195
67975
1625
111765
38750
103265
27625
85860
58800
51540
127160
45625
47745
122900
83375
122015
57405
72920
44680
117175
4865
17260
128750
53430
73285
32200
130195
18160
79705
101385
24080
111250
107810
69125
57165
56920
50275
112000
70205
73370
96650
78180
120095
71380
73520
41585
79220
86210
65925
26610
18475
62450
96040
71325
99980
61100
108140
26515
82020
57275
2060
127185
45855
4445
46815
30315
87460
120040
105465
107750
59805
102310
100545
66705
123250
116900
19755
128450
43850
34730
56180
99905
94520
21700
100465
126830
56890
10565
96625
36275
96315
106890
85675
8415
8005
114640
6840
9540
82300
102380
46900
71240
87080
64570
34400
26970
8655
74590
111020
4785
97620
32510
128270
25175
59875
11225
2030
2680
51240
41525
45700
73425
38960
77835
106575
56535
57525
33655
65510
68935
19195
104195
130890
52780
33780
85495
79265
104040
29280
4735
68035
16865
20910
115815
75150
63200
82500
84175
67295
111725
56935
2850
48305
22905
25695
48835
123425
128350
1405
111105
124290
12545
125500
445
109900
41290
97075
130675
108950
53850
32570
4540
25225
56290
40575
30075
37895
85625
55930
68425
58950
18905
101155
107935
21285
35935
28910
4455
84270
19210
93140
12545
39580
41755
92010
96215
19030
95290
3065
5975
83285
29655
115845
76990
6435
84325
43485
16335
112535
99265
123555
90850
22340
14200
2165
17225
98560
5650
8700
97175
88745
118405
115140
30245
15975
99895
121500
78050
44960
80800
55400
12860
48135
57725
101975
130825
56000
755
100835
24865
87915
115025
23260
53050
23300
63950
24715
17875
106850
91465
43940
123125
125860
98400
34170
34550
81920
3300
11250
62570
1575
64535
86690
30925
4305
37350
63710
111700
107630
37200
74955
108275
101015
16850
4945
24560
17060
73105
93555
106195
89950
63630
70150
46365
74065
94545
1285
129335
89740
96745
70540
72245
116520
51775
113855
42135
38610
2995
61490
2100
115550
101630
12440
28400
112700
85995
44060
111785
110405
16200
55635
118750
46625
89745
10575
129955
94385
49640
89760
127595
108825
73655
72075
35265
113590
117440
76015
130890
61735
124300
12395
83530
54420
40625
13170
42690
38775
83495
103765
64770
37385
68525
73295
125600
61635
79325
38280
18480
106250
107215
32850
75835
32465
24845
38410
47815
130290
12840
96575
90750
70375
50680
83375
19000
50505
32490
99210
117755
12150
36660
3875
63640
76815
81740
99975
37040
43625
77105
51945
48750
49515
87195
10315
122950
102105
45175
110900
111845
62470
83240
90075
79835
16180
91070
35880
32675
119450
63080
83695
60485
120655
107950
76220
63250
3685
108245
11275
127935
118325
775
69000
70125
15605
10220
124075
127020
120905
102570
25375
4000
88570
88150
24290
96505
67905
34150
12275
123440
35225
56765
95165
42295
13860
70715
115985
55305
6725
7890
129300
120150
104260
34340
94585
99930
116410
97640
4995
48525
109125
37940
29690
62140
14340
118875
51310
110470
87075
65935
11555
64875
116600
7565
53285
74875
82705
95600
37225
68390
32965
103425
42935
100135
37045
103695
121590
61255
91120
116150
123650
81420
41965
89530
97235
5570
59200
74200
114350
62730
21230
114400
20450
60665
47430
110200
62020
10135
17725
95220
3780
36865
49925
740
49680
125650
38315
7790
130570
45155
92585
33125
86325
128845
111715
106475
58075
114775
69830
53595
78755
127800
35020
111620
13390
89225
56370
104740
16420
64600
119750
117355
36200
63030
45605
30775
107075
94700
53575
73965
89815
48455
32000
16680
76885
65255
72385
73045
123160
51740
44475
95125
125330
58280
116970
124805
83600
34725
130385
63005
126975
32825
120255
82795
11615
23920
28475
69770
94825
7705
114340
109345
86400
104855
103215
42390
70260
129660
26150
108700
97985
39600
1855
44325
94855
102400
79435
94210
49850
80380
14795
126490
2025
73965
98905
47510
57025
95565
27505
63610
76980
98560
76000
56225
64040
22750
127300
24390
94640
8110
30140
74850
37870
76225
112250
78495
12460
86490
82990
95275
111850
53050
130750
113075
89615
56325
90290
71585
25020
97635
92145
27825
39730
48180
11040
123160
85230
40670
76890
77545
100400
13340
96410
99125
116925
65230
42110
51375
87560
70365
112025
76455
63820
78555
2370
41340
104570
81705
83940
88075
18035
17755
30150
47550
22525
33125
77965
129575
69115
40740
76185
124175
91160
36200
60905
51160
103770
78225
2675
17395
58595
85140
105925
121345
80885
57505
91775
130600
77150
92160
24340
34180
126205
11485
63005
15455
118110
70185
128050
30065
53595
73045
7705
25175
123775
69935
107715
66775
16855
92590
94580
100620
110390
2240
90035
55520
63760
58400
95120
14405
90825
1050
73050
113325
34170
9080
39450
24855
79165
16405
98620
45460
64315
93450
36620
104320
46215
79120
113730
23760
124510
122550
45745
101520
87865
57580
44705
101860
31930
55545
122275
51335
20200
86315
84440
8745
69640
108755
90830
107670
104935
93415
13000
7460
114615
94690
86395
99585
21835
130740
41875
66160
27400
88135
128810
21290
20225
65210
36250
94125
123675
60100
41405
14205
55260
72905
129980
63120
23755
52375
106855
103275
54625
100895
111615
14030
74480
106375
101010
80780
5100
930
72130
79945
100340
77340
112670
61825
121020
72650
85965
1250
71750
120105
3350
7625
46020
50315
104985
98945
68595
11855
128760
51800
102875
72050
65525
36145
63750
63890
44925
56265
3735
92575
77325
86270
50500
83880
48800
101400
1650
98750
38995
58395
120910
58310
48335
74785
26805
79380
121875
73895
101760
64940
87220
62935
84325
11380
25025
48875
58905
70575
34115
104015
78685
124475
16250
110390
97050
7350
9170
87975
113250
2625
88645
111605
110445
127550
105980
66305
85210
61220
116920
80785
8620
64070
64420
53915
17965
25810
95400
31375
24135
4450
74005
109500
82025
48900
64820
50575
53660
46285
86225
39120
42640
7900
121045
11030
129465
93225
126390
33575
99925
130345
112455
85495
55430
29630
31990
11590
107085
62500
74665
98005
42425
42610
59400
27840
50130
51630
91740
71325
114915
42900
130750
42015
85285
47425
108300
4125
123735
19755
80175
97565
2875
130525
85705
57955
102970
18875
113100
123505
83945
39945
109035
105045
53375
5725
36680
14820
72650
27610
51725
79120
69900
7345
14010
122445
65620
25355
108575
80305
26715
8425
89475
55700
41400
7900
99950
103290
130780
125915
58175
122555
127260
110100
37515
43940
115405
13525
72690
33745
30295
105250
116580
115585
88625
117690
20975
113630
123420
79325
3870
102000
21745
66305
34750
37155
122855
73165
42320
68585
106140
88500
31335
73425
75785
3075
47285
41320
12475
91500
123685
117545
119210
122145
19850
95375
66700
64600
63850
49550
58550
56145
24375
66800
17705
106255
79130
109675
76775
84040
17025
67135
115080
74495
86140
110395
83665
75625
18305
96845
40540
39900
35315
106630
64475
18300
105375
68310
18465
99875
75350
33770
117295
36100
93060
107475
42300
78015
12985
17425
48080
31725
83250
85280
100300
26420
34440
44210
96145
470
47630
83155
90075
89000
66960
42135
37640
98255
16565
88320
77090
118970
8650
108450
74940
70815
87840
98750
110900
99225
40360
98480
103885
9825
124045
113465
123275
54805
101825
17350
111725
77060
56205
8125
39255
112765
105240
34795
1375
113615
7170
82345
101275
54210
99575
123200
22120
52150
103730
50500
95550
62295
123655
105195
102400
83265
108435
15130
102110
44855
10020
110875
51065
51840
50940
14750
16115
22010
57250
2865
102645
49400
23705
112500
68555
5850
80110
128375
102750
105475
59605
107810
118130
27520
114690
121695
86145
26160
91510
51050
73705
49715
25595
82260
19170
35820
124825
119065
5325
26570
112720
65275
17385
124175
98710
113900
75190
111015
95965
112860
120775
65280
91430
26590
26105
92105
16815
39595
19825
108235
83285
92875
62650
28335
42310
20750
43210
111345
63605
79040
110335
110970
88650
17390
130150
3475
88610
25810
74125
19390
51155
4115
64435
130670
27995
91170
47850
127950
116025
82280
52475
46250
48725
16345
81290
107600
105525
85235
72520
69930
1200
49995
29110
34475
84650
117425
92285
110650
66900
53685
5985
72915
1270
61375
106310
78805
46200
65670
6250
43805
63420
18510
124215
52605
38795
94515
129650
58035
18900
111000
109690
67635
26485
60225
102660
117520
89750
37850
1620
53920
62045
13875
61275
126055
22380
89220
79010
51435
15775
111545
105105
47475
54875
79850
97330
48860
59420
80250
64400
80240
130920
2970
79500
100790
52190
11085
4375
62010
113440
45075
9235
68195
57415
120050
24995
70200
79960
92915
130550
30535
23560
1100
11655
121440
44575
43235
18475
58985
71475
123745
123135
18480
24045
128925
91030
5965
77065
70165
50680
131025
54650
81900
57300
97560
122430
65675
63045
95700
28875
16300
68930
100480
111290
35050
36210
22905
7240
17360
118590
78255
121820
117090
6880
16010
87700
8770
44475
115350
54805
15910
21475
100195
94900
29725
10150
57465
19290
72620
66925
36575
6635
3940
17600
54850
13545
124980
83555
70265
69095
49500
26480
73345
81210
87600
59750
121900
76420
18480
24350
77115
25125
24125
77550
44200
43000
101675
47560
96775
120525
104675
46910
25850
40165
7855
22145
51750
75175
55485
46220
94435
114715
125475
79610
113225
37500
66680
89240
28850
27335
79355
37325
35005
113750
12515
105260
74550
121450
56265
9295
73600
98210
129750
980
102350
45770
49705
50350
89550
71710
8485
66545
94325
49155
38595
13305
107205
33460
89800
21655
121785
129165
51270
12280
104175
8135
33990
109770
77485
48920
114840
50510
79455
103690
119850
45910
79585
91320
89720
123245
6875
126815
38940
12500
105650
60105
45015
9355
66955
66825
65485
33170
36050
66800
125880
62405
108875
6055
14455
83950
107165
88880
44070
117495
46195
112150
51070
24025
70130
3035
26675
52940
6880
56980
74810
1840
69975
93575
77330
40645
106555
90270
37400
25505
99255
69915
40175
91975
106875
98050
15010
8355
123590
975
73505
78675
7985
53750
34665
27515
92305
20810
91135
98035
1950
26850
48150
9030
96740
116050
6645
2265
49275
11400
53330
19175
20475
126495
125055
58525
127255
98565
100835
113435
123570
89630
109100
117920
101460
75705
54945
5225
70245
11825
59015
46090
6805
24925
26210
127275
70155
114525
35900
104670
82920
86000
34075
22400
69950
113950
125725
103920
39375
39115
79065
93045
9725
24375
126425
79070
41325
18060
100265
24765
96000
125850
37975
25
7535
125740
80300
44280
42355
96445
44420
87280
104480
500
35610
31125
30500
61250
119125
30045
77125
37235
23080
21950
114775
19495
39635
121425
37925
69000
32050
10380
36365
8885
74275
116075
92630
96625
23715
90835
102320
89750
112225
4915
113350
51630
117985
28985
115005
17825
120785
85250
52480
34330
10350
93750
21855
47650
94645
64250
10780
109515
109025
5125
57130
113825
21625
79350
59745
53070
67035
61155
113755
11775
126845
96720
80245
97865
83220
118425
48965
53605
84780
46860
10925
57835
122445
96480
6305
101965
82725
42240
112880
106625
69705
39760
98805
127625
65545
21485
71085
65500
31740
130365
108335
62500
45420
130770
78280
83680
130650
127430
118980
127910
34830
7545
100345
90105
51800
68075
118240
64955
126915
112265
75330
113345
49940
1650
7700
19825
67940
127350
129115
28210
5540
68100
23475
69155
25810
59500
20855
39570
70475
2790
124270
89475
64275
113290
46715
68465
19255
34160
51350
101775
26665
122300
124850
6570
58585
28070
60200
42635
91440
110745
76555
52615
80240
24910
95625
10520
33370
19630
54800
82040
110215
72225
31945
69670
73950
39000
71625
16225
118685
8085
60550
4840
44280
104615
66255
11360
108605
112875
45255
75510
6165
900
120675
73965
89605
8010
73825
16925
103070
70100
36145
20415
68280
126870
108175
89250
34300
37120
105875
42750
54800
121975
44335
111340
118485
13685
68950
45575
85975
106630
50840
18380
13995
11370
46850
113535
2555
12315
6100
108135
77370
60895
54395
12165
29300
76630
595
58400
116520
20120
51555
81250
60725
102455
69185
123580
126550
119370
11475
113070
11870
109695
70715
53815
124310
15690
4990
16490
54275
20435
108405
62215
130500
26360
39320
38625
82005
81290
49080
38845
37110
84815
44275
19870
111540
57075
107365
26475
15395
89400
5875
41605
42585
79105
4420
122705
22885
71780
116350
107215
90785
2710
109300
70930
113135
54090
23070
36090
57115
26210
106080
112790
106500
119105
59865
94945
55340
81100
36900
87580
63705
38000
4420
7075
76405
90660
50540
55355
120535
28600
80295
9655
93335
48265
36325
84400
76640
22755
9130
26865
51515
46570
60900
120790
49390
64135
45490
104520
6450
126435
34865
70655
95510
1530
61825
9265
15685
76825
51255
95755
111220
50550
91800
89185
47200
102870
84980
73245
10910
126455
103400
119260
35185
3125
101870
54925
53350
45390
50705
63730
83320
1620
53035
22050
4480
69650
73005
2890
29060
88800
16730
115190
20700
93125
55010
10710
72900
99970
94390
28500
106590
88220
120955
114400
113240
6535
60945
58860
113400
110500
96435
73735
15250
27210
80035
8630
16055
123090
35325
28685
27070
34485
125035
5385
75460
33975
107575
49475
32830
91835
71650
92800
99635
77555
110315
30505
1670
24050
69110
34555
32075
98235
43815
59535
59940
118230
10315
117710
32090
95810
48515
82330
55445
71610
66835
71800
47280
66170
96300
42440
55685
118435
60655
36035
57800
55060
91375
102865
75950
10625
32050
35575
74765
31655
118545
32195
85955
46375
37310
63875
24075
106150
52585
114455
32930
83445
93915
116035
39775
42780
101490
43645
12080
76375
11170
41795
118455
34600
55330
128490
60250
40055
23425
4850
52165
118165
124425
88760
97050
95305
129175
106505
33120
63480
89935
30625
13460
72090
101765
91300
95055
1225
43670
62080
38875
112125
40840
51990
95380
83275
95770
121500
76090
42720
22625
36875
106785
94100
98750
19095
101075
12145
28785
1140
38905
61560
43210
84550
55045
27335
22675
102330
62780
32165
76865
61690
14910
97705
42055
29025
3100
59310
15500
50960
117990
67800
45970
115550
57535
11215
50105
92275
109945
55995
40190
48110
90750
116275
28545
91725
88725
57750
87995
12185
124355
17350
64255
92420
85205
23950
75135
86855
56790
5200
112885
103005
53500
21125
15510
114200
55110
105575
89525
8055
8625
80435
111050
43910
45470
34635
2325
84650
49630
128550
41615
97640
6500
22870
102545
28100
5725
430
106200
97750
17000
16750
2325
25510
16410
58375
21275
57675
57675
11120
37185
76480
79395
57875
94850
67690
91610
70125
23340
50850
8075
61610
57520
585
29935
36975
128640
90700
60775
124500
7125
85580
107125
111900
55945
45585
13555
60800
59075
122400
93045
70425
77835
38245
84345
79465
13000
87985
94175
5170
121695
63805
38450
59680
84415
38750
60640
101160
50805
63960
14495
87925
79925
94640
95900
99705
92895
83115
55835
28425
30505
112045
127575
23925
105375
113295
51765
93030
54830
93820
118865
68665
36675
20900
88185
51145
107880
26040
34280
48050
10770
79725
28300
94530
8080
58680
83845
104620
34750
12965
27180
80075
5100
112925
66215
58545
116125
83290
14095
34075
53340
94710
38865
18455
3205
36605
108800
83125
19255
59020
87200
25625
121595
93750
5620
73710
36230
62955
110015
42185
36565
58140
77775
60135
89275
100750
14575
21215
77760
78075
7830
87985
9460
120625
59125
58875
96465
49250
55910
59390
8925
123625
32170
104095
74425
16730
116050
73595
52650
82165
20990
12280
93625
3370
99745
62840
33055
71725
16865
74285
60305
51300
73600
34625
92055
90975
61035
54275
100780
83175
20290
2510
41975
95215
13740
13630
56070
107500
9055
130065
113580
111490
126155
36955
41470
112625
120375
39070
16585
42490
55830
40110
105140
42720
125005
34795
113630
76685
126660
53325
34000
117700
96840
53835
120350
710
115000
62000
93550
55575
124600
4565
49965
35485
18130
60435
80205
80545
40000
58490
125775
50205
52775
56455
93900
46965
79810
105950
54645
38110
14500
26875
16320
87040
122375
80265
20715
18585
95480
85885
54175
29675
120295
101615
122810
21360
14525
80175
119125
80965
25175
47390
90205
21455
129725
52195
10625
13650
121960
122145
63470
87160
76990
130075
8250
11470
68895
67500
80915
85620
46480
106335
38705
22425
51110
26995
105735
125720
109350
15850
38820
111620
115500
50880
69505
34335
85110
9420
72800
109460
46310
76260
63215
94070
80785
47075
72650
128325
43585
120025
20260
28030
128910
66535
119245
112445
107145
29570
71340
32445
104095
102490
84440
125175
92480
101755
129135
56365
49135
94580
76060
62810
45015
79945
13850
80640
124375
39540
112655
105615
26615
67880
119250
85715
49065
94005
77065
71150
89390
83770
129090
101240
975
104075
79265
29265
3900
89450
109250
75550
90580
3065
49475
81345
52195
101475
43275
89140
113700
29150
2750
90550
2280
122045
39850
125850
107125
107385
58000
18125
65090
20675
32115
56930
2915
100020
80020
79640
32720
22185
17925
100355
85675
7795
124550
65525
6050
96875
54125
51250
24355
121935
113000
54255
90050
87995
5195
36080
17550
78520
48110
27915
105565
52290
94685
38060
120300
91890
114775
93825
103825
26980
31225
28685
111405
41740
10875
1790
111025
9820
116940
50185
32610
83935
129450
53845
20245
21045
13150
117750
88740
32550
4820
129980
24085
116165
12575
72555
39955
3420
51850
106415
15135
87475
99870
41050
52215
91100
44740
93725
51390
33905
77020
58620
122255
127665
102695
101375
51595
95320
98440
37325
43330
47840
119010
46590
31250
6510
42725
77770
42610
73755
124100
106925
92960
43955
80420
76290
124320
64255
9465
106570
39780
88260
78630
69630
84550
125665
54655
32800
53690
79420
70500
6035
66840
124935
28600
110310
79615
29555
85680
122575
85415
70995
11425
39855
12330
117645
128430
93745
89285
53920
52945
22720
30780
79740
40805
96860
42535
3735
109650
32195
31300
122900
37765
124525
21175
55470
129260
84395
125800
85985
78905
34230
64095
78600
20430
66755
107750
124250
43105
73200
40465
74975
32205
41625
114150
33965
50475
43285
57815
3050
101195
107545
124375
100835
14500
120685
100045
77565
1575
80230
130570
64225
127780
53650
75050
102275
35820
42005
62450
129340
53700
14975
9750
64460
37800
55550
121620
95350
100375
94550
130545
24840
96250
90675
83715
7125
51780
5050
42500
89370
114955
33075
58725
102525
112385
49025
22190
69825
44700
37065
88030
55125
33165
70875
98700
12695
500
42750
20035
2815
89040
63555
68370
23550
2045
30525
57450
85530
106525
70785
50390
42270
123695
95280
10270
64760
80755
40115
10125
93430
5485
78315
7005
73665
22370
20030
85245
94300
84565
67525
42550
7270
82925
45815
10710
6895
90375
62035
66740
43200
41415
107220
2050
71975
46645
112005
89325
64600
117800
67125
82025
76350
110090
16050
39195
82590
99020
55245
79120
12860
32365
18025
33150
85195
54290
26250
35565
35855
80040
12940
5750
99300
18140
55250
107560
105315
5050
14415
10840
72395
83115
59695
88550
106165
128540
48700
15255
98325
115580
127625
128615
49495
81875
130590
102080
69710
12255
10285
28395
93550
54410
59165
34900
67505
104200
7325
122335
122340
91500
81830
18185
46185
4260
99000
81050
61565
64310
67480
32130
125000
92425
77750
89500
14280
49205
72170
101525
43785
2800
23800
75385
85285
68170
69385
56575
11335
10720
76385
2500
25290
107750
24250
96680
62795
76740
24580
49440
5555
23290
49640
59780
23365
86800
28750
18260
32685
114990
120060
18840
78125
108790
113155
70190
100705
16250
129420
108285
113090
9995
2600
35960
31800
89020
30875
104650
55720
8590
89635
53285
54395
82700
58465
72245
35125
61765
124315
41010
21300
37970
113260
107645
100025
56700
83070
107175
20550
27100
17850
100605
18495
17955
70960
55975
19540
41875
114800
35600
77200
69045
43580
90695
115450
28940
112135
47655
127560
17195
4245
91350
81005
72520
107880
101330
24570
3115
20860
88205
40930
69355
123575
79250
16350
118480
62580
96475
50500
75290
112975
18200
36125
39890
49510
98335
18250
12950
52750
99350
124555
120960
115320
41425
103815
51125
114950
130625
16620
10400
34340
115845
18020
83025
3985
94065
121035
39080
41265
130000
108820
7385
79465
54160
91250
1925
28875
82510
38785
25935
70550
82570
99875
53450
7250
95190
34970
39745
100450
68200
97725
46725
120720
100125
123375
110525
88960
67885
72475
68435
91255
67600
100840
20875
23250
18185
126910
72825
54665
119175
113110
30425
48565
118830
114995
56250
36695
1910
4025
75635
116390
52960
14990
117100
35550
20745
57490
34500
107930
58730
122600
7785
55160
21055
117225
7600
39355
51250
15125
13885
89275
91725
99410
91330
86925
71590
88010
14565
56465
104805
62750
36350
38640
96850
27505
1260
79160
58080
98415
102150
7420
128700
117860
88475
58175
40705
39735
92940
46640
36245
8865
16505
115595
84300
40235
113855
109630
70535
55850
112625
70965
30255
53980
32895
91225
84815
119970
40140
48060
68920
53175
7715
82125
81875
23450
54380
114945
115455
65515
111385
50000
122340
86645
46815
5895
119600
31330
105580
126710
118390
43090
47235
105035
129660
4875
16525
59910
37000
2595
87185
21375
110775
44160
72125
57385
119620
54460
79510
129475
41670
51750
130975
9300
69550
83635
107750
46180
27775
90685
45405
103110
90895
62070
76345
72975
37610
126945
40925
78610
108710
28715
32725
98750
48650
115945
63350
6700
54200
20450
112565
26300
78590
39950
59930
101435
35245
84865
108120
18610
101875
27335
14650
89800
130045
112800
101540
40580
113695
29545
131070
105125
66090
15050
66125
7020
79300
104215
113895
89600
95165
111920
8035
12540
30800
124865
40000
65085
49775
31995
124600
119065
49185
96800
65965
92720
119770
51985
61300
94170
680
30665
21130
52195
72650
28195
20350
17870
75920
28960
65470
27325
62995
113860
50500
53690
34635
61270
53150
118125
16525
116550
8620
39605
39850
83555
92230
72715
79165
117200
62025
78380
66375
108325
71985
49625
33820
122470
27425
30200
112380
94500
124300
20350
44350
61125
37100
4600
33955
50420
52720
40185
105150
124545
41695
17065
51495
87490
88750
76680
31440
9475
115890
120500
92800
31630
91530
51125
121290
77725
125125
94460
70070
34135
74740
93050
130020
107325
64005
2800
42220
84670
94390
90100
96145
91840
17890
46625
315
130630
22135
106425
3895
72915
9825
106095
62710
16190
121150
96400
117610
54765
125980
19475
31070
27595
65675
93625
21675
600
2100
75190
11455
78545
74165
88450
36260
42025
30315
12825
3215
26150
92500
118735
27920
115025
91890
72320
28500
68680
42465
49050
71590
71045
10425
27730
16000
45725
86285
87390
80435
1085
21265
7010
94400
130900
121450
72900
107435
117490
77830
82900
115650
33650
78060
25295
7920
62125
91650
76825
112175
117960
101650
120800
36115
625
57915
100050
115165
112620
97030
94605
16150
94475
66115
128295
120230
600
74890
36050
102450
55060
65110
51305
69485
72785
121535
86005
114560
90360
37685
66630
112175
15070
123005
85125
68180
98525
60490
106690
95230
43495
29735
90485
67070
123110
118120
3100
118765
24075
6565
56540
80345
103625
64765
126200
59440
116450
74880
122460
129375
101460
126500
9280
27635
57515
33210
63670
97800
83175
109180
69425
54670
99995
49655
5140
82300
48085
64525
2395
58450
66695
90990
36860
104265
106550
55200
11925
87725
59715
23500
42260
100130
115945
67200
23825
58400
71775
123500
1925
59110
53935
69750
30545
30500
72750
31270
116910
46145
80400
91625
124430
108390
47075
80750
96580
110370
25955
51675
88690
95105
113040
24135
101200
78725
10965
130000
118755
80700
68605
1075
62500
21350
97875
106965
52780
129375
67775
82515
3660
78050
25525
29340
125765
114125
68180
93030
48105
38910
73865
106320
101795
91995
15855
104850
116770
121105
44600
97725
60890
40465
112055
30900
100750
57925
27640
29250
88305
3305
113270
20515
115740
39410
69850
6580
45625
121885
24040
85200
51965
96385
56750
45985
79175
27335
85125
2880
123575
25185
69415
52215
30735
84250
57260
24965
58125
115225
36795
75095
109755
29285
28525
26920
71990
57905
125350
58090
74750
116490
124110
117100
92580
100175
30995
127585
69250
50795
35695
82175
111125
117290
56790
112130
98200
35075
74750
28745
93100
12670
44470
126640
110260
129635
79305
123665
101560
3115
91700
124365
31145
21280
106770
88770
109320
2815
40625
120635
9850
119530
28875
22635
23930
72450
96850
39835
91565
47735
126150
59040
56970
98080
88590
102900
103410
34195
60330
41835
126405
10875
118450
51700
15460
91405
25825
2690
127530
23100
117450
93650
121420
129255
17070
130860
23550
94075
5320
27725
121700
84485
95265
103975
18125
67995
63720
90815
123290
66695
81700
8160
23425
90065
80675
116500
17740
127350
119385
94785
127570
121750
18785
20925
120595
45310
5960
29385
95415
127565
109900
42950
57805
46175
50240
123025
130970
16250
114265
83125
93380
96230
44645
89625
17670
122565
103370
107720
48515
130275
23450
48045
44675
1460
14005
44705
6625
33745
54450
98560
48850
122380
70675
89495
51740
34325
112440
46940
111620
40835
110215
109420
88730
61520
34685
62390
27000
125430
37035
113315
7725
39950
82630
41050
31220
24380
98000
81945
61440
68090
12555
34650
41310
32085
59685
77165
13675
89040
63265
40005
24370
112700
40350
105115
73780
101985
59555
67130
55280
119815
113140
127060
77935
127875
39425
92650
63400
32465
122335
86485
63075
60445
45695
29575
54155
76500
105650
83675
5330
57900
130605
106730
19510
75855
12200
42440
33460
33470
49125
84840
61340
130970
26570
48500
68945
79850
82780
61950
72405
2825
57335
48995
72260
123615
110365
115490
23675
86300
93895
92560
108930
120265
71275
91870
71250
40535
121045
61600
104250
3585
117610
67795
90000
57150
115265
76200
73225
44515
61710
41525
75420
47750
123195
128110
39100
46805
85255
33730
103225
27350
28575
124200
33930
835
88580
73670
108685
121075
56625
77500
49900
98515
39250
70675
9960
62890
49530
52360
72625
109075
9500
95275
44555
21480
3525
126085
65260
82080
33385
21255
7925
655
32585
104765
34575
18250
45850
101690
15875
42690
20725
41920
47845
80850
34740
119510
38100
54645
11675
118200
69475
37135
12725
127375
37975
44500
25025
13145
10740
26870
71010
24235
63185
111375
85485
128370
123460
36465
121800
65765
25050
58990
71750
74575
33860
44955
115895
80565
84070
74045
40635
58590
86605
55170
80125
13300
68750
110300
108885
58505
18160
10325
105480
91185
25060
75475
23455
63845
71470
120150
24105
89200
61250
34435
124700
69895
95270
23750
85625
53580
12490
35745
32005
88460
36225
66050
11525
124165
104930
85425
32905
43950
119560
100215
97400
110910
128855
6265
63625
79030
63215
10400
37990
4450
4420
99775
82355
90250
77750
119815
62255
109625
36110
120640
150
66410
113185
42300
53250
15945
69475
102640
86930
50285
105300
40690
60640
74625
40520
21180
17605
116500
41655
42225
108705
8560
82700
127655
97325
103780
109575
112105
86235
28980
60520
120520
78220
18975
8530
26050
111620
2425
102455
36660
24200
64105
48375
38760
62300
75920
36300
110625
77955
24585
101275
95960
103660
7725
85945
125925
47775
115550
77385
111380
120230
87495
77290
93380
124950
9530
89145
129090
15145
106550
36740
28445
109960
108860
42260
108925
91650
48645
85260
7005
31680
81725
94915
121615
74625
10560
21100
106525
61755
36335
19335
35885
49075
8075
32945
101345
117805
7280
87015
8525
38810
60430
53335
91980
72885
113790
69835
73160
60150
29065
111400
102155
46790
78925
26955
7705
126550
128075
112185
85490
123915
75990
125170
4560
73000
9265
91115
79545
22025
18260
16775
46480
117625
91825
26090
114275
22575
45025
3375
85225
63590
24760
124750
5575
16785
106225
53325
105650
24500
49380
13900
82930
75575
87960
80800
74925
52245
18765
108200
98295
52700
85385
44605
39325
108765
6575
45900
117500
56345
36600
128875
106375
119905
14645
90235
117295
85085
28325
88305
50020
111020
90300
122310
123090
7900
93675
116925
111930
31385
66710
26650
100910
19370
26285
95000
115235
53745
106170
27550
127935
128140
128360
97450
36420
38155
80025
58860
55005
120635
8990
66645
69350
126555
13660
1980
103195
130860
20325
91485
50235
108275
23435
5970
34825
112535
88675
112970
78770
47300
8030
102925
44875
48565
3785
104955
106935
73875
11410
36530
95875
111185
117750
74650
68545
126950
77950
89955
55685
117810
94115
13990
25155
40740
123875
29555
113695
117210
32835
63975
66300
106375
87375
96675
33840
9125
38610
105605
94855
11515
94900
115195
127925
32180
67790
88025
22165
90215
119720
122820
17050
23055
53835
45495
110595
33120
49980
35750
31000
68220
49150
65045
21660
38990
35365
50580
2340
57990
121105
74080
108880
82045
63650
79575
43280
108955
2375
102975
105500
47615
77965
54275
27925
19695
68355
105385
56840
80815
110375
48895
8580
119200
102690
122610
89380
99650
38775
92410
124100
99950
45345
5555
65200
45365
15360
62575
310
30220
101625
5080
39130
83670
125115
55120
1910
6375
81245
2470
77040
101450
60755
48290
10255
18275
64345
1430
90445
71810
124670
42735
52640
27525
35495
46755
80715
107830
19040
20975
30425
127795
58260
93660
6525
73990
11750
120000
118905
550
72960
90315
60775
65855
21340
99250
3930
25590
103995
11065
46495
54310
29245
70300
100970
114150
90445
102725
79810
4775
115060
128610
38015
65840
126125
33115
129700
78500
115110
67435
38580
7360
60805
87600
98305
129210
83680
90960
92690
126825
35175
88285
48825
68180
115425
36625
61875
96700
114855
99000
56500
49075
52950
121075
62675
20515
71660
32625
76015
79335
128400
64125
80060
19670
98970
126725
87410
106710
48510
129690
121530
33250
101525
59330
127315
56625
62090
20355
125480
92960
50255
112685
74435
82530
77865
82100
17020
24625
91365
59735
106750
111845
109400
100625
42310
18055
16330
98400
126530
128945
81125
14505
70655
99200
59215
33000
119290
16075
43735
55045
92770
77360
6145
110260
4745
235
13045
50395
79890
98665
25400
102420
28515
2485
87195
122445
121570
101875
71890
44900
121635
117620
55965
23725
55435
11365
94505
7545
62800
127325
75110
129215
30980
12030
128835
78710
50345
12650
46330
19575
41015
119805
12950
38095
110800
24195
62190
30020
124975
96075
37185
28970
48300
47655
80975
128435
64245
99500
37350
1695
65540
100075
11225
55240
11430
109000
77250
25490
90565
121340
74700
69305
87435
83975
98960
26790
37355
109925
6125
71970
125900
75410
113845
2775
82810
78345
104355
123625
89555
25725
16650
54650
42655
90540
71640
124745
109550
43685
71445
109600
74365
118965
97535
103090
17060
105890
103125
117955
85820
114820
124235
58630
70765
102395
16075
70030
77890
28975
45620
21350
127960
95215
67140
95000
110025
46000
54000
59990
11655
3485
106210
117325
20325
113605
85580
110465
25135
25840
13030
119355
79215
78325
68750
17415
41120
96155
19250
92780
86915
34225
57750
50770
49045
76590
129325
71870
59960
98080
120535
62495
63490
32500
82110
117540
16680
4410
111935
35915
48850
65050
115330
121395
41250
93160
118645
61785
122625
94625
42375
84625
101875
19890
2940
2760
119735
119375
49500
85850
16485
38425
11545
26535
90625
31400
67680
68575
90225
5970
89990
41010
29465
39225
78130
103875
65285
43125
130950
129025
11850
123425
41300
79645
53295
96095
107905
16360
86740
98670
104075
127020
42255
105150
94050
63540
53795
19700
37205
80260
75215
123925
35500
111195
43445
13925
130750
67105
52125
127415
65130
111400
64760
64825
8780
1325
72410
32960
46400
54490
94090
8375
81980
74835
7375
65325
51025
108750
48910
4585
1855
20805
6625
23975
66665
55770
40250
42450
15000
31825
103325
74200
114125
118275
117190
50965
105500
55795
97925
47110
118875
34995
27780
92225
71215
91360
113725
1400
61070
52385
44900
112050
9665
41025
120150
80425
10825
32205
104525
34700
33900
39310
127910
58095
48955
82835
9025
70610
4675
76400
7135
15185
72825
92825
40025
57400
65505
97020
108540
49115
11935
1730
14775
62560
14470
50070
65730
65475
59905
21865
62860
19385
3050
20190
104520
44825
5215
24340
108575
100225
71805
48095
9100
129215
20255
55720
25005
123055
95500
32720
70825
4190
24890
19025
66750
88610
6930
108645
87245
66700
114975
92085
8100
12930
37030
56695
81450
53375
89825
48010
1765
104015
53845
107345
120350
110180
44565
99580
12075
102865
97600
121970
18150
108850
61435
121480
50940
17160
14625
35775
104975
93850
48455
3040
37150
19450
25155
120425
45560
24900
118855
82985
65100
33885
127875
17890
33845
125555
69350
93125
34645
60335
45100
84475
37725
3175
54400
19035
83750
56140
101965
64220
108840
78880
97305
125190
119985
30805
24675
72410
53310
84855
10825
13325
23775
91600
114570
88255
36475
2815
120625
122130
130280
46715
79200
53660
24235
35885
39015
32010
23510
7915
108080
53960
27325
6975
76615
128585
99560
26525
129700
56300
99755
18755
48770
71250
340
73400
2590
123145
91525
15915
64655
96270
78450
100930
115855
52335
73060
84630
21850
42425
125875
55845
40030
16550
120680
47625
34895
31425
85100
104955
77995
105150
118500
58595
93830
50715
121405
25400
79580
78800
100860
98850
1200
11225
55975
118590
107850
123785
87085
80335
111850
18280
126285
108805
72850
115120
63445
30380
123120
69025
58860
90000
37375
10350
112750
96320
109575
93825
124475
112500
14700
63050
35970
107765
1320
79750
112650
114030
44850
69650
38825
7150
127165
13650
26450
63405
25175
8925
124060
100150
70325
38385
7150
55410
81500
108065
24325
77225
30880
35510
13290
94110
38225
73100
69035
83135
107435
76360
40285
89360
84455
105260
101500
33560
119410
37520
94300
66125
14680
33125
116305
61915
101190
84705
51495
62660
58720
99565
126775
130845
26090
58830
57850
110525
24140
126635
48675
118720
71105
123700
27945
34350
27930
73210
124745
119145
111535
53825
77585
120050
64815
19050
54705
36005
18500
45970
55340
29885
116375
99835
107950
46800
103810
39650
7925
27640
14320
130775
24200
99315
8465
37225
6660
57590
106575
98705
27800
14600
97810
112515
121350
84940
104830
80645
23360
64975
120655
108310
17300
125020
45500
113250
118540
61150
112915
70945
10630
92275
87500
13100
114550
94080
6970
111620
42670
124300
64320
65310
61730
48130
43830
87425
112605
70385
100835
90205
44975
113500
22020
19600
71200
110555
67160
33625
116710
69985
4660
69525
86105
14665
97185
114880
115080
94365
125415
72240
75185
56305
75125
8120
22900
76950
17600
69450
73545
42625
55815
71560
80785
68490
94730
6955
92745
129875
46105
37350
130275
22645
94865
38260
127485
17050
64765
11460
21870
13650
680
123650
47530
56425
87715
113785
39490
11470
58455
104450
30415
86685
9600
69025
30625
1110
26875
121355
92870
51925
15000
59180
125605
52820
15300
66005
32010
47245
48505
85065
31665
80850
27445
32160
38225
53000
87645
65170
47130
77520
45965
62175
13600
13155
38895
16345
126035
35840
2170
106550
86575
126610
43380
54360
7625
85250
24415
65505
94270
40755
12495
83065
17670
53800
47375
43315
129840
93165
97355
89880
51125
29875
93180
29400
57555
13570
126200
129870
12900
88215
44580
54500
92970
67235
106580
129660
13035
97960
89875
35500
88615
51905
88700
35440
53765
5765
4585
95430
15845
80690
45065
42800
126350
69800
22360
47920
69775
5000
28730
122125
62075
127040
18330
12080
4170
99110
85715
19140
54970
122225
19580
60760
55650
122700
52785
123730
21325
63240
76650
81800
49185
38140
26930
61425
24170
58565
20275
114425
92915
23320
64855
119375
58665
43295
21120
112180
109625
42050
29850
1615
116160
111465
117050
49930
40085
20720
110485
25645
2435
12740
19225
112790
62580
106870
44915
41605
89805
41765
113980
49500
42650
92125
65510
6175
119560
43340
121965
49425
47520
96785
24890
114230
117935
72380
1775
128735
90715
25555
111165
94775
17725
87275
83625
122640
23950
22695
6750
30730
82790
118260
39685
21875
100900
91625
29585
80810
38090
124650
99075
128750
115480
58555
62550
21400
51225
64910
51000
115695
129375
11280
72145
49810
26405
48775
99250
525
36355
33475
119200
96665
94415
46920
29240
24145
60480
20830
123890
6670
70400
75800
95210
85730
90930
103500
40350
63390
107690
71160
89005
46450
81960
101845
47595
23120
57310
105675
128990
114885
75900
112610
101575
65625
23475
33100
23650
3875
111480
128620
27825
122990
18000
750
93375
4120
17570
2300
23710
76650
24320
126485
42500
42600
9590
15650
128555
36495
77825
126415
75975
2625
122760
90155
103300
46450
100510
73240
66360
125710
54910
127260
112995
3035
14175
56745
47900
53670
74250
37605
114945
49165
940
57365
71625
49675
108505
114250
49725
1140
124970
32690
76810
73125
30170
46010
48500
37360
101445
85960
41040
116015
89060
109985
1450
27010
130760
61000
15530
96935
50660
86560
60000
120500
44905
5630
45725
99180
54770
91450
106925
110885
43250
61600
108355
35350
48645
47780
29240
57080
2875
43140
