25518812
3743388
928190
6683333
9440748
4642152
1073174
5785692
7451277
3704541
8533582
391950
8700405
1436678
31605777
4442548
2373840
2799412
10261465
35629732
3334650
19913775
4337547
2118042
1969493
3348371
28735125
8843783
26535600
7625904
448979
45477200
323901
3139773
94850
1379700
4108455
2353068
44767748
6854760
3884550
4289032
41470682
23208042
6406288
1493561
9808371
3030522
20147556
15239813
20625112
3195329
48332993
7120386
13021400
14891940
24865055
9927901
2579778
2824537
14746752
312901
4302402
1012264
