24375
101250
9060
40470
105685
45805
7470
11650
69895
9150
115605
77020
42090
31300
81585
11250
36550
22900
116560
72900
75055
82005
25925
88075
3320
12590
80675
129600
25560
96540
93895
27160
27890
125175
48870
120775
21210
53035
54660
99680
36550
66150
92080
43005
99450
19875
78325
111165
58225
101555
57860
120700
23760
51785
130320
38935
16035
110230
54170
9965
99275
102235
102885
30575
125190
94305
97670
116000
104225
83375
28675
25545
61930
50675
106050
43230
7250
73390
113970
48575
49530
121020
103265
76565
111295
15945
67470
126210
60105
102830
113670
57505
99735
91410
83835
88645
15760
25445
6770
111780
130500
55835
74190
43355
71825
87035
79440
82460
46100
38145
27000
78610
64280
83750
16020
28205
107300
43020
57825
114530
87925
34830
27530
82450
104785
125425
16560
32575
107715
37780
106690
66825
125660
57360
94195
83635
45265
8735
20245
38490
91095
59465
69610
1750
78420
94600
38600
67450
31250
107295
80170
100320
105175
53090
43350
30150
48930
40330
32425
25340
75945
90785
27530
74975
103075
80675
12200
15490
14550
13820
22430
55350
5050
57375
121255
81330
121195
98715
106250
28035
21405
88875
2700
118555
39695
13625
101490
112240
116520
102275
21125
37405
41825
115235
9725
103110
63760
24340
34310
39755
65220
9525
3860
19015
31725
119850
81875
126020
12885
12520
109175
9970
72710
35790
107305
11695
3625
5950
97285
20125
86405
89990
23895
108865
48915
13230
117555
122215
127600
85850
124975
33740
73900
5490
99485
81730
9350
109570
2975
14115
20310
117025
23605
117355
36695
32940
40990
85045
31330
90890
12095
104710
118365
81185
102480
87300
62950
51450
108120
107355
8895
106415
6955
75405
101550
113735
5965
6580
26005
57165
87560
86775
70275
9185
42865
65160
14775
71010
126600
58205
79305
38475
44335
65595
97725
59385
76930
21000
102895
74645
86635
37700
65075
95150
78905
50235
250
24400
30275
85065
26450
30120
34890
99410
11760
43720
53050
96750
96065
46485
52100
113600
26250
114325
85240
130775
28635
44990
49945
27890
109900
29990
113325
27600
116960
98035
104570
44400
68525
54340
41130
88480
74205
1705
88955
8170
9160
22375
26285
66360
95250
23760
50235
110070
66225
31125
112065
8070
34000
95220
13610
33375
78375
98115
72240
64385
104175
66855
130300
82645
2775
98475
124325
54355
89405
113150
121020
100950
17965
111470
20735
94470
76900
104150
112075
107180
53350
128200
57000
64740
93370
42070
111575
32490
55970
37780
64530
8470
85110
121305
91875
128260
76975
23085
58425
24325
111020
18250
22825
79915
46900
55420
49475
43525
93240
32550
118100
103040
26070
60925
69315
16775
42930
16495
114760
89910
12495
103365
15230
117530
105885
24760
76625
83105
94000
58995
101275
44110
34625
63015
99815
110100
26895
94250
80540
42175
53170
115065
100335
34315
76050
111285
122170
108580
99810
55280
76700
77805
102100
127335
66440
129080
69250
101730
61280
49735
41125
15120
72435
32475
5650
106040
22540
32950
73165
46120
36900
92125
115465
39265
111300
38375
86080
8350
12585
64330
75625
100975
71400
69020
7885
44565
53085
46870
127810
58225
43075
69265
89885
64935
8525
43330
26200
42765
6345
21675
92050
93695
58630
68115
33345
53885
92915
60105
123265
107860
16825
5530
31845
1925
62300
75000
121580
23420
27150
9775
28675
30350
39680
121385
71865
91100
32215
3625
86040
67675
24885
56975
43145
128855
109650
111070
72075
51320
7570
113985
45810
81515
103940
57795
17650
36585
33280
45705
101690
72500
126655
29780
30945
59975
89295
124335
2950
78665
90025
106545
31615
18865
72305
58120
70340
14810
108860
103925
91385
91875
100300
22000
27315
96670
66865
88655
69950
127015
119830
765
53220
40675
51355
122895
119285
94795
119485
65975
83385
115100
83430
25075
90285
33470
32150
13995
108650
110370
61140
64750
69825
10610
112325
68995
32485
29820
46675
100850
82260
101100
84635
29440
3330
10280
111285
47095
3940
119360
78325
3815
42360
128105
131000
91675
83900
23320
70615
114210
15250
90315
57400
15725
104690
72625
67470
85125
79270
122010
8325
101180
66920
85700
104140
28445
32455
34985
47155
88755
38235
23995
65435
65000
55500
16715
44075
118590
84185
68200
112185
93715
93795
125045
12445
114205
18860
55625
10050
101285
107810
61360
2815
100570
23950
113510
113080
95230
12095
8695
78900
14065
38890
129115
69825
53085
89575
44525
113255
53240
19475
22590
101875
19210
45835
94150
58125
128395
16150
36310
4895
86915
111465
31555
36050
114020
72170
122990
66690
3650
129170
58805
119265
117570
72505
5570
101000
103375
33505
53225
59800
109305
67995
40010
5135
27070
19345
110690
19115
92770
25940
128250
6190
81085
5790
56600
68895
29565
55970
89450
71755
121485
99545
21895
35915
42565
62315
47500
57895
27625
91620
118000
84175
111310
2425
48680
70090
61125
84510
127975
68260
45885
96375
88675
119700
61425
21740
675
17155
1475
69570
25095
124475
99700
85565
99095
44700
91810
50315
30575
122015
100435
128250
23165
79660
18980
107500
13685
41000
3755
102625
70625
71185
30400
1195
104865
78445
75190
50275
92585
13745
57050
63870
110050
110425
52125
40660
69620
54250
47855
66255
29420
102185
10660
61025
48725
25570
58275
250
68055
75875
69175
119270
96775
110605
93070
26125
7755
29155
108225
35625
8125
15405
96605
108525
37030
66785
31145
102605
77255
59235
90590
127575
24500
89815
41095
122910
52745
118265
66005
71885
119520
91010
16875
102225
73715
93125
22580
51380
58395
7950
84885
106350
49780
64940
24555
129845
59880
51175
27700
69180
106030
9235
10745
108345
33125
65730
19850
75875
126775
115870
14190
45970
112700
23220
69250
72520
102200
11325
4975
75995
30370
71450
130295
51000
98165
28990
11565
41840
76115
10635
102375
53575
111300
70960
127475
1425
109475
31255
106850
128320
71550
124655
9985
26960
29065
91925
125050
104425
123275
74945
99275
86650
127350
34575
45930
104630
5225
122385
101300
8375
20075
43760
123225
91140
19760
103875
108635
49550
82440
8190
7325
17635
52355
74765
33585
107065
18025
12745
21645
63315
49275
55370
106475
57810
65615
125985
96150
31250
118510
121665
79405
49990
125165
7480
27950
8350
122650
53510
19410
89925
79920
38795
20450
58740
74725
113425
69280
104035
3700
46060
59225
129960
26040
72195
93800
82670
122550
70505
90650
41290
101525
20450
128830
43800
6250
41340
86020
78125
27150
82445
60175
78550
4545
54750
121820
95475
115525
80670
105455
85495
78155
79505
83300
14085
39635
68875
1530
111105
88150
6660
39840
5275
113420
29480
43385
116850
101525
43230
112255
102370
98235
46075
42140
90225
57955
8210
94475
24995
122940
33625
3505
106760
108200
21240
9070
2950
47475
74905
36150
80670
51410
93475
23745
109100
22505
52260
14210
121685
99575
62590
122175
67270
16825
16860
42785
56350
85410
2895
53300
59780
16495
115430
22175
79810
128510
61995
83460
43865
109375
74675
15025
47720
7110
117200
60950
67580
61670
78330
105465
29675
119100
38270
69850
12295
90550
22250
12600
27145
100140
31925
51685
72400
80250
30940
31055
35400
79625
19775
98765
6280
125380
7540
21775
56320
117975
15660
108615
42050
41860
52180
123255
62050
53500
60675
110070
30140
74045
44605
37255
40535
21155
108900
81600
119710
45330
95315
34895
123055
70000
126315
47980
75090
97975
29980
13050
7170
59295
9330
62450
116000
7525
4290
8875
34495
95200
109600
74050
4620
86515
21235
75445
122135
66465
5750
73575
49675
7350
54400
42585
86810
113855
109505
124800
95155
930
122280
80640
50835
67505
76970
18865
32930
105535
51185
100905
12600
80255
54275
124745
3860
87430
106535
89935
23160
97730
39190
27760
25650
33310
2160
67065
51625
150
110960
68255
95725
41535
88650
58330
63445
22725
86770
12850
113920
60830
2160
86680
49640
12675
46530
101545
18170
7555
16635
47615
6815
13490
22100
13960
2115
30440
118620
125400
130175
79020
30610
80245
28170
5145
81440
46100
39905
104050
58490
17930
77905
93995
14715
50835
55540
64395
127615
44560
91100
11175
77995
50535
61865
11270
50015
40525
117850
8355
14400
107675
29625
82060
51000
39065
28205
41690
76880
16975
93910
3155
32330
77285
90280
3715
70165
82110
58990
50995
97110
63515
57300
102770
47645
73770
33695
63330
107865
54370
40590
79100
41560
39125
100220
39905
113035
23730
22650
10265
6125
79155
64740
103960
69020
41550
107575
84300
104815
11195
76410
87060
37240
75625
66820
127125
30885
96475
17585
47725
69970
72015
15620
63895
113850
80175
24545
20025
47025
51805
122650
3455
17440
82785
41495
40780
118670
93175
8475
77090
9885
66080
111930
61915
50670
67745
60815
31395
87880
101925
96525
10425
93295
48600
79310
17420
99980
2125
128265
126800
96970
79415
99360
85165
82950
13175
101015
9120
20770
91000
118125
87965
24785
85650
26325
32800
129515
96330
33675
127320
102710
77490
79035
34290
93140
8830
59175
96765
85725
104650
69400
108215
3055
1250
39335
28485
129730
121875
45700
110245
28575
94580
28495
63075
81685
43960
61285
93825
24200
25375
33065
42550
45450
14600
23535
107950
5280
47095
98075
37125
111850
36160
17970
11265
50250
43785
82390
102105
39785
9170
58880
89090
22535
102030
40160
50975
67750
50220
53000
113830
29920
50620
28795
31455
103250
39890
107200
125845
48125
65245
130000
69330
42930
104530
620
50920
19690
109885
28375
21775
43305
65875
49450
120665
34700
50010
113735
71525
87170
86670
87515
129585
69140
44215
43950
57615
25025
21935
101705
19265
67320
34750
11125
2295
91755
97450
31725
85750
106250
41000
123590
129935
63255
31550
45090
23625
117580
75920
920
115920
68065
8570
107535
83635
84810
79020
23760
55880
38910
95570
28600
18520
60095
127835
44040
9495
32815
68825
113360
11230
925
10335
12210
84975
108645
43065
61195
46710
82010
124600
30980
15625
24530
68505
43450
86495
40360
35400
97810
63545
65820
6460
28180
128630
44130
62005
60360
104665
119845
76685
104250
21805
70645
129675
47045
40915
12315
110280
100850
82285
21485
79475
62115
97710
56710
129925
75500
23365
50745
125485
55695
89215
112695
28715
97435
129350
57625
17660
75975
10700
37215
52055
112975
86675
47380
56140
109870
123110
86375
116140
23825
59625
49940
24685
5760
5225
88595
60380
109525
78470
120375
106740
2400
112820
10365
47270
89950
99405
28145
113750
28960
77230
79620
61160
104740
80800
76850
40755
4600
34990
73575
78700
70785
75900
39655
113990
88800
7875
130205
124750
39075
79695
11940
68405
96175
85625
68865
82265
109185
23370
34835
14545
41730
100855
103480
43215
32475
47110
63050
11000
112715
106725
64825
20150
76890
3005
14490
46490
67020
84595
15425
67675
7505
22840
32950
38295
24215
61315
28900
26855
115225
53705
46245
109345
27780
111725
51225
72630
98975
65375
61600
95015
82500
115485
105985
97835
127165
11875
18750
115200
11625
54540
57375
31170
14885
71650
118155
113860
51250
64855
110420
40425
55890
117625
51375
70610
84930
111250
82370
96830
101500
121150
17460
97395
8725
71920
66775
79975
32205
48125
117250
27425
47060
101425
130905
30225
48935
33510
91710
68940
102060
92575
95070
24320
128835
48100
59750
33675
102125
72225
49240
67335
87210
105810
27205
23400
39370
89105
34015
1025
114610
94250
2035
84375
88885
118150
65805
83950
85120
14835
60400
9180
23580
112125
112690
15050
126235
108225
101345
72435
21515
69790
21235
70825
90935
78645
76775
79025
113530
120345
49475
30630
29310
38550
41025
1550
105900
100000
40030
84475
86610
27800
20415
109835
109230
62490
116970
53225
90090
73635
95560
68255
100690
19380
22715
67015
4170
4750
41515
15605
92510
90270
109840
80370
74335
68310
98315
88360
120140
13615
55405
59105
4275
121475
119500
91515
50280
116085
16540
52495
50125
18980
113330
103225
126175
69915
32980
19720
99340
17130
79425
47295
21895
25925
35700
65920
11105
14475
58475
68475
75845
59075
68700
39205
38860
119625
1595
6605
115600
23500
68225
61625
23805
55800
115015
66915
68800
79435
117335
27915
112260
23555
106840
64710
545
56760
126870
38130
113075
7000
88700
128410
101545
14600
122680
60290
116665
13975
117550
108200
102950
30910
90525
2460
16255
70325
81440
49590
83750
8455
33885
63590
28650
99690
60525
28055
49475
21385
113785
51955
117115
81640
114530
50
116890
22925
84020
30860
20630
95225
21180
63650
125520
93670
119070
63065
20365
116730
13925
80075
117305
50900
19995
102850
84050
95935
28855
98265
111880
122990
75100
35350
9925
48845
81990
9210
94785
67085
36465
125655
45720
35625
73225
3155
87605
7380
13345
42380
16685
23900
65330
125775
37890
109925
5785
125875
108515
30625
120655
112690
53145
11750
44375
51460
28105
18090
88640
26990
61375
101395
18695
130340
81340
68530
130620
126585
77825
63295
112075
5590
104595
50835
15770
92640
29370
59985
7430
116975
50870
90045
72025
109375
54040
95650
10100
36435
2700
4630
121465
125245
96040
51525
24345
96755
4675
70975
70750
48025
106930
130750
53555
21970
109005
100140
59100
87325
66655
9010
127110
64515
109805
104100
32750
64925
86425
98635
46840
61615
14665
60625
56830
52235
69285
76625
1975
80880
73790
87905
53675
106590
107920
50420
86400
33830
104710
111315
16375
23965
46890
36275
28715
92055
78500
70650
42035
25575
44365
109175
52960
71335
1545
12875
53750
19050
35920
44985
117285
11720
10180
70100
128820
55650
66970
27515
20950
118650
23125
60705
122400
17420
51525
61300
117525
65100
5
24415
28495
107215
6210
56005
12890
14055
19705
118345
29585
44300
104010
58415
97630
84475
47375
5145
103965
111425
23550
107510
15685
95825
45555
92600
108140
121100
84150
106000
98420
115390
36155
36980
72275
102115
103585
101330
128135
104465
113210
15450
53210
85125
41660
58965
18600
105295
13350
48615
69505
35500
70375
45065
53000
51050
78815
126000
118275
64805
70575
32545
24405
116620
74320
85725
11875
3260
128130
116555
30875
37055
51690
34855
82950
37245
63420
91075
41725
15430
117040
130770
5255
52280
91225
90450
70175
74080
17495
116790
55810
41235
120895
67675
34535
77655
120670
53810
99500
4375
55840
75470
94600
34705
116775
19785
97565
128125
43885
39450
21385
22410
30800
87675
42580
62595
23175
72040
90565
127680
5985
57700
106375
50535
5265
16195
91725
11455
38035
123425
83510
106625
46960
54250
123550
62260
53515
112495
96340
130635
41970
22275
29050
75720
70055
54405
71170
36915
118685
51700
92425
47675
45355
109390
82865
31425
71375
47500
113805
66150
70165
120375
126010
118700
52925
100425
7900
88625
118975
98845
99000
18280
38755
129050
91115
128900
13650
71835
1180
15335
28070
62610
8970
67180
124375
76220
80800
123350
64775
40150
104675
750
55285
38425
16325
49940
78340
101775
117100
86850
33630
63750
14725
96395
68595
27390
57840
8575
21370
86595
25445
107575
110265
109300
121590
30200
88435
61470
85115
11050
46435
106175
23135
102650
81500
39285
88590
110450
50045
48475
120180
34025
29975
128975
35250
84540
87975
11600
127660
69695
109615
82220
95075
99795
122130
36500
11230
46955
32820
74280
101215
104300
130560
66780
45100
7965
93550
59370
42010
55650
79165
33100
34325
42465
66025
59920
110725
34100
106670
85150
60750
15975
20375
79100
50630
109895
4805
53555
230
100740
40500
29565
23905
96050
91380
107740
39265
12285
23875
71925
120610
103820
67950
119550
93780
97465
87570
52070
80650
66045
56615
91825
96480
79525
7640
3395
15280
63295
14835
78945
103750
47825
51090
10165
30645
11045
18550
123990
91425
22075
54775
87135
64550
18560
102945
80920
94585
57375
28080
75630
67185
108870
54060
108800
35985
103315
50965
80305
1580
86115
68785
2500
29685
10735
122990
4735
57195
74730
54935
112870
111250
78970
94125
20920
27750
26350
61825
54840
49810
46755
70870
6615
81860
29600
6375
53565
28540
65490
117600
47585
42610
111930
5425
78600
96300
116100
40160
38765
59820
57875
3440
43070
94400
97625
37525
88225
53495
30055
6555
19190
58550
63215
124840
20020
25650
27070
5240
77070
47300
79350
31450
73075
60820
12925
109960
8630
52500
101425
98580
43560
15250
63040
113460
116710
122600
127865
30400
16570
74485
2200
52400
54270
43790
108455
86595
65590
82130
107570
64500
39425
20360
165
128440
99330
130225
124105
65500
120700
126375
101525
57635
118345
51770
275
32250
114060
101395
92525
74835
94625
43900
115995
105675
80615
14525
57180
102600
129885
62170
84890
120200
34250
92905
80525
76810
105775
83180
63655
1600
58870
107825
124250
57650
6000
56015
111425
115675
48850
22375
49640
29535
123655
66485
90000
125960
121175
65750
50365
44900
105320
59215
104615
30535
126450
102920
52805
56805
108705
34665
43735
101095
93875
3755
50430
95580
10555
66150
52565
117500
37205
94225
61310
3100
72815
5310
105625
126100
39140
116370
101990
35370
52200
56150
119785
100180
90160
105470
46700
105345
30190
120140
83930
75745
74625
38235
27205
25025
79700
9765
73720
106885
35505
87330
62670
91800
79240
6075
20675
41100
62275
40185
99055
52540
67710
56340
22015
31705
64025
110570
64920
115945
91325
102315
11370
83795
83410
128075
74695
80525
66900
97075
101300
75150
102540
120250
124040
117500
54775
103875
24785
121350
127485
59195
63750
62650
23750
83625
34715
105200
26955
83185
114295
100935
25765
26530
115990
74600
42850
13975
86035
91090
124640
34465
325
66875
6270
4350
57650
20825
79180
92150
115020
15150
11955
88155
22330
19655
91250
51255
57675
129720
60270
74305
74660
60350
128345
89700
102025
50725
108990
46950
89565
4525
49035
73125
98625
48800
10295
30225
73100
123375
6970
46970
95960
79380
119575
127905
5175
127370
84755
24035
60350
98635
85525
89825
92090
113000
75375
115960
5465
68045
16000
8675
117690
18505
66310
91450
7240
40945
87375
50185
121875
79030
122715
64885
103965
68850
39105
3095
46760
53005
117845
87235
81790
58585
126710
90625
54625
103270
104315
81040
63025
104545
124790
28955
75860
56260
46315
119455
62200
116540
50515
2575
28540
53750
92490
750
82860
53720
117070
17625
54545
106880
78775
84470
99650
109415
48025
123580
116535
125405
96295
112205
56750
60440
112135
61500
4660
28740
26835
76525
13805
8875
77310
42825
14955
70065
12450
123180
46130
26335
15960
37145
71205
62725
23820
10915
30105
11065
78250
59435
42975
130285
100375
95040
100450
20225
19445
14940
79900
96730
82525
33605
75225
28755
54495
19135
44915
7180
15625
65840
76875
32305
24980
13280
12415
75190
46030
13285
121140
100950
24265
117120
127475
56495
71405
66715
115455
121675
121565
15000
88210
15530
62775
82110
4925
15975
102305
127925
86325
125240
9765
7200
65680
39410
11400
114790
60090
24500
13225
127720
34975
114400
57500
77255
12305
92485
1080
84850
92700
31490
9300
11300
82500
52445
115970
71815
24280
125690
50135
127270
111195
16705
70555
15140
103850
68675
76005
72125
7035
40730
92220
17590
27785
102145
58540
68655
130275
21200
49070
96490
92765
125015
31230
39435
119750
69250
34125
4005
31040
42030
91955
123465
95615
48215
48375
46930
90175
63275
28745
94975
43375
110615
93480
22145
32130
37075
10410
43980
760
6500
18655
69150
114785
44395
114040
89985
129990
46550
39360
31580
123660
26660
130890
46640
19770
49805
92645
80345
124125
19680
44105
85850
101150
77500
126475
107875
50250
76400
129600
41925
64780
68925
12145
121900
96450
9305
24685
108430
47310
83675
128500
65720
77025
1265
41400
44035
130110
101380
127495
113610
112685
118670
5775
33255
116530
34600
75400
130685
22875
37380
79605
56130
112040
85615
37630
1090
45100
30525
25715
126300
72090
5565
73125
38105
128865
71885
62500
86755
21790
8425
113900
34375
32470
69945
30915
11725
29775
62860
123450
98025
91500
52645
19580
35150
67445
52500
9010
128880
37680
41015
88875
130070
15545
18080
74830
31965
62255
4550
11310
100850
80500
88400
49745
12915
60775
29705
76920
50720
47375
99835
97475
37845
74015
45950
79990
13605
122120
84290
8105
30445
89730
26990
26175
61140
86220
52640
109980
19950
123110
11775
69500
98375
40685
122205
100795
108920
51350
76330
72520
3590
117795
70805
123335
129620
120070
125345
100470
112075
78100
21290
22520
37815
24245
27900
14150
78000
103540
28375
60730
126250
102690
97175
127900
46350
34090
9510
76510
9315
58615
79275
48870
71850
62490
19835
101600
49030
55750
58940
23075
12910
3615
84715
76755
110345
127075
5375
69600
31945
22100
114295
108225
102305
124045
55485
48700
128860
65475
30950
85325
76895
75550
92355
8415
18705
100230
109775
100785
16525
38910
61280
23320
8750
102115
90275
101060
96760
98355
105385
49575
122450
62725
73875
77260
113280
117700
127865
58620
91735
12625
61605
10405
39560
33725
91515
56040
86645
60710
97970
95200
10900
34900
6965
116990
85030
56820
103525
62575
128425
101065
2815
44620
110675
57140
51520
91645
82670
83800
84465
93550
28955
19590
95360
33945
38910
65390
105990
5770
79850
39820
122690
96005
31405
78690
85990
29035
51075
79345
46700
96390
95025
105665
81205
116575
105995
103285
48305
49915
85505
92165
10835
60735
120525
103415
113830
112825
105970
110290
87150
36220
19600
6480
47770
20160
97800
12750
17275
111120
64345
123260
91840
112285
37825
21175
121955
36490
41585
41075
53000
18525
86245
20050
45750
100875
108170
23115
86320
109740
30050
46735
39650
35140
13195
64805
117995
83640
119220
11315
97325
30840
106185
15155
5510
56915
18545
88400
90790
71015
67775
107715
42060
100810
69795
76535
119095
63865
81770
66075
100925
55310
14225
84780
21375
123805
122875
60830
41530
14990
25295
56125
20495
82500
112875
110010
66275
44875
119385
93500
6695
64925
27670
20225
110775
43750
41575
15995
82935
33055
86175
130570
102395
17015
19845
110955
12395
1550
103675
106845
38595
103880
28300
67440
58690
7470
106740
111540
16125
96540
49835
23280
72970
96445
112520
24030
79965
24380
27485
55700
104735
63135
121150
118955
23150
99230
28775
81370
46015
125520
58800
57080
54930
21550
98810
35200
12760
42685
65000
120765
109030
7020
64120
65335
21850
84090
75340
106485
20320
125575
73875
89295
11975
49060
10340
68785
45525
49935
43365
21785
77725
6635
46395
32030
24015
315
96835
18950
130065
3215
50950
111730
62410
1505
43750
83615
32060
48750
17250
127970
121320
73815
116525
80075
78600
119235
56630
21695
77375
47215
86405
27600
116250
44695
79535
25200
129180
47275
33920
16820
55800
68705
82775
62575
105655
79900
21765
11715
73450
113705
125450
84025
35840
25675
111700
61000
107540
111255
124635
23390
14275
43875
70140
1675
92520
86495
126275
34185
17170
75290
73175
96530
12710
127925
2570
86625
62685
16815
51725
115020
37990
111455
17740
105395
59875
43530
36130
3510
86010
96210
33885
123725
1680
29575
58340
47625
121765
81250
109570
60675
108895
34070
4960
2250
14675
41005
565
39135
7260
16965
76570
73175
2005
107950
53330
64735
83860
95535
18105
79845
54500
116480
83190
114435
41675
30840
4175
76500
110300
80605
38425
110470
26510
41290
33350
72075
128775
32630
90875
41615
850
59775
59710
28675
95080
9380
22075
100955
117070
55650
75315
7500
106745
54740
1975
53575
124040
111065
12405
69000
17735
107475
7845
62390
35275
120415
120740
58330
82155
36660
111495
88585
92635
30455
116125
62575
106810
86525
62000
94930
25375
96825
114875
97965
127550
27100
129995
3230
95200
108370
77165
75485
119035
25065
67775
61475
126015
69605
118930
45150
48425
89340
117475
47600
57375
113225
119145
63430
11100
57160
3895
62685
55605
35670
64355
76950
55025
121025
106555
29630
51465
28775
81990
84825
87065
61135
92045
125805
15100
117125
31285
55245
123350
67175
118840
52460
50730
4900
93620
120480
97270
3620
26775
24360
49050
118875
2895
1945
11550
2075
50235
72000
76825
46305
62010
24490
41150
21515
40500
15440
61990
3800
12730
49830
62735
80160
80555
109965
85045
94490
84875
130450
52525
110640
2375
4155
96900
105715
30125
110
41715
93605
34535
73655
111900
109630
72795
22630
22795
76630
90050
18760
89560
31625
107575
59810
68865
78535
53600
99975
29270
21460
27700
59725
10525
10005
19585
30420
15880
54440
3975
6075
112260
3800
87905
113100
85075
73275
59340
14915
126755
106050
110450
35095
39485
15160
118475
54615
4025
114950
43875
37480
2215
117490
8375
75370
27110
91250
122215
4470
3670
60205
65040
24070
112120
98675
62660
10780
43475
90715
118180
6600
107815
91755
57425
98880
103275
67965
130700
73315
45935
82275
12270
72660
110415
95750
2610
20870
80290
59875
46860
93900
114555
123925
112225
128000
114540
60170
28215
115545
21930
90195
104210
72615
36140
118145
103800
117625
66950
78315
118950
93550
32300
106895
5640
97650
54900
99515
6615
71500
70275
117000
9360
77200
128410
21250
64920
68155
114950
65850
8915
124940
43030
36790
23850
95345
35165
109850
115230
2900
97460
102475
78395
31500
116255
24370
25835
8675
48675
46775
37050
78910
81550
41850
49425
130100
74975
88995
125130
57705
30940
2470
115125
2770
117020
63530
35095
26835
19415
93900
43350
63605
87310
102415
24685
4070
110950
34765
29600
99260
30350
23435
131065
95525
120835
109290
30650
39280
102745
45445
122165
117280
95500
121325
18950
110175
110825
78150
54260
19805
87750
68700
56890
88445
47790
77045
125000
66725
13850
47395
59735
11685
57290
21225
84150
112275
116970
41185
33710
119780
85800
38990
36835
75005
70610
120750
2790
25935
10140
25280
18135
34500
130100
3895
17400
1280
109000
62095
42765
82380
6750
73925
113955
47675
43520
68710
105500
58650
52075
55060
94205
35375
17020
123805
1520
90790
33575
63630
41845
119360
50525
17450
15100
100760
89675
102695
3495
123325
126565
130175
117180
114720
62550
97355
13870
119850
21830
100250
31530
64875
92575
77600
71640
109305
8050
128790
38025
950
115005
115250
66245
108490
62010
73000
22875
55945
93995
15280
48750
124475
74935
128620
52615
34850
76325
72035
60305
13815
12735
87095
112430
68625
64950
6805
42575
13515
27170
50775
57550
104670
105540
18975
92160
108690
124510
116035
39740
69150
61695
18560
10595
71955
47305
72680
98180
45700
127455
54700
115825
43615
24470
37325
94500
77250
111040
105250
38535
79450
30385
54535
122840
115370
111170
13850
90695
108340
43500
107580
84375
117000
95690
98620
94625
37120
124625
14500
130275
26590
86440
73400
129000
3050
52960
126985
6720
36625
32740
82530
46000
118340
92475
79540
54985
78255
29025
48045
118975
99925
5365
45480
64950
114665
90055
81775
68200
95370
113380
43070
45745
57550
8100
127540
3360
83270
81850
44675
29600
93350
78395
12800
6340
76575
13790
102165
88760
108215
71625
41085
57985
80020
53155
95510
41120
46935
123150
27860
46775
64090
69930
22080
24085
26115
500
56765
121655
86290
82500
40155
101975
70430
25335
72590
78105
35725
106695
4530
86235
127550
111495
14885
5800
49305
86560
67135
93045
99325
64450
99055
100790
26900
38325
114280
3125
20490
93870
65265
35130
80370
14000
6840
52110
122645
97320
16550
112530
81460
15875
98880
61000
128240
74440
93765
15460
12530
124035
68790
59225
2675
98805
35700
124565
71505
50355
126020
72235
67475
109570
66415
36455
6775
85260
6070
121955
81200
47090
94980
46975
41395
29125
78935
47115
40810
70575
111250
94910
109650
40675
114725
60775
81750
71135
73740
98390
27575
125500
31605
79125
1315
53250
76000
111050
73050
99715
4975
49660
109075
73850
5160
35825
9375
28710
68505
99170
127575
1100
3205
76015
91475
92525
124960
108235
75610
10625
27185
88625
122085
8820
104365
23065
119170
114905
81110
68240
97555
110625
7560
118130
45645
36825
71120
57350
83375
15670
97175
30045
65095
82645
70125
7685
106125
130105
56380
101530
55040
130850
74665
116550
61820
88440
130155
54870
1325
13470
40190
65480
33900
27945
54700
106475
62100
110625
63870
44760
103280
109875
100360
66330
123875
60770
59455
24875
43685
122735
33850
92155
29440
43195
103930
27305
81925
84845
62825
83685
84190
45425
14060
84125
101875
11415
93030
76415
6000
129950
119005
17300
44175
25635
50300
61900
119750
127500
83250
86390
60475
27430
87970
21000
77815
67715
105175
14210
28495
99435
24125
39150
87335
36220
34890
60460
1085
77475
106085
110155
56730
113730
81300
80205
16275
120375
87200
22130
69270
3825
93790
106005
54760
51075
24090
111600
86645
53390
39900
94435
13775
90265
41615
2445
62125
126675
106170
16785
90625
99165
114240
48255
70050
3125
29000
31530
2875
83850
125955
104015
58610
119370
14705
83480
60000
126125
77635
83645
12075
33550
103075
109065
23100
3090
48625
75240
129535
117655
71630
61440
78275
68335
43680
13875
102445
54720
11660
17490
122395
117815
118355
91760
112500
39440
3065
104620
113710
41650
127675
70555
10925
94735
67780
116215
45875
33525
15375
117525
87000
125425
8495
126595
69195
95605
119575
19590
17875
53970
50175
8150
104135
18525
53035
52215
63165
38015
56225
79075
126460
98750
90150
95140
47525
114625
71675
128985
75595
102760
80000
9780
63685
57350
96375
99385
41495
17165
79700
98455
12100
101790
5705
59620
74745
94245
86565
72710
74625
49075
11775
2535
12900
61940
48925
69635
24760
24115
92615
115410
109855
119695
24315
46205
127350
5080
93020
84050
108500
50140
91890
41870
88345
90175
103950
51855
33835
116650
19175
129980
118335
59850
71875
87770
85005
76650
124750
57810
46200
69520
79830
129525
19300
111995
60155
17125
22125
113575
120675
8680
125460
6150
98705
54905
57325
95455
17625
81910
116250
107275
81180
90165
104365
110800
16750
109280
3480
13890
81985
12845
22920
26105
84950
49275
71865
95055
43075
126650
86125
56715
10800
18455
82825
77740
79565
101000
61540
116125
46190
70740
67690
75370
15450
102040
12385
33545
122320
58630
88485
125610
115120
39475
66700
115600
130900
100710
15265
72000
127575
75000
71695
85915
90490
82430
106190
51925
50765
32980
50970
72850
67140
25250
31150
17885
126000
72710
22780
106120
111450
13430
8905
127150
62250
775
96800
88675
80880
71665
125650
33625
111850
107225
62940
112630
2750
124625
63100
96700
65455
117380
45235
70625
60440
38430
22650
50585
98395
60825
123440
4430
71630
6235
93110
114815
60500
42460
102120
11430
31575
98085
27895
89525
93075
95595
82565
101585
17335
23945
87360
105595
82570
116910
2505
5530
108410
27100
62350
14770
48235
14450
109700
113070
61625
24510
18155
41515
21715
68530
10110
3180
50980
8750
6285
74895
74225
63950
91825
70710
113145
7520
54700
90920
97930
76925
81675
89080
2575
125175
43375
1600
128005
33200
108715
83370
111550
10710
120625
110050
25650
3505
80005
105455
47345
111660
87135
74730
95135
56625
121590
91210
109365
126330
107110
52720
13125
63240
118035
61720
30075
28320
125125
89975
2750
106110
55085
13150
91775
124350
85775
117700
57910
54540
116390
19750
31325
14395
38640
30705
101460
7335
10220
25390
58610
124150
128525
109800
28775
31095
16495
110335
56160
42475
77880
84325
29775
111590
84165
53500
106150
86660
127280
111590
9825
56025
124540
25170
116000
65920
26340
3265
75680
1360
58950
50950
115925
92895
6980
106550
120205
87260
13780
81895
48470
35310
69210
38955
78905
79640
7675
15515
98750
98135
69675
126575
71775
124975
48280
60810
123580
45850
88800
40600
37150
13400
114325
5620
14475
79455
27825
6145
37455
96875
23005
7655
77055
91615
8660
126965
56885
60730
100235
25685
116085
52060
3750
54135
77775
5675
32175
119005
109780
81950
6525
47455
42105
38620
92540
42505
114095
85670
87270
21595
91725
76595
26920
103205
52225
120010
72000
115925
38360
125790
50685
1625
44905
58800
24375
35625
29770
118275
28250
114315
101660
125885
88425
47455
52555
92650
110500
105850
90590
68300
85630
91500
106800
63575
77915
113090
117745
115170
45900
23290
3775
104110
10750
45245
5430
52580
99475
69025
97650
116930
58160
14485
97570
84245
123200
51885
67380
80570
92575
62040
115380
70120
58425
11090
74385
115450
35845
97225
126580
26675
114320
116350
101525
107580
70695
49560
89225
53675
69965
8955
94960
69525
82135
102700
67220
80690
34700
59750
122330
58975
32790
92875
69085
88855
45210
87595
23055
48190
92375
37750
34100
21235
72100
125815
123635
6450
128275
91930
97000
37275
43005
90975
3160
64405
130045
60010
82685
62795
13070
57775
27865
104955
125870
40165
65770
77200
89670
91675
18255
91460
115565
101075
29120
89385
111400
32275
30070
84665
19825
40800
62995
64600
129875
14050
102750
79335
39215
13940
56345
64125
121425
20385
24515
53925
111875
61145
59790
73820
108515
43840
31225
102185
43105
113680
9660
45585
35275
66155
79805
122345
44500
80000
123800
20730
52700
120245
55695
112550
109835
14185
2925
73175
33775
40805
127570
23950
62625
104125
107870
72355
22535
83385
70040
88845
13395
86340
107225
52400
44065
52385
44400
51155
46835
53420
125200
7850
62025
83935
85125
51705
56385
32610
39600
33410
83625
68885
127000
22480
119625
39600
106995
21375
18780
75180
48600
80395
103400
83090
31390
96310
80075
65750
125485
85420
72005
120310
15400
83080
19250
91545
57850
67060
56175
94345
123760
105390
84220
42200
111795
77455
100735
53455
56565
86560
26250
2865
48735
126285
66500
90130
118475
118725
89720
37660
37265
66700
103820
99975
107135
127410
52030
55025
8570
87240
93985
15615
53080
11360
115095
17085
76750
106205
24570
122695
58375
126365
109095
99950
58050
34290
118920
15855
20695
15980
23470
18350
55100
119185
64605
127080
29105
107850
29965
5135
8870
61315
93200
59095
120835
83915
128785
37620
53490
46560
110405
15405
54465
85260
73415
63350
101025
25875
22215
84045
17020
32605
98075
45725
98000
125400
77400
127450
36705
77420
88875
91420
36130
89935
46800
16425
67350
86280
81945
4500
110550
118970
122900
77225
89290
124840
122645
102015
107945
80850
805
47425
95580
105910
10080
14340
121845
119440
72730
80095
94500
44075
106575
57900
104600
32070
17400
125750
128545
129855
66375
68300
91150
40075
27385
51665
47545
99435
71100
19350
45930
68435
86610
105200
84750
128135
115495
68620
119350
24780
50755
17325
7350
101825
96020
29525
3215
29330
6205
23055
118495
18810
46900
105130
6465
71290
120990
128715
47425
80525
130375
130795
50055
9385
119000
116595
46390
77575
119025
78525
120125
47530
81275
24675
75670
37445
74270
118990
82115
112715
84015
52945
84690
36600
123545
109910
35605
101275
115095
27320
47340
94510
122980
84110
30125
76050
7000
125160
13675
18500
122750
32870
59575
21085
41575
109840
46960
116940
62460
33450
72900
71575
129145
88980
46005
28355
7150
65265
1300
39190
52875
43955
108130
122740
6570
39080
63860
67980
122505
96645
122205
101225
101725
39170
41005
61425
9615
71655
33260
37000
85845
123145
6200
108945
89520
57990
123675
56325
68100
72600
25330
76815
47125
4060
130895
101480
5055
12120
3700
67400
120575
50000
85655
37765
35120
61630
73565
42885
1955
24310
117930
104580
42705
70675
80565
55125
113785
71105
17050
6610
25415
89970
4170
33165
18140
48480
119100
53055
84300
7350
1120
45925
119120
57475
113365
19400
37275
52145
72130
122440
104780
4200
93500
57335
97545
70625
7140
23050
27000
30560
52205
113500
126590
63120
2230
9935
86910
109145
47575
85770
83165
16625
113350
126720
43550
113440
123805
61275
95550
81405
119580
84300
80660
100960
117070
112110
25760
43145
58220
15055
117065
22920
2200
41905
98870
56605
120800
129250
50850
40150
124625
750
106790
19490
41285
60215
19985
3415
6810
2375
70325
76760
73475
126395
23980
64250
54910
47500
50
27200
18650
53960
86155
56925
4685
67075
66840
122680
104800
9455
39125
11015
5530
78360
2230
114280
46990
10540
113100
90450
16750
29880
88225
84295
90375
73905
98735
90195
6750
121345
66160
49435
103385
51980
99300
63480
37540
25950
28095
39170
129240
75800
119500
113425
103425
29600
13875
124900
36150
31245
63975
4375
117175
23750
17830
6765
101585
34635
14265
34950
43695
22100
11750
124225
39950
72900
129000
26750
50000
103665
115400
95895
12770
118650
36120
99075
16265
44700
128075
125100
82395
65250
76545
83685
111885
81060
125025
127870
75275
5810
73840
70085
77035
48575
21815
122560
117005
69895
86335
115220
93645
47055
72410
46115
4135
79910
127070
35080
99825
6700
73095
45300
34080
75995
31170
64715
38175
122725
24435
63620
16450
5120
126060
27170
120525
61265
23300
34250
4740
16625
83080
26315
60375
82220
40080
23980
126800
53080
13625
41800
25775
15740
105620
65740
38570
47370
8890
130275
35715
24610
121220
73125
98100
70740
89175
53175
28125
6700
78315
98935
65545
38325
38500
35015
75515
128025
32400
20325
47845
21015
42070
30675
92550
126895
93190
92250
17935
114850
29345
123225
84440
10750
38170
9990
5725
130250
82125
86205
18390
48500
122010
19695
43325
18535
72565
76350
104680
58300
67450
13685
126615
118160
104010
97480
45580
88025
38540
18365
62200
41140
50690
70725
4550
129060
57585
108745
117115
645
31330
117565
19015
43080
93615
11595
112060
123435
112725
7470
84790
95010
36320
101355
103930
106215
29625
129115
125905
126240
79550
118550
36095
2660
100745
53185
111855
120240
72600
67325
60445
43705
63950
60765
60125
63935
67500
15275
89390
15385
25000
970
55185
21900
96370
106235
19640
29480
111940
65680
21645
30370
96075
130695
103365
65250
14800
73225
38115
73145
111545
95700
25050
117350
114600
13630
12070
8460
122200
90155
91955
32595
7180
20530
26505
101895
15810
101025
81520
83850
58250
31650
47570
68475
103100
42535
71405
53040
91000
55585
41800
31585
75760
129385
106100
100025
56450
127240
109770
122175
78130
21245
11115
9475
64550
83075
111825
28600
91265
15145
9925
92450
38695
73640
96580
70350
119740
91680
46620
72835
41775
109370
90570
125400
1750
91615
42350
21725
94470
81605
35180
81275
22010
105515
37230
63040
9875
127715
2285
105910
99145
27800
86350
29970
30910
29370
32895
82875
38125
110220
41180
120820
42370
3670
123385
46125
61225
24395
2665
63970
110035
3240
96940
41195
44615
103385
4320
68655
118765
15710
15755
68395
82100
43790
104880
22640
82155
51960
85290
107880
16610
49040
104170
82590
75535
85175
50555
95625
36700
88540
61725
35565
54165
71890
50730
112290
109730
25135
45415
53225
81125
54835
48225
129840
86880
86715
27530
86125
47195
85640
60640
102125
86610
108875
59350
126380
62590
98425
15860
6395
108075
39335
68875
27940
78550
127325
16770
97725
54210
130900
68250
64150
49665
81760
98035
65760
33275
36780
115325
125475
112545
127890
130375
108405
21450
84950
29500
47675
125560
103345
3330
121280
66100
13000
41440
21910
11335
62565
86620
17770
112195
13140
17440
38220
115700
117540
3810
130930
107290
24080
10790
66225
10080
98345
44020
124435
122870
22360
43200
55660
62865
82045
99400
82650
98825
2420
33605
18810
12425
86035
61000
109760
128700
38500
5525
63800
46935
105360
99810
10735
105825
35325
48685
116525
65605
100975
46740
102895
41320
84975
34825
117850
4715
69900
99680
12165
5215
119225
5325
40425
49195
66175
105205
41705
83925
37005
50845
118645
73945
41660
36225
895
92000
44960
76325
111820
19150
30860
92855
82465
86735
31175
106675
91175
19875
24425
33255
117460
112580
69555
84505
129015
27610
55755
93700
91890
93225
88580
77525
69915
103675
107225
89955
89930
2000
15110
108990
39070
73675
98450
108045
56785
48830
220
4700
115185
115685
87500
31625
36825
97000
71575
42720
85200
54325
29725
3325
100370
13920
129755
46555
67410
112760
11775
116000
90215
38220
26720
67720
36805
108470
43180
120365
105500
114655
119160
36005
87765
106950
60995
66525
18880
31835
68975
81565
123280
43480
16260
44450
124250
100625
84795
86865
19250
16355
42575
71795
31225
13925
17345
41510
1880
72500
50935
129205
1050
82125
109475
20275
58375
9200
62195
81025
5050
125635
124265
46350
84825
109920
96830
5505
44515
87775
127810
102100
116205
61425
15835
17115
28430
8650
43350
25150
113815
115450
98715
105295
126210
15405
73615
76200
96900
38645
130550
120620
22735
66760
25500
81340
94020
44925
12875
39490
90340
107125
27400
32775
45200
40225
63200
114190
21225
106005
17715
50295
48255
63375
85670
121750
32225
113815
101700
97160
31630
87930
96625
71000
54315
71935
72750
105570
33400
102590
83425
8565
52580
32355
64185
118425
37955
76845
107375
103330
34950
480
103295
54375
25675
74150
95300
91935
11740
56500
9450
13465
104505
119340
106375
51380
37095
99860
29500
74885
68125
82375
25370
8390
70300
3400
113255
111115
84515
102815
124325
89405
49955
46045
57435
11690
24845
113100
2200
31640
50185
50970
124600
54375
53670
33685
96870
21235
125475
113300
40165
113100
121665
115525
2060
105950
106385
33245
37450
61975
64350
119335
12185
17530
1485
76440
18400
64485
45020
84150
127425
59050
87960
46710
107175
92815
30960
63590
58380
42400
35595
79150
105810
118750
6915
9660
99050
77380
78715
7845
80480
58955
8445
66145
115585
66300
41900
60600
112180
129725
105960
91890
58835
1500
20385
128340
129270
38585
77625
118075
34475
16990
93865
99455
84125
27235
81555
35305
61890
63400
122225
79430
80615
95825
99375
83700
45935
123500
16350
102625
59260
30150
116810
48430
92920
50905
90950
122475
88500
100490
124315
44715
121970
80600
57400
18215
82650
72935
68375
8285
82615
44975
64655
11125
125930
72140
15875
119925
123270
48210
118150
48555
92100
18605
7200
66570
55120
108370
104875
121925
1285
130970
122170
22875
77675
77995
31420
76750
65600
2835
103825
76230
13300
105455
81905
94385
30110
55380
112570
61320
65510
64100
102345
10685
37695
122635
120470
66585
86255
46275
84450
92570
2840
19325
42815
39415
104890
87390
76150
127225
115930
125060
82750
63140
21390
37385
42700
100535
118795
18825
109150
126150
37035
103995
72115
105405
103950
13440
33975
38400
118285
101615
6935
4340
84990
84975
9400
19725
66950
27315
75625
25950
42200
129255
51500
124870
65460
128925
32815
67100
50015
103700
7945
78055
124420
72050
85620
59970
93250
54450
950
41575
5300
89440
66670
93445
96210
28795
34525
89935
11500
49720
131000
26530
33875
4040
76930
93600
26225
115290
92990
35700
124875
94865
93925
12400
74245
105905
24875
130020
57865
121655
32940
74225
47890
58300
19700
75870
3765
112840
20155
52555
39425
15750
36250
124505
5990
37085
115300
2275
99825
96200
87825
52085
107850
76190
17170
94215
79550
52375
120040
51025
37750
127925
30910
73000
75590
28075
101350
64930
24800
111735
19840
41900
42750
20060
64525
57380
123450
28600
12260
84530
11345
11670
99025
34995
13325
37335
103600
33875
124530
122805
31970
86825
60600
22990
47360
44215
102245
121025
108625
46965
101975
99110
107585
130835
97765
128580
50765
91050
14575
77820
27185
119350
63410
35165
32155
38350
105535
4825
44250
4600
115500
106690
31790
112125
10720
55585
24225
63810
63885
37535
55625
12415
34625
54385
115745
68635
71925
116445
46955
102275
81815
58685
46700
86395
87605
49350
9875
120165
112110
42075
74940
118150
12045
26955
83440
5755
22295
118090
54965
15215
80875
104695
42500
86870
3010
124935
28220
67425
16945
123340
60055
103000
60000
13100
108965
34990
99840
39275
109785
80405
10565
118250
58725
31660
89140
8960
105800
43850
86145
8675
122460
113620
64675
96595
124315
6800
44025
101750
111550
15750
37840
129195
51935
109250
64875
19805
10500
84075
38175
92390
102285
116365
28255
108320
10230
127240
19650
18290
103750
113395
49720
86685
99000
119565
111045
20825
48935
37090
51205
74855
128440
2870
30695
85275
70510
10065
68820
63360
92590
29005
25030
5345
105930
36195
118125
55210
95645
70195
53995
122965
37160
105515
10325
92945
8435
125375
106875
118450
43480
53470
36875
40050
124250
56580
75925
45250
118625
91850
31920
34095
61630
128000
104985
70390
63145
45365
89710
38695
108410
119755
102575
100140
82930
46470
53000
67285
26150
30875
123365
77550
27835
66860
1050
30015
33715
12180
45050
34115
22995
120750
33080
121345
37715
53525
113695
26825
2395
91295
2455
44340
124575
80500
129085
91570
110800
97695
119385
86420
85870
67620
22800
81850
7930
92260
62565
114290
74225
36750
124995
48175
89575
129200
7795
27025
30355
72000
71180
109555
38130
125515
34570
94570
109620
88790
19375
79225
76525
31525
7810
1770
10730
12550
113980
24250
75710
17705
65800
6050
90405
104835
31600
55100
54980
22625
10380
14230
69525
126225
50675
545
108710
103640
89825
117625
49500
88460
105785
16415
21845
17585
28570
94850
37565
105450
103545
31100
15885
128550
104995
110700
78455
129560
58310
124920
3960
103785
82855
120740
74630
97575
47620
8425
107380
116450
59715
78575
81705
92980
118500
89945
74545
98530
86460
28650
30480
350
13535
69035
92460
58860
131020
84100
55060
93685
27475
36870
107325
24175
123875
27990
116605
68135
110675
19950
13455
127755
85570
110465
102100
54375
103125
64680
55195
58975
74000
27345
5100
76310
50330
76010
15
102175
82475
12145
57360
49580
76865
65790
97565
94725
19790
109640
24730
58555
79620
24275
23325
105460
34315
121025
26980
125390
27450
70080
1460
80825
2475
89800
128650
126625
80330
92375
43525
31835
16735
17625
11900
119275
4245
64665
55375
106200
37920
120875
41975
28020
109625
112940
26160
21555
22705
54865
55300
4105
43550
75840
37040
87970
1970
120700
64510
14250
23175
129805
89610
18505
109960
129140
127900
101200
53900
119910
16330
115580
40045
115865
38600
5360
15875
86695
128240
114300
24165
24520
13270
113600
94630
22975
109455
8365
59220
61575
20845
64980
113910
40240
90950
105875
1735
18875
110700
125550
130115
27135
102115
52885
6745
54570
36375
89055
60060
110805
128635
101725
130875
48345
9720
29050
46095
85990
121240
36225
17550
21885
95210
18860
116540
40155
86250
79540
105795
51320
79385
130035
59345
77595
127125
114375
37375
64900
77590
53975
32785
59755
43505
99195
29525
50450
42890
50665
78660
17485
60870
107705
101280
16925
12455
78820
110445
55225
69120
122485
37125
103465
42455
121980
114505
9525
122885
107180
87940
49480
93900
6775
40075
41465
106100
95090
49880
122920
420
23990
33170
65685
2875
31985
129190
98800
42165
124190
97200
113500
119220
28500
53830
89215
28835
47265
97505
56860
75870
104680
102150
78865
37500
123750
110110
4125
111390
81900
116195
1440
52600
126310
65800
56940
107830
15580
38830
94370
81215
103905
545
83315
8995
119825
8480
90380
87995
52500
125625
31555
58550
53275
11425
129415
12075
126520
62210
129415
71450
56210
9360
113970
128025
80305
123850
51040
97980
6910
17635
129475
46935
36590
59625
66450
121200
67385
3495
94590
27690
91750
107250
110185
98350
34525
128125
83265
10750
68505
31030
46030
84350
18660
22265
7790
44705
71475
76790
79125
43765
89625
109675
104705
8240
10445
42525
4960
7080
70505
129030
126325
69400
57650
3990
47395
46580
3045
96950
121580
47125
72740
73460
9355
72040
105120
42325
53500
34370
92800
109475
12600
101635
89260
84575
88565
54495
52265
32750
74370
90380
70480
69725
115850
61875
43560
92890
93460
102675
48575
74620
69140
24225
69750
37460
115045
42500
62295
75695
3195
87050
75840
66815
87390
120845
97635
92905
55365
33405
127390
35940
28280
94375
12665
22215
30300
5370
81365
48850
76760
27840
2825
74445
49770
127655
59700
86375
36865
89705
34215
116270
39055
82205
21775
109095
117540
36635
79595
10775
16250
75325
8650
111025
115985
90530
108700
39785
4750
51750
10480
124335
59150
62480
94825
97500
93065
39260
112380
43630
75250
435
37940
14580
117975
50860
1420
56625
19500
1375
4050
95250
19295
68910
62805
108015
33745
105235
49995
32350
80065
111190
2050
100725
73810
8725
33410
1475
3335
116700
105075
47980
108765
40725
94625
2075
102625
44485
24170
45125
74275
122375
106190
66815
18295
54390
70875
61250
104530
119845
56350
28615
71840
114340
34750
74850
125260
16895
55800
25005
15000
82745
115750
29330
118375
38295
98450
35790
23650
3975
37935
1405
9875
68625
100955
26875
3935
92480
14585
58300
98375
70630
89545
45000
94630
12335
25795
65655
58275
61185
10070
1210
6100
73890
29910
101875
56370
38000
78750
60455
79600
21800
60300
36625
49970
119475
100660
64535
3780
2195
76375
108940
18755
110990
115425
85625
37790
38935
93100
14325
82150
70675
10580
13060
22600
116015
64775
39870
108500
39595
68970
8510
112685
79785
47380
52995
127375
115975
90625
125575
82250
16285
115075
14025
102650
87080
103945
11265
89625
55175
30985
46315
115395
60525
44680
160
16300
124425
114020
64000
38650
128875
106640
62275
1985
49220
24955
6005
15175
116265
60235
12395
78460
125830
59195
20890
34040
62185
29150
63620
82090
73620
96650
78190
47825
805
103825
20935
106910
34885
9865
55010
106290
84450
102330
129610
56645
83975
88395
35485
113160
2375
3000
39375
130575
80230
37875
36895
123620
54490
250
78865
15105
127320
92625
79800
2740
78700
52500
121485
57785
65800
47380
77975
17965
33060
101755
106100
98390
96280
9515
72335
6005
4470
47595
115440
20375
42590
118905
22640
129105
37160
130575
12000
56500
7675
22130
74205
74770
43095
21410
73480
62370
62845
67000
120090
106875
56395
23680
6115
116885
18845
22980
100700
36130
45530
64650
6100
90800
65420
46425
123070
41715
69370
13225
67840
17770
50850
89125
6635
67700
122105
14320
29530
88795
23215
109815
90780
22225
60035
53095
93875
7595
67000
39855
26945
124090
3470
59950
119975
66315
90630
27440
12050
86110
34140
31865
45715
9405
89200
42875
6685
18830
105610
39055
129975
11050
95690
24455
83785
39875
35555
116925
97035
96045
83315
40840
72780
30670
104375
43375
66950
101435
80645
76450
72090
65075
31615
49945
125880
47705
106610
95495
126090
67850
525
107560
109600
2080
56300
122375
115000
13800
60565
15170
124180
89280
61965
76275
119970
12295
4980
28925
99995
125405
18330
15435
83575
14875
116865
66075
83100
54740
107485
4465
76625
63600
30915
104790
84185
9570
94775
129285
122500
31470
36520
76160
9425
124425
17540
3985
103510
34560
103390
34675
66545
104360
38120
129230
11200
74155
37750
83000
73040
120525
116670
121200
16515
88430
113595
50875
26085
18060
28110
102710
97625
20600
81990
108060
98945
113300
116250
13575
11680
34400
97315
82800
63925
41250
32770
116940
3995
90750
21380
107510
108025
109790
48450
80250
26210
64930
120340
101110
26480
48955
86975
38700
84940
11275
8345
54195
71225
4625
20440
102125
17030
51150
32600
68500
46100
106990
46625
9445
2085
14925
118750
19465
57010
55225
99720
110165
108270
18085
8935
21670
33175
29465
129350
2960
51200
4975
106165
124140
116745
46125
68325
74215
83265
95450
41125
22130
85775
116150
13385
38330
129930
30375
73610
96015
38825
26350
94625
115860
56405
75295
85350
107115
112760
54715
33640
130815
16395
105510
96695
7255
20510
129135
94305
66185
96230
18215
78625
109260
112355
51225
18355
111595
40920
29995
108975
94110
28910
129575
8900
71890
110775
73130
86185
740
57410
125625
91995
102935
53795
125910
49350
52400
79510
50820
84340
21885
126100
34905
55790
106265
42915
62635
36215
75795
97075
9075
9575
36960
121520
114950
100875
22450
40500
81640
96210
5300
40195
17875
92720
62835
27745
112675
119550
88190
54175
38410
44850
85875
34150
70165
100400
55830
44390
75555
62125
109275
58320
65325
39400
82925
5375
31505
125060
81360
61165
11140
24055
34430
90845
68240
106760
92610
117975
83635
24450
78445
85835
93850
2745
79085
128125
19950
33025
4695
9315
51975
111735
66770
131000
5625
24125
1250
12300
96270
118635
38875
48375
5385
126530
5860
95735
126095
94475
81810
33195
27935
91510
122145
41400
124905
5425
23200
113670
13715
22415
3705
80035
121875
90105
3750
50435
1375
6540
89585
68590
38795
8125
16990
62080
48425
91090
103545
60015
77695
36700
120725
59650
37125
78830
60205
37645
76155
120765
9500
11800
21140
61170
107825
124505
58825
53845
45305
129515
64295
115460
125350
88250
18725
2750
76300
84375
95615
84415
122345
107625
108270
65800
107105
12540
43010
92700
130875
47975
60160
43895
67875
27855
114335
96830
113915
129430
66520
80030
124005
78975
46285
41380
21165
104100
101500
70015
84850
19570
73640
97075
123340
88055
46730
72515
8340
22460
79800
63245
52195
33510
95250
14725
35625
27220
74575
31895
85140
69255
123370
4105
110985
56050
32770
85160
86945
5570
127290
66850
111425
87335
11585
74580
40635
100675
20970
99110
123610
11100
21975
6630
70605
74160
105570
31475
81875
59575
47675
117045
88730
37185
113545
75185
78100
9030
80490
109365
112425
63025
104180
1720
32270
36300
40945
48425
74615
101495
64695
77265
35255
84470
108525
25040
43405
106450
52080
112895
52200
96820
19725
33565
64925
114150
89190
38570
35715
70585
86425
62530
22485
10260
77135
34670
55425
61595
2385
5100
36470
34210
117385
90205
50670
8630
25500
44520
94155
54660
63740
36020
123880
32975
79210
73085
89160
106650
8210
53265
63895
33360
49975
110370
8275
93085
127980
84075
65335
18325
101130
17065
3695
92395
24325
110580
22535
127160
85640
77130
88375
92890
44175
122685
19575
77500
23780
88935
109880
71045
127550
36635
50145
5435
72925
111310
2875
20675
113250
88770
16075
77040
120505
111765
57865
64110
60875
430
4275
50460
48730
89875
26710
120820
64985
59825
55875
99845
15650
20495
79630
51375
85630
57560
82700
17050
97325
9850
74560
14290
57440
8095
62445
68285
77310
9400
22475
118350
14970
35510
118920
97530
39070
4715
45005
25835
103530
79150
94675
22750
57300
24200
86130
79430
82050
74360
57265
20625
36560
98625
33510
20680
21875
83990
35620
6945
90730
40525
118375
18605
104620
118820
34850
116355
21250
91755
21075
76275
43000
39655
67550
84320
122500
80365
90110
43640
91100
65785
70255
21810
37475
100935
87265
105445
104790
54605
98590
92235
120250
97370
46210
40365
60425
42775
14375
8135
62250
51775
98920
3860
65550
82920
106745
51625
25290
124270
56385
82250
123945
31140
25575
79515
87160
88230
54215
59690
48015
71785
90750
52295
96625
27145
34985
53605
43050
13495
127295
120570
69275
64755
33475
52365
128090
108895
20925
7130
75365
46110
84985
59125
97540
121215
27835
43775
12990
86910
19000
55500
23500
45690
52190
61755
53065
25215
55690
47095
118970
126485
119800
68125
51985
3500
108030
60000
93295
37980
81625
86555
29395
84250
17840
87935
96805
114095
120200
80000
6865
78320
70370
121560
108975
38060
92640
86345
125125
110805
83390
128395
129360
104545
69885
42860
122405
89000
85675
114875
122875
73230
105715
85630
8655
38800
94225
7970
112415
70490
22250
13600
100940
129835
38990
12155
25795
25
129320
13970
26530
127025
97255
130625
83335
84145
125160
27890
101750
103900
126855
30640
22150
44945
110740
115510
105715
58015
33200
39400
40840
71575
47500
116500
36570
1580
21805
124635
56515
34295
18000
47925
97645
3000
80560
5675
26895
91175
109665
59620
44705
48000
2840
1900
26585
66045
52845
78410
122330
114005
82235
128005
77590
87950
54795
58500
50700
64055
119835
57610
127300
1865
77310
51530
125905
15985
20650
86390
42875
40935
48130
96590
108370
7090
13320
79900
15220
7800
88850
60915
93735
2790
99665
76175
61775
110680
103675
86905
89490
118370
44985
52785
70110
46395
40130
72450
1125
5015
40060
37955
119925
260
34935
19545
27925
21900
68855
41420
35060
24105
52010
71750
26475
130670
78980
67235
480
20250
61200
109100
70400
51640
37530
77425
15925
69870
102230
80495
108755
26180
3260
37540
21395
56505
103000
24625
34195
88125
84100
44190
38930
27175
107355
41815
29530
72455
17795
10075
68730
110850
126165
85665
13300
99185
79735
86500
1525
125815
4675
98745
19125
90515
40995
118990
71805
55315
92725
99035
67180
25285
108880
102580
16475
80780
96305
86355
52115
13260
48875
63475
85145
41750
42750
30490
40485
58025
26850
22690
100535
26125
82490
72440
60330
32925
25905
41675
108235
124980
45250
21135
38215
1125
66040
87600
125300
7050
61030
111710
14765
93165
46925
111725
36345
17020
17945
10640
114450
73335
370
78555
30230
127420
84945
70
7500
36500
96920
77005
4635
21040
71325
15710
92095
7215
13600
120120
35590
41780
113285
77460
71500
13950
21865
26875
76855
130150
66250
15430
38000
114175
125905
41135
69045
20385
93100
64475
325
108170
3830
90855
65055
43835
89175
98680
82800
121160
13670
46560
109725
48050
41275
127500
85515
87710
118720
61875
4830
101855
9665
87375
109530
104550
8875
78385
7990
102645
126560
108495
18750
78750
24820
67905
106095
120945
86695
77045
97785
113350
1380
94275
91625
40475
96035
65770
22415
57210
93430
64175
48550
66575
1930
60090
74495
54470
45190
83860
68145
5825
12450
28200
14015
127235
48925
111605
112280
69355
121375
73195
64775
102350
47050
85145
24200
54160
73955
11610
81270
13345
99255
20
79910
48150
4310
82620
42850
59975
110615
69865
114255
37425
40700
35115
39800
125375
100380
50985
105040
119750
58205
630
13875
30600
93995
90870
118290
13625
103175
6500
39275
1980
31390
85530
7680
90900
47670
95090
95920
40950
84975
36425
47920
1110
46625
735
121100
30985
76445
95995
11570
130100
93950
88280
77590
57605
89645
39795
97325
126000
119375
14155
38140
23920
51280
195
39635
128560
101460
90875
24205
3335
114365
102375
69750
114275
66210
111990
123145
18915
9505
51080
58080
109880
101820
93975
97615
35695
116590
110125
114810
94610
127800
51480
59865
34900
62320
66625
27200
115330
73675
116600
113810
39065
86805
112090
23985
90480
74025
84730
13600
87955
67180
101620
114410
89110
24600
90965
18060
34280
130440
74590
98965
36490
72320
57575
57750
76690
103050
70825
120800
25890
73020
9980
97900
63935
25500
28735
53900
56980
114250
81305
124650
60705
27915
27490
87300
118225
5825
74675
16480
77715
90910
86790
14880
89130
97455
24805
87500
14900
85060
48665
114520
117570
15675
55225
74160
79775
88810
65340
77500
30465
38585
55165
104450
107955
67485
120550
51400
6040
127575
93770
110710
14200
92890
25945
126650
17310
24185
129835
45110
63350
55125
23740
101450
12785
18570
65480
111615
43370
46000
29415
49590
48070
30475
12975
96795
93285
103620
5025
118225
106125
17265
119125
27750
40145
104275
21105
79875
130570
5230
78290
60000
128615
64065
7330
80470
9825
6055
38205
119540
128545
63625
109415
92985
36360
80850
14690
85690
97370
58140
79300
42950
6075
27325
43740
121300
44725
97055
57970
81315
103540
825
22280
101870
72235
35760
129535
87320
34215
103230
24145
109625
70905
50175
88295
105175
73460
119240
42410
26520
24755
119125
74085
10810
100430
55500
76025
61025
3130
47350
109930
112440
24600
40825
36075
111745
103900
29265
114925
63535
31965
111605
127250
64880
85250
49365
129915
20535
126875
13690
420
108110
128140
85500
101015
112865
17775
69200
84440
12200
107680
66405
7055
60500
2565
93650
116125
1965
126125
107700
68990
118600
100650
33375
111520
70700
79220
108945
123720
72445
53525
95115
108420
97380
90895
22460
128400
83785
62520
105425
121765
111425
112365
7445
91390
111775
35685
66250
49970
49450
127400
76155
84960
5620
96185
71475
56350
52760
46430
18650
77920
6845
124065
108715
115025
125855
75610
130360
112235
88350
35275
8710
31850
73445
119355
121000
37330
96195
11610
66335
71625
109200
51195
5960
112680
38865
26005
105200
94380
39125
66525
96595
119525
130850
105280
345
84295
34190
68740
89350
127290
66045
19265
86395
105040
108575
54710
6315
31265
11600
100600
9065
75150
7525
58050
103615
89745
45200
49135
83525
18295
29175
43040
9625
101130
1980
46625
47700
2405
27600
11685
107975
105000
124290
118215
60130
29560
5260
61570
53205
116255
23785
100195
10300
7835
66415
1300
55415
72475
19385
82910
25050
67220
124715
96570
84045
125155
1090
18015
73785
39915
20480
62965
5660
95575
14150
63080
114385
71175
47585
106925
185
60900
73275
90565
124500
1295
54845
82465
76060
104945
124175
65155
18000
9245
5625
40525
125970
19605
21575
109855
102300
27365
29640
73865
130225
5855
47875
129625
110055
24595
97710
112750
114185
14730
6360
41255
82475
109340
106345
64770
122175
87855
34830
85250
89150
58930
109605
36475
76675
124480
124780
39810
95515
110700
43210
112755
47125
123625
50235
89775
108750
131005
120225
87000
10825
115000
99430
73420
77955
45760
63645
59600
23435
40705
118890
121975
72770
90875
59205
69870
12605
112125
15685
70305
85345
95930
20625
71920
112375
69000
13985
129155
110625
29485
51010
123665
96300
93450
10375
66480
112095
101935
2925
2225
6815
101760
125375
43525
3835
32915
103650
81070
14325
35810
91535
91040
42250
104415
23770
60680
30695
105200
99790
60680
54390
67705
59465
9510
125520
62750
89305
51470
124660
98190
102800
45000
41245
3780
102325
700
118050
128285
70320
96500
35375
67625
131030
12190
6315
48640
85810
12265
35210
89900
111970
110930
79480
122320
24135
10585
119630
123290
67835
79860
125010
39155
119950
33080
99740
122630
3535
33750
65330
18110
20035
97485
33430
105190
80825
26550
87295
25395
80195
76975
101000
130665
22780
2690
1735
123200
57055
85675
103885
101015
107660
92555
61110
113795
44560
28700
28350
35400
81875
72305
89565
52110
116045
20325
101325
33845
55525
85265
71305
53670
113825
97900
76170
60615
103495
3510
99845
53490
110520
17490
107625
71750
14125
50930
81560
40025
100275
49030
70450
93380
102730
66455
111045
108975
99680
18390
73850
119870
75500
28875
76280
74615
2810
4175
75025
93775
6870
8220
66755
80640
108145
67940
33220
98985
22650
67920
11450
113310
88870
66225
80250
111240
130525
117880
119690
120635
76835
68935
52010
92950
66920
111625
27625
82605
58860
73095
84945
38735
77900
63170
58290
32150
75940
60665
49280
102905
12320
14770
7590
26985
45560
7335
47190
22450
4375
86575
43975
72290
124720
104145
9875
63715
123925
83940
51455
125325
40705
12550
97380
84925
43085
104150
37730
50895
11250
36410
66355
122450
30125
45385
34320
51935
107980
16525
95830
10350
124610
115165
13085
2355
29730
11160
56640
130500
115320
109950
81365
41500
71675
9750
107900
16325
59000
87400
38020
70860
13810
121925
130185
53190
28875
71980
125570
119070
122950
61850
92700
114905
10835
104610
94765
2515
73890
25270
43495
117215
77885
112120
120600
116370
115300
75730
116125
128920
56925
120750
30640
79265
23640
5700
28445
40590
129320
27265
122790
81475
39680
66250
39500
101645
6015
107425
33175
86640
117330
74585
87825
97610
85250
33385
110925
33015
106460
45385
125815
51005
5040
70320
56710
116610
83125
117575
77205
86700
95810
126565
68125
107635
40865
38730
73090
117040
96750
65525
35325
59675
122575
42125
49000
2095
116845
99335
63785
52090
82445
101800
13740
53990
39445
84885
95905
14460
74945
55935
72325
50260
122845
81390
73355
26060
18375
74310
72275
33125
44330
72380
115710
41970
23475
28030
52630
10920
57875
31705
60240
94255
51860
120840
53970
3750
70945
71565
66475
50875
115190
29430
75920
39850
48505
16980
57735
111730
97550
91855
51055
102850
40160
110875
96315
76060
118445
87375
97325
29915
92565
97035
119885
2375
125700
64385
390
16035
47210
89000
87365
32855
29195
70625
23125
20665
9930
79010
10160
37500
112925
96265
27510
42605
50350
53300
130900
126645
21835
99095
54750
83675
48795
58055
69845
65750
124185
111430
4225
63240
83875
85250
84995
82805
6810
35920
115335
76735
50025
40460
120250
53775
1425
47390
23805
80770
77885
54570
49630
80610
105780
28150
62765
53460
53445
91160
68985
102650
100950
2670
89675
105450
71270
28875
55435
114235
78150
129900
33710
17590
117505
87960
122925
71000
64520
122150
66230
40235
31505
27925
14475
9150
58385
56600
1235
70375
8110
35
83680
115670
81000
89120
22925
90465
67660
39970
64375
93875
113590
118875
118900
33750
66860
35445
84910
52825
50725
59200
54060
124800
119025
38155
125930
36720
63350
59285
16225
122150
113395
2075
18855
29585
60655
21355
98530
84875
37120
128025
116090
41755
85880
117295
60280
41280
51580
110530
11500
16200
73100
76425
21770
1690
60775
39500
29875
78855
13575
128130
126855
53180
82495
72980
111225
84540
7565
60285
90865
11940
111640
60885
22300
31110
70210
63500
75620
75025
130980
37025
108665
31290
84935
84515
7915
112300
7175
6615
97125
104380
35425
47895
94160
88775
58665
77865
11750
49675
122850
28525
40535
44725
66875
20085
57620
57355
113055
112915
124615
26475
7990
83500
127730
90475
10895
80185
55160
99270
14480
65750
112825
4250
95530
82525
76530
48750
90955
33390
96410
9485
54665
96875
123310
81880
108550
76585
41965
38100
101180
113770
40000
36965
77790
14730
20735
108245
9085
15075
79175
117260
44680
101500
62785
115925
765
57745
105345
2755
3150
107810
24375
101745
77865
128900
125850
9800
86035
59640
127055
75255
23735
295
51840
104480
117040
9175
71495
52395
77875
57915
130820
46500
96670
18885
2475
43650
53635
16300
85005
8175
49120
96590
48715
124235
45395
74220
101060
95760
16650
81175
9950
61865
103335
54905
1045
83655
70360
3625
109145
75015
55875
70250
2875
17055
75110
5625
56975
100270
3665
87020
55130
110100
126345
77860
98945
59065
43700
99495
105925
70495
85645
11415
112700
75250
9650
121720
125875
78955
50275
86455
32475
119315
15195
130695
16540
15660
52620
7700
27785
127640
96015
91500
59375
79180
38125
19110
43130
72670
130540
64235
70450
45625
121915
3225
9470
114940
39050
130875
13290
51520
75150
104340
72050
50650
130330
10675
103875
16750
7585
122710
48185
20815
22870
68415
14455
67000
17850
39445
81115
122595
72855
45010
59840
120545
122290
98895
130515
102630
65970
98525
40800
81240
69095
55515
3765
49825
22805
91930
69980
113530
86355
75465
58960
121345
103120
11400
103300
81790
73610
16250
89145
88535
2125
73345
12280
120150
120465
99015
58185
13265
67285
126875
65725
104650
124175
89775
66390
88675
71930
55770
117235
124795
78905
4490
70495
37555
102665
115
119755
119480
119280
109575
13115
34540
21195
4620
1165
119250
55920
86825
99855
6120
122265
10875
80525
46025
107175
115250
44005
61260
104040
62725
58925
119160
74250
68805
31740
86435
20915
69150
123870
32640
105625
106710
130685
77890
73110
42400
103965
49255
36090
34960
108220
31540
19350
24750
81790
79465
52810
60560
52495
45960
47860
97220
105650
21925
67135
54690
92375
113890
90730
76965
48730
54795
20255
77570
2725
126950
72270
83025
9020
91455
74195
67620
5620
93160
42610
4425
70195
104665
32670
5840
15200
43300
65615
98620
78870
8230
89240
31025
78480
19085
123095
99100
93675
13920
18740
112545
46160
12295
35485
108875
64150
21620
89225
67320
46170
116765
54215
2925
50500
9000
24135
51750
56200
107085
28670
92285
66310
109850
77995
87190
16835
16590
31355
35000
68890
118955
31320
60400
92185
10945
81950
57255
96960
127520
37070
68145
29315
81390
18750
28225
31560
60795
41440
57255
107035
82205
41910
58555
28700
84115
7680
70900
3855
112070
93475
1155
50850
42255
25155
52475
41635
59955
40055
82565
70250
29295
41530
124665
86290
19335
3170
43235
26360
122870
4615
32885
37825
128955
50455
63750
61950
69305
20580
112490
74525
102280
34375
69045
120090
99240
4245
109525
127125
18555
102730
32005
81950
121210
1130
49760
24760
16125
45815
96875
51935
45750
1625
9655
50465
67650
101825
129155
3890
60335
33625
100625
71295
99385
74655
2910
99105
68750
9435
10685
126600
61380
41000
100945
103065
129885
113420
70030
115200
79475
25210
61950
129450
60885
26250
39050
23250
34000
83775
99930
89730
39825
635
75540
37340
6650
12995
46250
76625
110580
118480
79810
18715
23075
121535
46460
108635
31805
88500
39345
42395
8210
53405
28350
21995
125305
109095
61970
35180
85890
117585
38300
34410
109185
43405
97925
85455
42750
12620
4255
14420
110055
52730
5895
113900
53690
58025
104875
77855
53310
66560
94150
85010
47600
82685
40900
21075
52680
55500
39775
103845
72325
33665
92535
81310
95380
58375
117915
4865
86335
77035
30340
9400
71325
94725
22700
5795
94375
59780
74235
125030
15235
93600
129300
67105
102960
36670
99380
29045
37595
100895
85400
54280
26610
27000
103685
84670
75265
109985
106085
47625
69375
49970
101725
31550
117275
39575
122325
13025
8470
45305
100745
106485
119325
121370
60070
13395
1765
72440
27455
83445
205
124375
70125
43330
35300
1740
129895
33885
113370
37360
53500
11150
108105
8640
19525
54895
96400
112450
55185
130625
105750
35490
23420
13650
30775
7450
84375
18255
17995
56260
127975
94835
110545
41830
16745
35305
107135
95525
53175
53545
130875
109715
102805
24625
109885
1600
64125
57575
107035
51120
116500
30045
93905
22550
29430
104240
57840
39500
27420
114625
85610
87895
3415
108950
2030
68245
99635
64170
41955
24105
103715
10160
36685
108850
23875
24715
35340
48715
77575
21840
104155
23420
97645
107745
127085
101125
129815
115735
103260
17725
128065
11825
60775
107335
128705
44525
82265
62190
120435
102425
86070
129905
73400
36520
120625
115565
290
17725
29380
10110
119045
65095
30455
102990
72655
43365
19450
75020
28400
51900
57520
41375
121385
13125
115050
25900
16170
86565
91175
50195
32315
61145
14735
71325
102310
7330
4855
116440
105060
79595
28060
110470
71590
46700
78460
7095
4945
110475
31650
112575
39350
51635
60930
115470
25080
98225
80010
119475
50625
30945
18555
95655
71100
52105
49675
2375
23300
63555
85710
3870
38425
93750
20625
21495
35325
92250
35230
14185
9485
127990
84365
91345
38525
126880
110445
19735
8405
54275
102650
110970
47525
70840
104050
36700
99845
125640
72665
48405
17400
88110
91865
100320
45410
13240
49645
41585
65330
69310
68735
46325
90665
115515
20420
122325
118880
31525
59670
95085
130005
220
121025
87825
39415
10310
50735
10420
2100
8515
18700
43950
89500
99065
1830
109750
129375
122900
79790
47250
40550
111660
72490
62475
11210
31245
129145
25700
66195
47850
12055
63920
75815
124650
126470
108850
13775
50750
73690
59750
75135
21390
7110
57000
68380
118610
44005
35140
52025
121845
129025
17420
57005
95045
58825
58425
78595
34035
97730
117295
14375
68985
58780
78710
76500
30390
32495
73070
44125
4390
113530
2295
112375
30285
79400
126885
130955
41925
41270
47405
119825
40925
6400
33390
34610
30390
27770
66855
96510
90275
59855
28875
52275
123265
16570
66665
121105
45300
68000
112985
27820
80825
98630
85795
58815
101910
68195
2125
15875
30475
66350
92175
4340
111750
98525
16730
110360
63755
98145
26230
20180
104890
71345
18900
92650
112030
83100
122915
88045
42550
121890
70315
79330
100490
76125
70530
11000
110490
121470
57910
72125
118700
48630
20875
53015
111250
58795
122490
114040
83190
114345
42950
87480
52430
110210
55040
3165
71800
50515
117320
7310
96035
5295
20210
5930
18995
80850
15780
85945
130925
47250
116475
79300
83025
36270
115000
109445
17030
118145
83800
92525
111885
39515
129205
32425
108165
76670
76250
130750
43170
91915
87655
60450
87130
106850
9180
94110
58205
4300
17740
27950
45625
100065
102480
34115
97190
65140
37570
37750
7465
36495
129450
47650
46075
86700
71905
2785
123775
55205
123915
121885
70850
105960
108610
56250
97920
81995
55040
61025
50850
118895
78325
126065
68750
63350
42950
19275
76875
27750
12745
115700
68350
20200
66315
67250
48200
63400
88050
35705
20575
52520
79655
102310
72570
110065
29525
86125
17970
32670
15870
103050
95915
29395
105300
34465
90895
35960
67325
72470
72900
66465
39390
117300
124080
66745
65810
63040
22695
27000
38275
57750
51645
128550
58600
21615
101225
109405
129880
130935
68625
114030
114300
109375
34325
114725
43265
83170
72300
38910
14235
55205
9155
49230
22195
99145
37585
95760
8555
32740
9145
22600
82230
15940
15425
3255
16075
46490
82730
96855
70625
60895
16550
10210
19990
55200
104310
86130
4765
98390
42815
15410
86845
46125
75760
93820
33755
7250
3605
80160
8625
60100
51225
82985
23205
8890
42110
105235
9870
36420
78175
52960
73880
28875
91315
113945
29295
1735
23925
35815
8135
57880
101915
92975
66425
78780
73700
43625
52485
70260
24345
46090
20350
52745
65630
97595
94585
24595
69410
129855
69055
67995
21690
77100
5395
77165
67790
84775
16665
96225
39605
43690
108595
90950
25515
59150
98820
10640
70200
122905
93630
13000
40560
72925
100475
4280
104250
74670
42325
71525
104650
87900
62980
41640
113600
125250
29945
6340
52625
28745
90055
47615
8655
46280
4950
85250
52375
16880
39025
47280
5525
19375
78250
105085
62650
31165
14915
125450
91975
10120
42435
47575
93725
43425
94460
74915
34075
10090
87005
30740
91030
105085
66580
44110
54635
98925
88310
79990
97635
122380
106600
87115
86175
63845
95355
112295
39600
106705
25200
57625
88860
18685
45685
2180
52125
113680
106575
109215
122740
56245
21875
122980
35725
2030
127900
97760
43050
113595
160
3755
15055
60780
99200
114545
129510
50500
8640
83045
121050
14385
102070
52490
28000
71725
39690
5270
65040
76000
13720
40880
67930
51750
109900
14035
71190
116430
33785
44520
105630
121040
74250
67810
121200
94770
47955
68940
88090
23400
111900
86235
2000
46610
56480
54500
108730
128295
48920
16165
25085
23080
94830
114455
86390
34555
7955
110735
58300
111915
39645
68475
116085
8640
25775
110625
15830
16000
86420
106750
49620
14335
80430
80160
102485
24695
63965
94185
10165
4125
3655
14680
25620
100875
75900
5080
5745
30300
65125
53945
58675
98600
110030
46515
83275
44735
75
122250
23745
62590
57305
77220
105900
42780
19610
43625
125665
85390
9220
25890
70925
26915
2110
1095
98535
115370
47450
129315
50905
52300
11990
29285
72465
108775
49805
72625
20150
92125
48255
113215
15020
1600
36800
46675
90700
115950
71685
106950
106550
25465
10415
52155
109375
118880
48275
127255
83230
56865
71350
72205
57700
101630
9240
111800
38385
96900
28320
64675
74875
1345
127205
114540
60500
46580
72425
36405
104025
97670
22525
27740
18655
88145
26000
68300
79120
58875
51945
41190
19800
99980
49695
29115
128150
35980
123325
3785
95875
70700
55220
26525
6395
3850
99605
46630
38475
71080
51960
22640
118890
101650
88120
108355
36230
45635
116795
55675
68875
6655
90845
66770
17975
79375
118075
19275
106275
93975
64360
83405
60775
91115
111450
48070
102155
56675
127155
112520
27955
1920
96650
67620
112420
98215
128070
16285
9920
116575
52815
81630
40405
109730
17425
24060
126030
14030
121260
16865
102320
108750
103615
93905
80680
10220
18245
43070
129340
104530
15205
11460
46510
81320
36930
57450
65820
45425
38855
94875
122170
48595
99700
37420
90630
110070
114220
15750
68695
107245
6410
82065
99525
32170
24925
61200
110715
126545
92425
11280
121380
79885
130250
118510
50260
80450
67775
95320
95490
20095
15970
52555
100750
35760
101180
31325
58450
130600
45250
33940
33495
91255
85255
98960
85270
66030
42210
31615
44535
5430
97865
38525
115820
33970
89210
42785
64990
85850
93350
108325
59750
86780
29625
11475
5205
63265
3410
126655
48965
19775
35695
91200
15485
13740
116535
37615
51010
6575
13040
72030
107585
51900
31900
34445
23220
5715
70170
69255
54995
106270
120200
109525
83190
35595
86890
114255
95805
38475
117090
79440
40330
7025
85480
89505
79325
106635
92480
85200
123365
30995
93985
7620
70640
68875
125375
125805
20375
21795
25930
110135
54225
72625
126225
66990
32335
37565
100625
130790
47075
53055
68850
125000
14775
47325
100280
82410
97190
130890
107700
121690
39830
42025
85280
77275
36265
43575
56125
1080
26045
96560
77235
98140
35200
100125
60635
34730
39950
120395
20560
113585
127460
120875
112050
60340
89720
83355
22675
12850
10870
31745
97085
113050
66300
61225
86155
16035
45590
16475
128675
90125
94135
101025
119520
117525
40075
95135
106130
21765
111825
37310
95430
4560
19665
46875
78130
30650
124520
45525
94215
106395
93920
69845
97920
111300
79550
97815
101625
103775
78265
81315
94635
122385
20540
25000
85125
10870
49545
17225
23495
123090
126775
53565
86550
28270
350
82500
32050
4990
113695
114075
69055
84800
34200
34775
118800
123380
91510
17705
42515
116515
52570
122935
70140
44375
129500
108100
74300
34470
113940
10300
69150
126500
98785
28905
54245
36515
22575
8125
10035
38425
55880
63765
340
83525
113445
31550
8605
111175
118220
67710
118650
112910
87425
79390
11550
19730
94000
53410
93085
71875
91095
9375
77630
36915
45950
72935
95675
32650
109015
50600
19685
9900
84865
50280
109170
127440
27705
87325
111800
122590
48720
89130
52415
41025
109265
73115
108750
35925
115445
76020
53325
27125
39525
2685
116925
76315
121500
20815
82775
40530
89850
96805
39915
15465
76390
85940
129190
130800
66925
20370
88840
29395
38305
42070
127375
470
114150
17570
129670
35395
6060
116540
34800
86875
87405
31755
95300
28395
89555
88645
55375
104455
127020
86875
20945
106075
41370
39700
93090
28375
66405
95425
95785
51530
115320
5405
8580
111350
36715
10620
75775
46595
106500
103350
23075
65025
39300
60265
23405
25045
111580
87015
90160
27095
58915
14165
15430
25500
125880
30375
70390
37520
62150
106190
128970
101745
50005
45735
53315
121025
12275
72240
50900
52900
106140
83565
40590
58150
31555
105125
14305
22000
90955
76375
38580
24800
55665
56385
47330
127850
86890
33420
36425
2900
28705
30665
24950
47690
9975
86275
360
59475
114735
13535
130220
123735
91660
92045
15550
52175
8035
105465
21300
61025
66245
104885
51050
72250
94900
51265
111955
66760
78660
12010
3390
51770
10270
31210
115925
105240
35820
37995
18595
108230
94375
92085
98075
21290
22775
20270
44125
53550
113260
53605
100105
7750
80085
77350
52735
33550
92825
20855
44850
106220
128500
48100
20350
69725
120675
61250
50055
51930
41175
61675
51575
76100
33300
94405
103365
118100
125450
9590
128275
89175
37135
126250
15625
75970
48180
17335
5635
55425
35250
40450
46105
71900
5645
80260
42135
93905
19075
127470
102200
13510
74850
43685
79770
54500
83210
122440
4170
86250
105440
58000
44665
75380
63455
29000
28360
41190
21375
67230
39725
42915
108725
107500
25000
6600
7740
34820
60470
50900
89650
27660
125300
70645
58640
120250
120490
24275
72240
69185
23125
77060
65800
20090
40
80025
21375
45050
108015
27105
54605
94960
59650
52635
45090
10620
124300
39130
43285
87925
103910
18800
130810
6095
74735
127880
49560
22090
96825
117800
29210
11995
92020
65735
113715
375
106965
60410
71840
117585
64530
112340
75845
87250
6965
30610
39085
115880
64850
122150
24890
10240
106855
96210
10625
98120
8235
44700
108705
123010
99830
94715
52590
81460
114000
113500
98300
91025
121620
125345
52165
111985
72425
68305
17145
18525
122210
74395
92915
56250
63140
32200
325
84405
40510
8975
60015
130200
85995
28750
39095
129135
126325
128375
48330
68215
94600
105435
3840
109815
99185
10935
405
77955
15350
14600
76835
113080
27430
39900
16265
42160
44845
25060
21490
56525
44055
27725
24160
113125
46265
111570
41095
127550
78940
19390
123100
78250
10680
12635
80875
124365
675
129125
24265
118420
10475
25745
64065
58625
36895
65645
81700
75200
38005
49320
13250
53595
31375
50340
111090
110920
122945
17455
57000
61960
28245
113135
59950
8725
72595
23315
59725
58900
86095
125875
38885
127440
15205
130
54285
54875
108535
48510
107105
79095
42035
8475
35675
59255
84300
126265
74185
109795
128025
81040
33220
125930
81645
120110
104805
72120
68760
18450
68050
87550
128005
60895
29080
52310
89350
53275
127005
27095
106050
36900
111050
30860
27645
23145
21875
44875
59375
63280
129660
18135
106975
67610
51315
107535
121300
33420
48940
9910
21125
96125
106510
110005
66925
14325
49275
24645
1885
124515
103705
19365
61100
99720
50705
91785
67955
37815
40075
100595
112130
82860
39095
59725
76615
90600
65880
44695
66210
128815
15395
10040
54000
47225
48810
13660
11300
86805
92475
98235
17450
108150
72090
63455
42175
64185
83925
83225
76345
82975
31565
42125
41790
33735
26890
118365
25040
87310
35615
94100
3310
47160
65750
51550
875
10775
34885
66820
106440
6250
90200
117990
109810
115590
123970
47785
23605
40165
44990
10840
68580
13000
72810
66110
77625
47255
124980
20
42820
81085
54355
6955
56430
105170
69125
35650
59825
80775
77705
1225
10240
45325
43675
113100
93030
82075
93100
110625
16540
26920
99925
64625
31765
30405
113260
94750
92565
13135
41640
88250
60700
50185
88990
46475
124095
115725
95275
47880
6985
44000
63230
60630
72810
103965
23680
34975
14620
28905
79480
115815
69025
44195
91200
94575
55425
30525
106500
37985
127475
103690
79145
33355
111880
58920
110495
70340
10600
43275
21515
95960
114150
35390
12625
83270
25755
102590
39620
19325
24500
63375
56150
45980
3805
1135
62000
3970
69300
125775
10180
55575
129005
118500
85070
63225
69815
126495
93935
55025
81425
3825
56880
109755
100120
13775
82220
26175
30800
113160
39405
124040
112845
116650
200
2515
73725
89530
125105
11470
105550
121380
48215
32860
80680
8690
107700
65760
41385
96025
18500
95810
83575
2790
86850
72430
48260
23980
39200
96225
24325
97065
40625
67030
110090
74840
23960
74570
44170
128410
69750
126825
36600
39625
55385
105050
2885
8035
2810
113185
104865
27705
129575
13525
63000
66050
66525
20345
13265
65775
48080
94785
110700
36155
130475
12685
80140
41130
112700
76800
110630
88375
16905
19820
99400
119925
1630
1830
83940
108635
89030
68830
47640
67740
21310
9920
102575
108900
20635
43145
21150
93880
15335
73105
37925
63830
72560
47570
58235
73700
124795
73765
112270
91555
26150
68875
109045
32310
123170
95985
24745
60905
99250
111410
21720
55135
78375
12330
59845
67110
43570
21555
69250
17980
113650
70105
115150
71855
93355
49350
50915
54525
53705
117725
56130
18440
95575
50255
114050
57140
4905
92625
87330
28985
98145
79675
19295
46000
34200
66870
91390
28025
37160
20640
126245
95875
126625
112465
33030
103495
95730
79990
36085
82745
28130
117560
117235
32130
30780
55665
3225
36495
22305
77795
46335
66405
88950
127780
3925
51350
19475
76275
128520
99430
103975
27640
1050
16050
104075
83460
43380
91475
52215
123675
94025
81310
49775
100965
114235
54075
100225
98945
29925
29535
30630
125250
106460
116125
13450
69895
41585
37190
37955
62105
8310
16415
23000
83015
129305
77305
99925
116250
41645
120045
4930
86720
14215
59240
124405
83325
33725
26185
117700
116125
25590
50380
20315
34340
116060
10475
14145
35585
38455
55515
97490
33585
129000
58825
36045
18370
425
9050
41120
69575
91225
31795
65670
59790
81730
111500
130855
67755
30225
41930
97685
96500
55155
68100
116960
116370
91415
126585
41015
76600
3150
113255
78925
118760
8200
2675
61365
111735
123775
19985
120835
51980
30230
83025
22620
55725
28710
25940
83100
45055
32995
84200
124335
82575
23805
6650
57040
15030
85685
75625
113680
35770
46700
41250
129375
40170
117875
37700
86815
39050
62505
11570
12070
28700
126850
26200
126825
9510
82890
69580
130300
124845
8130
25270
89245
39075
70200
7165
105425
17075
57820
13520
59250
71365
120330
18470
6830
32315
49350
111970
38830
53790
6485
102365
47270
83725
30775
27500
43585
40505
50125
71195
32475
11190
89705
20060
84730
115015
42175
34585
6780
3750
3605
116700
36590
1625
15595
47750
128725
55315
86175
62945
44560
69470
116895
103730
38700
26625
83940
11450
32130
59125
100835
76630
78060
51275
55395
112895
10625
119450
21040
8820
34175
106155
86810
57770
12075
91315
19600
86885
130155
56960
24480
10725
38625
52825
1950
44115
64845
47900
9755
54095
28130
29040
114585
86695
35250
55710
112975
106425
98495
45765
59435
66860
71525
49895
114810
54100
21715
3045
128690
48625
43550
103850
90475
95895
25260
23855
27650
37980
77225
63620
92815
120920
36860
98260
73365
57125
69615
84915
113875
85925
125260
71650
50255
38485
6875
72565
62935
81400
40050
108050
48355
62775
36480
119225
22935
86280
78375
55825
7000
23670
31450
108625
130250
66795
2135
74835
61550
29700
88620
56000
77475
26095
68580
34825
119885
101660
125575
6260
74460
4800
111290
44375
110800
83045
18490
14015
121820
32365
79350
13070
117590
25525
18330
74390
87155
29230
68530
82150
3780
1095
3845
4810
59960
53155
106765
88415
103850
127135
61695
64020
67355
103125
87115
27600
95245
18070
34285
80100
68535
5070
110250
75345
115080
22850
1650
102275
96560
35130
56985
34760
58195
54055
124220
86025
23370
51715
94575
45585
71200
71685
108765
53350
127545
20275
19890
64420
14400
124650
1585
72775
105700
95835
60650
82410
119705
80955
80390
59200
66210
830
120245
31505
92055
95155
107330
48795
97645
57870
87475
34860
62265
109150
40140
31625
115670
76060
31645
83700
114440
90240
104375
128260
119535
23345
20820
58380
91940
89025
95485
61915
71775
125265
87455
93425
75075
117020
8150
23185
56400
128235
79460
106970
88735
106200
26475
43945
60320
86430
51890
67545
88575
81525
6400
108360
33160
51050
19585
80595
94670
22250
23025
83835
94725
103575
119545
32625
79350
67190
16780
127000
103305
77775
3125
103740
2540
15500
111450
123100
26905
18910
79750
51320
125645
89075
30930
124710
68690
69675
24355
17495
31030
72945
105350
86080
22345
44585
53865
107705
17225
110300
65300
72530
85695
4020
122825
51300
20175
6800
80695
27455
117760
123660
52925
123640
123675
58390
112050
14520
91870
121500
72135
52925
37620
126165
64595
17485
40880
77615
59530
106225
34525
103800
89855
84050
18825
25050
117170
29070
67295
73750
117155
27385
78810
15910
109810
33125
83050
20985
56900
127020
5325
7105
7450
30750
91315
21950
20225
76745
111350
90300
113150
30
117350
122225
30700
111425
85900
17250
127635
38595
40875
33850
14650
118825
86120
117875
65230
105975
106620
94395
69945
12700
10695
71900
6575
110250
9230
79580
95785
57010
100515
121850
129900
76435
92000
63955
94330
92225
113770
8535
103180
3620
71415
52760
95390
23275
90405
85745
65765
66240
6355
88975
97555
127280
84335
26365
53305
110705
104100
48970
25715
1355
43110
100870
94555
20540
18310
44495
98130
82795
97215
47335
62415
32215
129605
120020
30330
105325
79300
120530
65515
84435
89900
32120
90260
127745
108375
125755
69965
35740
4625
28185
72830
71605
10700
107520
61585
95055
58490
3180
125720
127205
67885
71475
93530
23550
26435
49030
18775
61875
77300
50485
88165
122230
111890
37290
2625
52000
1835
121550
48515
73290
97280
70270
110820
24055
111760
111375
23945
91635
83900
96500
2650
126150
94285
39245
92260
61120
68500
1365
2025
101880
14640
117550
96005
63395
60470
41790
55500
56780
113800
47810
50570
71325
84490
52100
17480
127045
98370
102475
44280
117315
68375
42600
82895
99125
19655
60510
23945
19490
9400
93545
56525
28750
120625
59890
120950
107150
26145
68950
80580
24340
43785
90175
76280
62125
33235
67675
67920
112310
21630
91350
123775
70230
88075
38890
69125
53335
117315
3460
54630
88675
98430
3780
660
26855
6040
29330
2355
112725
70790
97030
44760
86805
83545
61540
64375
140
112885
34840
17030
92520
100595
109005
71095
32850
59460
106660
61345
114755
42060
18920
26785
118675
31855
20650
50165
6090
104960
67120
42500
123670
96510
59280
50075
101875
37395
57425
23185
24200
70940
88550
17065
37000
66870
75865
26680
9815
1375
91050
32570
3865
9875
16030
114650
12745
1575
125480
31615
126250
101885
103910
88940
105705
107825
105970
71625
46030
8650
62750
30725
64150
19405
56540
93260
33825
82140
63880
69550
59020
35075
54320
91010
84230
11440
55515
37795
120630
39755
123495
37850
10510
111425
90850
58905
77825
80560
80205
88530
14535
6445
82930
103510
103145
41675
114720
12805
27755
82850
34450
86205
29440
122065
13625
86800
51740
74315
87460
109740
58875
18810
36980
34720
56250
22885
130625
70315
112225
92970
42200
84100
90370
76775
12785
65600
46500
61350
710
71300
82295
42255
100495
32755
85475
64095
72200
5250
114300
750
82465
58255
21545
44640
105350
123255
124215
24595
84250
48575
72260
63535
7075
45670
82060
40315
